2017-06-15 15:43:23 #twitch-streaming @VyrenGames#3859: $streamset
2017-06-15 15:43:23 #twitch-streaming @Red Magician#9411: ```\n$streamset\n\nStream settings\n\nCommands:\n  autodelete  Toggles automatic notification deletion for streams that go off...\n  mention     Sets mentions for stream alerts\n  twitchtoken Sets the Client-ID for Twitch\n\nType $streamset command for more info on a command.\nYou can also type $streamset category for more info on a category.\n```
2017-06-15 15:43:36 #twitch-streaming @VyrenGames#3859: $twitch
2017-06-15 15:43:36 #twitch-streaming @Red Magician#9411: ```\n$twitch <stream>\n\nChecks if twitch stream is online\n\n```
2017-06-15 15:44:41 #twitch-streaming @VyrenGames#3859: $streamalert twitch
2017-06-15 15:44:41 #twitch-streaming @Red Magician#9411: ```\n$streamalert twitch <stream>\n\nAdds/removes twitch alerts from the current channel\n\n```
2017-06-15 15:44:50 #twitch-streaming @VyrenGames#3859: $streamalert twitch
2017-06-15 15:44:50 #twitch-streaming @Red Magician#9411: ```\n$streamalert twitch <stream>\n\nAdds/removes twitch alerts from the current channel\n\n```
2017-06-15 15:44:57 #twitch-streaming @VyrenGames#3859: $streamalert twitch vyrengames
2017-06-15 15:44:58 #twitch-streaming @Red Magician#9411: Alert activated. I will notify this channel when vyrengames is live.
2017-06-15 15:45:12 #twitch-streaming @VyrenGames#3859: $streamset mention
2017-06-15 15:45:12 #twitch-streaming @Red Magician#9411: ```\n$streamset mention <mention_type>\n\nSets mentions for stream alerts\n\nTypes: everyone, here, none\n\n```
2017-06-15 15:45:19 #twitch-streaming @VyrenGames#3859: $streamset mention everyone
2017-06-15 15:45:19 #twitch-streaming @Red Magician#9411: When a stream is online @​everyone will be mentioned.
2017-06-15 15:48:49 #twitch-streaming @VyrenGames#3859: $addquote
2017-06-15 15:48:49 #twitch-streaming @Red Magician#9411: ```\n$addquote <message> [author]\n\nAdds a quote to the server quote list. The quote must be enclosed\nin "double quotes". If a member mention or name is the last argument,\nthe quote will be stored as theirs. If not, the last argument will\nbe stored as the quote's author. If left empty, "Unknown" is used.\n\n```
2017-06-15 15:49:03 #twitch-streaming @VyrenGames#3859: $quote
2017-06-15 15:49:03 #twitch-streaming @Red Magician#9411: There are no quotes in this server!
2017-06-15 15:49:09 #twitch-streaming @VyrenGames#3859: $addquote "Whatever you say, I'm just over here doin my thing"
2017-06-15 15:49:09 #twitch-streaming @Red Magician#9411: Quote added.
2017-06-15 15:49:13 #twitch-streaming @VyrenGames#3859: $quote
2017-06-15 15:49:13 #twitch-streaming @Red Magician#9411: "Whatever you say, I'm just over here doin my thing"\n—Unknown (quote #1)
2017-06-15 15:50:04 #twitch-streaming @VyrenGames#3859: $help quote
2017-06-15 15:50:04 #twitch-streaming @Red Magician#9411: ```\n$quote [author_or_num]\n\nSay a stored quote!\n\nWithout any arguments, this command randomly selects from all stored\nquotes. If you supply an author name, it randomly selects from among\nthat author's quotes. Finally, if given a number, that specific quote\nwill be said, assuming it exists. Use [p]lsquotes to show all quotes.\n\n```
2017-06-15 22:24:23 #twitch-streaming @VyrenGames#3859: https://docs.google.com/document/d/1cDhuL7t-E9LQzyBarGV4BB91kjYVZKWJ7x1W-2_T3q4/edit?usp=sharing
2017-06-15 22:24:24 #twitch-streaming @VyrenGames#3859 edited message from 2017-06-15 22:24:23 (https://docs.google.com/document/d/1cDhuL7t-E9LQzyBarGV4BB91kjYVZKWJ7x1W-2_T3q4/edit?usp=sharing) to read: https://docs.google.com/document/d/1cDhuL7t-E9LQzyBarGV4BB91kjYVZKWJ7x1W-2_T3q4/edit?usp=sharing
2017-06-15 22:48:00 #twitch-streaming @VyrenGames#3859: $trigger
2017-06-15 22:48:06 #twitch-streaming @VyrenGames#3859: $triggerset
2017-06-15 22:50:57 #twitch-streaming @VyrenGames#3859: $quote
2017-06-15 22:50:57 #twitch-streaming @Red Magician#9411: "Whatever you say, I'm just over here doin my thing"\n—Unknown (quote #1)
2017-06-15 22:51:01 #twitch-streaming @VyrenGames#3859: $quote
2017-06-15 22:51:01 #twitch-streaming @Red Magician#9411: "Whatever you say, I'm just over here doin my thing"\n—Unknown (quote #1)
2017-06-15 22:51:01 #twitch-streaming @VyrenGames#3859: $quote
2017-06-15 22:51:01 #twitch-streaming @Red Magician#9411: "Whatever you say, I'm just over here doin my thing"\n—Unknown (quote #1)
2017-06-15 22:51:03 #twitch-streaming @VyrenGames#3859: $quote$quote
2017-06-15 22:51:03 #twitch-streaming @VyrenGames#3859: $quote
2017-06-15 22:51:03 #twitch-streaming @Red Magician#9411: "Whatever you say, I'm just over here doin my thing"\n—Unknown (quote #1)
2017-06-15 22:51:03 #twitch-streaming @VyrenGames#3859: $quote
2017-06-15 22:51:04 #twitch-streaming @Red Magician#9411: "Whatever you say, I'm just over here doin my thing"\n—Unknown (quote #1)
2017-06-15 22:51:04 #twitch-streaming @VyrenGames#3859: $quote
2017-06-15 22:51:05 #twitch-streaming @Red Magician#9411: "Whatever you say, I'm just over here doin my thing"\n—Unknown (quote #1)
2017-06-15 22:51:05 #twitch-streaming @VyrenGames#3859: $quote
2017-06-15 22:51:05 #twitch-streaming @Red Magician#9411: This command is on cooldown. Try again in 9.84s
2017-06-15 22:51:05 #twitch-streaming @VyrenGames#3859: $quote
2017-06-15 22:51:05 #twitch-streaming @Red Magician#9411: This command is on cooldown. Try again in 9.39s
2017-06-15 22:51:06 #twitch-streaming @VyrenGames#3859: $quote
2017-06-15 22:51:07 #twitch-streaming @VyrenGames#3859: $quote
2017-06-15 22:51:07 #twitch-streaming @VyrenGames#3859: $quote
2017-06-15 22:51:09 #twitch-streaming @Red Magician#9411: This command is on cooldown. Try again in 8.78s
2017-06-15 22:51:09 #twitch-streaming @Red Magician#9411: This command is on cooldown. Try again in 7.34s
2017-06-15 22:51:10 #twitch-streaming @Red Magician#9411: This command is on cooldown. Try again in 7.27s
2017-06-15 22:55:24 #twitch-streaming @VyrenGames#3859: $botstatus
2017-06-15 22:55:28 #twitch-streaming @VyrenGames#3859: $botstats
2017-06-15 22:55:28 #twitch-streaming @Red Magician#9411: ```\n$botstats\n\nDisplay Bot Stats in game status that update every 10 seconds!\n\nCommands:\n  message You can set the way your botstats is set!\n  timeout Decide how often the BotStatus\n  toggle  Turn BotStatus on and off, like a boss\n\nType $botstats command for more info on a command.\nYou can also type $botstats category for more info on a category.\n```
2017-06-15 22:58:56 #twitch-streaming @VyrenGames#3859: $botstats
2017-06-15 22:58:56 #twitch-streaming @Red Magician#9411: ```\n$botstats\n\nDisplay Bot Stats in game status that update every 10 seconds!\n\nCommands:\n  message You can set the way your botstats is set!\n  timeout Decide how often the BotStatus\n  toggle  Turn BotStatus on and off, like a boss\n\nType $botstats command for more info on a command.\nYou can also type $botstats category for more info on a category.\n```
2017-06-15 22:58:57 #twitch-streaming @VyrenGames#3859: $botstats
2017-06-15 22:58:57 #twitch-streaming @Red Magician#9411: ```\n$botstats\n\nDisplay Bot Stats in game status that update every 10 seconds!\n\nCommands:\n  message You can set the way your botstats is set!\n  timeout Decide how often the BotStatus\n  toggle  Turn BotStatus on and off, like a boss\n\nType $botstats command for more info on a command.\nYou can also type $botstats category for more info on a category.\n```
2017-06-15 22:59:00 #twitch-streaming @VyrenGames#3859: $botstats toggle
2017-06-15 22:59:00 #twitch-streaming @Red Magician#9411: The botstats have been turned on!
2017-06-15 23:01:44 #twitch-streaming @VyrenGames#3859: $botstats toggle
2017-06-15 23:01:45 #twitch-streaming @Red Magician#9411: The botstats have been turned off!
2017-06-15 23:01:52 #twitch-streaming @VyrenGames#3859: $botstats toggle
2017-06-15 23:01:52 #twitch-streaming @Red Magician#9411: The botstats have been turned on!
2017-06-15 23:04:11 #twitch-streaming @VyrenGames#3859: $bot
2017-06-15 23:04:16 #twitch-streaming @VyrenGames#3859: $bot status
2017-06-15 23:04:19 #twitch-streaming @VyrenGames#3859: $status
2017-06-15 23:04:25 #twitch-streaming @VyrenGames#3859: $help
2017-06-15 23:05:30 #twitch-streaming @VyrenGames#3859: $rndstatus
2017-06-15 23:05:30 #twitch-streaming @Red Magician#9411: ```\n$rndstatus\n\nCommands:\n  delay Sets interval of random status switch\n  set   Sets Red's random statuses\n\nType $rndstatus command for more info on a command.\nYou can also type $rndstatus category for more info on a category.\n```
2017-06-15 23:05:41 #twitch-streaming @VyrenGames#3859: $rndstatus
2017-06-15 23:05:41 #twitch-streaming @Red Magician#9411: ```\n$rndstatus\n\nCommands:\n  delay Sets interval of random status switch\n  set   Sets Red's random statuses\n\nType $rndstatus command for more info on a command.\nYou can also type $rndstatus category for more info on a category.\n```
2017-06-15 23:05:43 #twitch-streaming @VyrenGames#3859: $rndstatus
2017-06-15 23:05:43 #twitch-streaming @Red Magician#9411: ```\n$rndstatus\n\nCommands:\n  delay Sets interval of random status switch\n  set   Sets Red's random statuses\n\nType $rndstatus command for more info on a command.\nYou can also type $rndstatus category for more info on a category.\n```
2017-06-15 23:05:47 #twitch-streaming @VyrenGames#3859: $rndstatus
2017-06-15 23:05:47 #twitch-streaming @Red Magician#9411: ```\n$rndstatus\n\nCommands:\n  delay Sets interval of random status switch\n  set   Sets Red's random statuses\n\nType $rndstatus command for more info on a command.\nYou can also type $rndstatus category for more info on a category.\n```
2017-06-15 23:05:47 #twitch-streaming @VyrenGames#3859: $rndstatus
2017-06-15 23:05:47 #twitch-streaming @Red Magician#9411: ```\n$rndstatus\n\nCommands:\n  delay Sets interval of random status switch\n  set   Sets Red's random statuses\n\nType $rndstatus command for more info on a command.\nYou can also type $rndstatus category for more info on a category.\n```
2017-06-15 23:05:48 #twitch-streaming @VyrenGames#3859: $rndstatus
2017-06-15 23:05:48 #twitch-streaming @Red Magician#9411: ```\n$rndstatus\n\nCommands:\n  delay Sets interval of random status switch\n  set   Sets Red's random statuses\n\nType $rndstatus command for more info on a command.\nYou can also type $rndstatus category for more info on a category.\n```
2017-06-15 23:05:48 #twitch-streaming @VyrenGames#3859: $rndstatus
2017-06-15 23:05:48 #twitch-streaming @Red Magician#9411: ```\n$rndstatus\n\nCommands:\n  delay Sets interval of random status switch\n  set   Sets Red's random statuses\n\nType $rndstatus command for more info on a command.\nYou can also type $rndstatus category for more info on a category.\n```
2017-06-15 23:05:49 #twitch-streaming @VyrenGames#3859: $rndstatus
2017-06-15 23:05:49 #twitch-streaming @Red Magician#9411: ```\n$rndstatus\n\nCommands:\n  delay Sets interval of random status switch\n  set   Sets Red's random statuses\n\nType $rndstatus command for more info on a command.\nYou can also type $rndstatus category for more info on a category.\n```
2017-06-15 23:05:50 #twitch-streaming @VyrenGames#3859: $rndstatus
2017-06-15 23:05:52 #twitch-streaming @VyrenGames#3859: $rndstatus set
2017-06-15 23:05:53 #twitch-streaming @Red Magician#9411: ```\n$rndstatus\n\nCommands:\n  delay Sets interval of random status switch\n  set   Sets Red's random statuses\n\nType $rndstatus command for more info on a command.\nYou can also type $rndstatus category for more info on a category.\n```
2017-06-15 23:08:40 #twitch-streaming @VyrenGames#3859: $rndstatus set "$help"
2017-06-15 23:08:41 #twitch-streaming @Red Magician#9411: Done. Redo this command with no parameters to see the current list of statuses.
2017-06-15 23:08:45 #twitch-streaming @VyrenGames#3859: $rndstatus set
2017-06-15 23:08:47 #twitch-streaming @VyrenGames#3859: $rndstatus set
2017-06-15 23:08:47 #twitch-streaming @VyrenGames#3859: $rndstatus set
2017-06-15 23:08:48 #twitch-streaming @VyrenGames#3859: $rndstatus set
2017-06-15 23:08:48 #twitch-streaming @VyrenGames#3859: $rndstatus set
2017-06-15 23:08:48 #twitch-streaming @VyrenGames#3859: $rndstatus set
2017-06-15 23:08:51 #twitch-streaming @VyrenGames#3859: $rndstatus set
2017-06-15 23:08:52 #twitch-streaming @VyrenGames#3859: $rndstatus set
2017-06-15 23:08:52 #twitch-streaming @VyrenGames#3859: $rndstatus set
2017-06-15 23:08:52 #twitch-streaming @VyrenGames#3859: $rndstatus set
2017-06-15 23:08:53 #twitch-streaming @VyrenGames#3859: $rndstatus set
2017-06-15 23:08:53 #twitch-streaming @VyrenGames#3859: $rndstatus set
2017-06-15 23:08:54 #twitch-streaming @VyrenGames#3859: $rndstatus set $rndstatus set
2017-06-15 23:08:54 #twitch-streaming @Red Magician#9411: Done. Redo this command with no parameters to see the current list of statuses.
2017-06-15 23:08:55 #twitch-streaming @VyrenGames#3859: $rndstatus set
2017-06-15 23:08:55 #twitch-streaming @VyrenGames#3859: $rndstatus set
2017-06-15 23:08:56 #twitch-streaming @VyrenGames#3859: $rndstatus set
2017-06-15 23:09:01 #twitch-streaming @VyrenGames#3859: $rndstatus set
2017-06-15 23:09:05 #twitch-streaming @VyrenGames#3859: d
2017-06-15 23:09:05 #twitch-streaming @VyrenGames#3859: $rndstatus set
2017-06-15 23:09:10 #twitch-streaming @VyrenGames#3859: $rndstatus set "$help"
2017-06-15 23:09:11 #twitch-streaming @Red Magician#9411: Done. Redo this command with no parameters to see the current list of statuses.
2017-06-15 23:09:19 #twitch-streaming @VyrenGames#3859: $rndstatus set
2017-06-15 23:09:20 #twitch-streaming @VyrenGames#3859: $rndstatus set
2017-06-15 23:09:20 #twitch-streaming @VyrenGames#3859: $rndstatus set
2017-06-15 23:09:21 #twitch-streaming @VyrenGames#3859: $rndstatus set
2017-06-15 23:09:22 #twitch-streaming @VyrenGames#3859: $rndstatus set
2017-06-15 23:12:12 #twitch-streaming @VyrenGames#3859: $cogs
2017-06-15 23:12:12 #twitch-streaming @Red Magician#9411: ```diff\n+ Loaded\nactivitylog, alias, audio, botstats, customcom, datadog, dota, downloader, drawing, duel, economy, fetch, fourinarow, games, general, getfortune, lib_calebj, markov, massdm, mod, mycog, owner, pokedex, reactpoll, redportal, rndstatus, roller, rpsls, serverquotes, steam, streams, survey, sysinfo, trivia, whoplays\n\n- Unloaded\ngamelist, image\n```
2017-06-15 23:12:26 #twitch-streaming @VyrenGames#3859: $cog
2017-06-15 23:12:26 #twitch-streaming @Red Magician#9411: ```\n$cog\n\nAdditional cogs management\n\nCommands:\n  info      Shows info about the specified cog\n  install   Installs specified cog\n  list      Lists installable cogs\n  repo      Repo management commands\n  uninstall Uninstalls a cog\n  update    Updates cogs\n\nType $cog command for more info on a command.\nYou can also type $cog category for more info on a category.\n```
2017-06-15 23:12:40 #twitch-streaming @VyrenGames#3859: $cog ininstall botstats
2017-06-15 23:12:41 #twitch-streaming @Red Magician#9411: ```\n$cog\n\nAdditional cogs management\n\nCommands:\n  info      Shows info about the specified cog\n  install   Installs specified cog\n  list      Lists installable cogs\n  repo      Repo management commands\n  uninstall Uninstalls a cog\n  update    Updates cogs\n\nType $cog command for more info on a command.\nYou can also type $cog category for more info on a category.\n```
2017-06-15 23:12:47 #twitch-streaming @VyrenGames#3859: $cog ininstall botstats
2017-06-15 23:12:47 #twitch-streaming @Red Magician#9411: ```\n$cog\n\nAdditional cogs management\n\nCommands:\n  info      Shows info about the specified cog\n  install   Installs specified cog\n  list      Lists installable cogs\n  repo      Repo management commands\n  uninstall Uninstalls a cog\n  update    Updates cogs\n\nType $cog command for more info on a command.\nYou can also type $cog category for more info on a category.\n```
2017-06-15 23:12:50 #twitch-streaming @VyrenGames#3859: $cog uninstall botstats
2017-06-15 23:12:50 #twitch-streaming @Red Magician#9411: ```\n$cog uninstall <repo_name> <cog>\n\nUninstalls a cog\n\n```
2017-06-15 23:13:09 #twitch-streaming @VyrenGames#3859: $cog info botstats
2017-06-15 23:13:09 #twitch-streaming @Red Magician#9411: That repo does not exist or the information file is missing for that repo.
2017-06-15 23:13:26 #twitch-streaming @VyrenGames#3859: $cog repo
2017-06-15 23:13:26 #twitch-streaming @Red Magician#9411: ```\n$cog repo\n\nRepo management commands\n\nCommands:\n  add    Adds repo to available repo lists\n  remove Removes repo from repo list. COGS ARE NOT REMOVED.\n\nType $repo command for more info on a command.\nYou can also type $repo category for more info on a category.\n```
2017-06-15 23:14:13 #twitch-streaming @VyrenGames#3859: $redp
2017-06-15 23:14:13 #twitch-streaming @Red Magician#9411: ```\n$[redportal|redp]\n\nInteract with cogs.red through your bot\n\nCommands:\n  search Searches for a cog\n\nType $redp command for more info on a command.\nYou can also type $redp category for more info on a category.\n```
2017-06-15 23:14:27 #twitch-streaming @VyrenGames#3859: $redp search botstats
2017-06-15 23:14:27 #twitch-streaming @Red Magician#9411: 
2017-06-15 23:14:27 #twitch-streaming @Red Magician#9411 edited message from 2017-06-15 23:14:27 () to read: 
2017-06-15 23:14:48 #twitch-streaming @Red Magician#9411 edited message from 2017-06-15 23:14:27 () to read: 
2017-06-15 23:14:48 #twitch-streaming @Red Magician#9411 edited message from 2017-06-15 23:14:27 () to read: 
2017-06-15 23:14:51 #twitch-streaming @Red Magician#9411 edited message from 2017-06-15 23:14:27 () to read: 
2017-06-15 23:14:51 #twitch-streaming @Red Magician#9411 edited message from 2017-06-15 23:14:27 () to read: 
2017-06-15 23:14:53 #twitch-streaming @Red Magician#9411 edited message from 2017-06-15 23:14:27 () to read: 
2017-06-15 23:14:53 #twitch-streaming @Red Magician#9411 edited message from 2017-06-15 23:14:27 () to read: 
2017-06-15 23:14:55 #twitch-streaming @Red Magician#9411 deleted message from 2017-06-15 23:14:27 ()
2017-06-15 23:15:03 #twitch-streaming @VyrenGames#3859: $cog install Neko-Cogs botstats
2017-06-15 23:15:03 #twitch-streaming @Red Magician#9411: You just installed **BotStats.py**! \nThe magical world of botstats, allows you to display your stats within the bots status!\n\n**Official Cog Support Server:** https://discord.gg/gcCpwGG
2017-06-15 23:15:03 #twitch-streaming @Red Magician#9411: Installation completed. Load it now? (yes/no)
2017-06-15 23:15:13 #twitch-streaming @VyrenGames#3859: no
2017-06-15 23:15:13 #twitch-streaming @Red Magician#9411: Ok then, you can load it with `$load botstats`
2017-06-15 23:15:20 #twitch-streaming @VyrenGames#3859: $cog uninstall Neko-Cogs botstats
2017-06-15 23:15:20 #twitch-streaming @Red Magician#9411: That cog file doesn't exist. I will not turn off autoloading at start just in case this isn't supposed to happen.
2017-06-15 23:15:20 #twitch-streaming @Red Magician#9411: The cog has been unloaded.
2017-06-15 23:15:20 #twitch-streaming @Red Magician#9411: Cog successfully uninstalled.
2017-06-15 23:15:38 #twitch-streaming @VyrenGames#3859: $cogs
2017-06-15 23:15:39 #twitch-streaming @Red Magician#9411: ```diff\n+ Loaded\nactivitylog, alias, audio, customcom, datadog, dota, downloader, drawing, duel, economy, fetch, fourinarow, games, general, getfortune, lib_calebj, markov, massdm, mod, mycog, owner, pokedex, reactpoll, redportal, rndstatus, roller, rpsls, serverquotes, steam, streams, survey, sysinfo, trivia, whoplays\n\n- Unloaded\ngamelist, image\n```
2017-06-15 23:15:53 #twitch-streaming @VyrenGames#3859: $sysinfo
2017-06-15 23:15:54 #twitch-streaming @Red Magician#9411: ```CPU Count\n	Physical :  2\n	Logical  :  4\n\nCPU Usage\n	Per CPU : [3.0, 4.9, 4.0, 1.0]\n	Overall : 3.2%\n\nCPU Times\n	User   : 24,983\n	System :  2,049\n	Idle   : 65,814\n\nVirtual Memory\n	Total     : 7.7GB\n	Available : 5.4GB\n	Used      : 2.3GB 30.1%\n\nSwap Memory\n	Total : 7.9GB\n	Free  : 7.9GB\n	Used  : 5.0MB 0.1%\n\nOpen File Handles\n	./red.log [a]\n	./data/red/red.log [a]\n	./data/red/discord.log [a]\n	./data/mod/mod.log [a]\n	./data/economy/economy.log [a]\n	./data/fourinarow/fourinarow.log [a]\n	./data/activitylogger/direct/320330336548421634.log [a]\n	./data/activitylogger/257734324839907329/273310297987481600.log [a]\n\nDisk Usage\n	Total : 226.3GB\n	Free  : 167.2GB\n	Used  :  47.6GB 22.2%\n\nNetwork\n	Bytes sent :  99.6MB\n	Bytes recv : 728.3MB\n\nBoot Time\n	2017-06-14 21:03:48```
2017-06-15 23:16:00 #twitch-streaming @VyrenGames#3859: $sysinfo
2017-06-15 23:16:01 #twitch-streaming @VyrenGames#3859: $sysinfo
2017-06-15 23:16:01 #twitch-streaming @VyrenGames#3859: $sysinfo
2017-06-15 23:16:01 #twitch-streaming @Red Magician#9411: ```CPU Count\n	Physical :  2\n	Logical  :  4\n\nCPU Usage\n	Per CPU : [12.5, 14.3, 0.0, 12.5]\n	Overall : 9.8%\n\nCPU Times\n	User   : 24,984\n	System :  2,049\n	Idle   : 65,841\n\nVirtual Memory\n	Total     : 7.7GB\n	Available : 5.4GB\n	Used      : 2.3GB 30.2%\n\nSwap Memory\n	Total : 7.9GB\n	Free  : 7.9GB\n	Used  : 5.0MB 0.1%\n\nOpen File Handles\n	./red.log [a]\n	./data/red/red.log [a]\n	./data/red/discord.log [a]\n	./data/mod/mod.log [a]\n	./data/economy/economy.log [a]\n	./data/fourinarow/fourinarow.log [a]\n	./data/activitylogger/direct/320330336548421634.log [a]\n	./data/activitylogger/257734324839907329/273310297987481600.log [a]\n\nDisk Usage\n	Total : 226.3GB\n	Free  : 167.2GB\n	Used  :  47.6GB 22.2%\n\nNetwork\n	Bytes sent :  99.6MB\n	Bytes recv : 728.4MB\n\nBoot Time\n	2017-06-14 21:03:48```
2017-06-15 23:16:02 #twitch-streaming @VyrenGames#3859: $sysinfo
2017-06-15 23:16:02 #twitch-streaming @Red Magician#9411: ```CPU Count\n	Physical :  2\n	Logical  :  4\n\nCPU Usage\n	Per CPU : [40.0, 100.0, 60.0, 33.3]\n	Overall : 58.3%\n\nCPU Times\n	User   : 24,984\n	System :  2,049\n	Idle   : 65,842\n\nVirtual Memory\n	Total     : 7.7GB\n	Available : 5.4GB\n	Used      : 2.3GB 30.2%\n\nSwap Memory\n	Total : 7.9GB\n	Free  : 7.9GB\n	Used  : 5.0MB 0.1%\n\nOpen File Handles\n	./red.log [a]\n	./data/red/red.log [a]\n	./data/red/discord.log [a]\n	./data/mod/mod.log [a]\n	./data/economy/economy.log [a]\n	./data/fourinarow/fourinarow.log [a]\n	./data/activitylogger/direct/320330336548421634.log [a]\n	./data/activitylogger/257734324839907329/273310297987481600.log [a]\n\nDisk Usage\n	Total : 226.3GB\n	Free  : 167.2GB\n	Used  :  47.6GB 22.2%\n\nNetwork\n	Bytes sent :  99.6MB\n	Bytes recv : 728.4MB\n\nBoot Time\n	2017-06-14 21:03:48```
2017-06-15 23:16:02 #twitch-streaming @Red Magician#9411: ```CPU Count\n	Physical :  2\n	Logical  :  4\n\nCPU Usage\n	Per CPU : [9.1, 14.9, 8.9, 13.0]\n	Overall : 11.5%\n\nCPU Times\n	User   : 24,984\n	System :  2,049\n	Idle   : 65,844\n\nVirtual Memory\n	Total     : 7.7GB\n	Available : 5.4GB\n	Used      : 2.3GB 30.4%\n\nSwap Memory\n	Total : 7.9GB\n	Free  : 7.9GB\n	Used  : 5.0MB 0.1%\n\nOpen File Handles\n	./red.log [a]\n	./data/red/red.log [a]\n	./data/red/discord.log [a]\n	./data/mod/mod.log [a]\n	./data/economy/economy.log [a]\n	./data/fourinarow/fourinarow.log [a]\n	./data/activitylogger/direct/320330336548421634.log [a]\n	./data/activitylogger/257734324839907329/273310297987481600.log [a]\n\nDisk Usage\n	Total : 226.3GB\n	Free  : 167.2GB\n	Used  :  47.6GB 22.2%\n\nNetwork\n	Bytes sent :  99.6MB\n	Bytes recv : 728.4MB\n\nBoot Time\n	2017-06-14 21:03:48```
2017-06-15 23:16:03 #twitch-streaming @Red Magician#9411: ```CPU Count\n	Physical :  2\n	Logical  :  4\n\nCPU Usage\n	Per CPU : [12.0, 10.0, 9.8, 12.2]\n	Overall : 11.0%\n\nCPU Times\n	User   : 24,985\n	System :  2,049\n	Idle   : 65,846\n\nVirtual Memory\n	Total     : 7.7GB\n	Available : 5.4GB\n	Used      : 2.3GB 30.4%\n\nSwap Memory\n	Total : 7.9GB\n	Free  : 7.9GB\n	Used  : 5.0MB 0.1%\n\nOpen File Handles\n	./red.log [a]\n	./data/red/red.log [a]\n	./data/red/discord.log [a]\n	./data/mod/mod.log [a]\n	./data/economy/economy.log [a]\n	./data/fourinarow/fourinarow.log [a]\n	./data/activitylogger/direct/320330336548421634.log [a]\n	./data/activitylogger/257734324839907329/273310297987481600.log [a]\n\nDisk Usage\n	Total : 226.3GB\n	Free  : 167.2GB\n	Used  :  47.6GB 22.2%\n\nNetwork\n	Bytes sent :  99.6MB\n	Bytes recv : 728.4MB\n\nBoot Time\n	2017-06-14 21:03:48```
2017-06-15 23:16:05 #twitch-streaming @VyrenGames#3859: $sysinfo
2017-06-15 23:16:06 #twitch-streaming @VyrenGames#3859: $sysinfo
2017-06-15 23:16:06 #twitch-streaming @Red Magician#9411: ```CPU Count\n	Physical :  2\n	Logical  :  4\n\nCPU Usage\n	Per CPU : [6.5, 0.0, 3.3, 6.5]\n	Overall : 4.1%\n\nCPU Times\n	User   : 24,985\n	System :  2,049\n	Idle   : 65,858\n\nVirtual Memory\n	Total     : 7.7GB\n	Available : 5.4GB\n	Used      : 2.3GB 30.2%\n\nSwap Memory\n	Total : 7.9GB\n	Free  : 7.9GB\n	Used  : 5.0MB 0.1%\n\nOpen File Handles\n	./red.log [a]\n	./data/red/red.log [a]\n	./data/red/discord.log [a]\n	./data/mod/mod.log [a]\n	./data/economy/economy.log [a]\n	./data/fourinarow/fourinarow.log [a]\n	./data/activitylogger/direct/320330336548421634.log [a]\n	./data/activitylogger/257734324839907329/273310297987481600.log [a]\n\nDisk Usage\n	Total : 226.3GB\n	Free  : 167.2GB\n	Used  :  47.6GB 22.2%\n\nNetwork\n	Bytes sent :  99.6MB\n	Bytes recv : 728.4MB\n\nBoot Time\n	2017-06-14 21:03:48```
2017-06-15 23:16:06 #twitch-streaming @VyrenGames#3859: $sysinfo
2017-06-15 23:16:07 #twitch-streaming @VyrenGames#3859: $sysinfo
2017-06-15 23:16:07 #twitch-streaming @Red Magician#9411: ```CPU Count\n	Physical :  2\n	Logical  :  4\n\nCPU Usage\n	Per CPU : [19.4, 19.4, 15.6, 21.2]\n	Overall : 18.9%\n\nCPU Times\n	User   : 24,986\n	System :  2,049\n	Idle   : 65,860\n\nVirtual Memory\n	Total     : 7.7GB\n	Available : 5.4GB\n	Used      : 2.3GB 30.4%\n\nSwap Memory\n	Total : 7.9GB\n	Free  : 7.9GB\n	Used  : 5.0MB 0.1%\n\nOpen File Handles\n	./red.log [a]\n	./data/red/red.log [a]\n	./data/red/discord.log [a]\n	./data/mod/mod.log [a]\n	./data/economy/economy.log [a]\n	./data/fourinarow/fourinarow.log [a]\n	./data/activitylogger/direct/320330336548421634.log [a]\n	./data/activitylogger/257734324839907329/273310297987481600.log [a]\n\nDisk Usage\n	Total : 226.3GB\n	Free  : 167.2GB\n	Used  :  47.6GB 22.2%\n\nNetwork\n	Bytes sent :  99.6MB\n	Bytes recv : 728.4MB\n\nBoot Time\n	2017-06-14 21:03:48```
2017-06-15 23:16:07 #twitch-streaming @Red Magician#9411: ```CPU Count\n	Physical :  2\n	Logical  :  4\n\nCPU Usage\n	Per CPU : [0.0, 7.7, 0.0, 0.0]\n	Overall : 1.9%\n\nCPU Times\n	User   : 24,986\n	System :  2,049\n	Idle   : 65,863\n\nVirtual Memory\n	Total     : 7.7GB\n	Available : 5.4GB\n	Used      : 2.3GB 30.4%\n\nSwap Memory\n	Total : 7.9GB\n	Free  : 7.9GB\n	Used  : 5.0MB 0.1%\n\nOpen File Handles\n	./red.log [a]\n	./data/red/red.log [a]\n	./data/red/discord.log [a]\n	./data/mod/mod.log [a]\n	./data/economy/economy.log [a]\n	./data/fourinarow/fourinarow.log [a]\n	./data/activitylogger/direct/320330336548421634.log [a]\n	./data/activitylogger/257734324839907329/273310297987481600.log [a]\n\nDisk Usage\n	Total : 226.3GB\n	Free  : 167.2GB\n	Used  :  47.6GB 22.2%\n\nNetwork\n	Bytes sent :  99.7MB\n	Bytes recv : 728.4MB\n\nBoot Time\n	2017-06-14 21:03:48```
2017-06-15 23:16:08 #twitch-streaming @Red Magician#9411: ```CPU Count\n	Physical :  2\n	Logical  :  4\n\nCPU Usage\n	Per CPU : [16.3, 12.8, 12.0, 8.2]\n	Overall : 12.3%\n\nCPU Times\n	User   : 24,986\n	System :  2,049\n	Idle   : 65,865\n\nVirtual Memory\n	Total     : 7.7GB\n	Available : 5.4GB\n	Used      : 2.3GB 30.4%\n\nSwap Memory\n	Total : 7.9GB\n	Free  : 7.9GB\n	Used  : 5.0MB 0.1%\n\nOpen File Handles\n	./red.log [a]\n	./data/red/red.log [a]\n	./data/red/discord.log [a]\n	./data/mod/mod.log [a]\n	./data/economy/economy.log [a]\n	./data/fourinarow/fourinarow.log [a]\n	./data/activitylogger/direct/320330336548421634.log [a]\n	./data/activitylogger/257734324839907329/273310297987481600.log [a]\n\nDisk Usage\n	Total : 226.3GB\n	Free  : 167.2GB\n	Used  :  47.6GB 22.2%\n\nNetwork\n	Bytes sent :  99.7MB\n	Bytes recv : 728.4MB\n\nBoot Time\n	2017-06-14 21:03:48```
2017-06-15 23:16:26 #twitch-streaming @VyrenGames#3859: $sysinfo
2017-06-15 23:16:27 #twitch-streaming @Red Magician#9411: ```CPU Count\n	Physical :  2\n	Logical  :  4\n\nCPU Usage\n	Per CPU : [2.0, 2.0, 3.0, 6.9]\n	Overall : 3.5%\n\nCPU Times\n	User   : 24,987\n	System :  2,049\n	Idle   : 65,939\n\nVirtual Memory\n	Total     : 7.7GB\n	Available : 5.4GB\n	Used      : 2.3GB 30.1%\n\nSwap Memory\n	Total : 7.9GB\n	Free  : 7.9GB\n	Used  : 5.0MB 0.1%\n\nOpen File Handles\n	./red.log [a]\n	./data/red/red.log [a]\n	./data/red/discord.log [a]\n	./data/mod/mod.log [a]\n	./data/economy/economy.log [a]\n	./data/fourinarow/fourinarow.log [a]\n	./data/activitylogger/direct/320330336548421634.log [a]\n	./data/activitylogger/257734324839907329/273310297987481600.log [a]\n\nDisk Usage\n	Total : 226.3GB\n	Free  : 167.2GB\n	Used  :  47.6GB 22.2%\n\nNetwork\n	Bytes sent :  99.7MB\n	Bytes recv : 728.5MB\n\nBoot Time\n	2017-06-14 21:03:48```
2017-06-15 23:16:27 #twitch-streaming @VyrenGames#3859: $sysinfo
2017-06-15 23:16:28 #twitch-streaming @VyrenGames#3859: $sysinfo
2017-06-15 23:16:29 #twitch-streaming @Red Magician#9411: ```CPU Count\n	Physical :  2\n	Logical  :  4\n\nCPU Usage\n	Per CPU : [6.1, 3.0, 2.0, 1.0]\n	Overall : 3.0%\n\nCPU Times\n	User   : 24,987\n	System :  2,050\n	Idle   : 65,944\n\nVirtual Memory\n	Total     : 7.7GB\n	Available : 5.4GB\n	Used      : 2.3GB 30.3%\n\nSwap Memory\n	Total : 7.9GB\n	Free  : 7.9GB\n	Used  : 5.0MB 0.1%\n\nOpen File Handles\n	./red.log [a]\n	./data/red/red.log [a]\n	./data/red/discord.log [a]\n	./data/mod/mod.log [a]\n	./data/economy/economy.log [a]\n	./data/fourinarow/fourinarow.log [a]\n	./data/activitylogger/direct/320330336548421634.log [a]\n	./data/activitylogger/257734324839907329/273310297987481600.log [a]\n\nDisk Usage\n	Total : 226.3GB\n	Free  : 167.2GB\n	Used  :  47.6GB 22.2%\n\nNetwork\n	Bytes sent :  99.7MB\n	Bytes recv : 728.5MB\n\nBoot Time\n	2017-06-14 21:03:48```
2017-06-15 23:16:29 #twitch-streaming @VyrenGames#3859: $sysinfo
2017-06-15 23:16:29 #twitch-streaming @Red Magician#9411: ```CPU Count\n	Physical :  2\n	Logical  :  4\n\nCPU Usage\n	Per CPU : [9.1, 6.1, 6.5, 12.5]\n	Overall : 8.6%\n\nCPU Times\n	User   : 24,988\n	System :  2,050\n	Idle   : 65,948\n\nVirtual Memory\n	Total     : 7.7GB\n	Available : 5.4GB\n	Used      : 2.3GB 30.3%\n\nSwap Memory\n	Total : 7.9GB\n	Free  : 7.9GB\n	Used  : 5.0MB 0.1%\n\nOpen File Handles\n	./red.log [a]\n	./data/red/red.log [a]\n	./data/red/discord.log [a]\n	./data/mod/mod.log [a]\n	./data/economy/economy.log [a]\n	./data/fourinarow/fourinarow.log [a]\n	./data/activitylogger/direct/320330336548421634.log [a]\n	./data/activitylogger/257734324839907329/273310297987481600.log [a]\n\nDisk Usage\n	Total : 226.3GB\n	Free  : 167.2GB\n	Used  :  47.6GB 22.2%\n\nNetwork\n	Bytes sent :  99.7MB\n	Bytes recv : 728.5MB\n\nBoot Time\n	2017-06-14 21:03:48```
2017-06-15 23:16:30 #twitch-streaming @Red Magician#9411: ```CPU Count\n	Physical :  2\n	Logical  :  4\n\nCPU Usage\n	Per CPU : [10.6, 22.1, 11.6, 10.4]\n	Overall : 13.7%\n\nCPU Times\n	User   : 24,988\n	System :  2,050\n	Idle   : 65,950\n\nVirtual Memory\n	Total     : 7.7GB\n	Available : 5.4GB\n	Used      : 2.3GB 30.3%\n\nSwap Memory\n	Total : 7.9GB\n	Free  : 7.9GB\n	Used  : 5.0MB 0.1%\n\nOpen File Handles\n	./red.log [a]\n	./data/red/red.log [a]\n	./data/red/discord.log [a]\n	./data/mod/mod.log [a]\n	./data/economy/economy.log [a]\n	./data/fourinarow/fourinarow.log [a]\n	./data/activitylogger/direct/320330336548421634.log [a]\n	./data/activitylogger/257734324839907329/273310297987481600.log [a]\n\nDisk Usage\n	Total : 226.3GB\n	Free  : 167.2GB\n	Used  :  47.6GB 22.2%\n\nNetwork\n	Bytes sent :  99.7MB\n	Bytes recv : 728.5MB\n\nBoot Time\n	2017-06-14 21:03:48```
2017-06-15 23:16:47 #twitch-streaming @VyrenGames#3859: $sysinfo
2017-06-15 23:16:47 #twitch-streaming @VyrenGames#3859: $sysinfo
2017-06-15 23:16:48 #twitch-streaming @VyrenGames#3859: $sysinfo
2017-06-15 23:16:48 #twitch-streaming @Red Magician#9411: ```CPU Count\n	Physical :  2\n	Logical  :  4\n\nCPU Usage\n	Per CPU : [27.8, 23.5, 33.3, 22.2]\n	Overall : 26.7%\n\nCPU Times\n	User   : 24,989\n	System :  2,050\n	Idle   : 66,020\n\nVirtual Memory\n	Total     : 7.7GB\n	Available : 5.4GB\n	Used      : 2.3GB 30.2%\n\nSwap Memory\n	Total : 7.9GB\n	Free  : 7.9GB\n	Used  : 5.0MB 0.1%\n\nOpen File Handles\n	./red.log [a]\n	./data/red/red.log [a]\n	./data/red/discord.log [a]\n	./data/mod/mod.log [a]\n	./data/economy/economy.log [a]\n	./data/fourinarow/fourinarow.log [a]\n	./data/activitylogger/direct/320330336548421634.log [a]\n	./data/activitylogger/257734324839907329/273310297987481600.log [a]\n\nDisk Usage\n	Total : 226.3GB\n	Free  : 167.2GB\n	Used  :  47.6GB 22.2%\n\nNetwork\n	Bytes sent :  99.7MB\n	Bytes recv : 728.5MB\n\nBoot Time\n	2017-06-14 21:03:48```
2017-06-15 23:16:48 #twitch-streaming @VyrenGames#3859: $sysinfo
2017-06-15 23:16:49 #twitch-streaming @Red Magician#9411: ```CPU Count\n	Physical :  2\n	Logical  :  4\n\nCPU Usage\n	Per CPU : [20.0, 27.3, 17.4, 22.7]\n	Overall : 21.8%\n\nCPU Times\n	User   : 24,990\n	System :  2,050\n	Idle   : 66,022\n\nVirtual Memory\n	Total     : 7.7GB\n	Available : 5.4GB\n	Used      : 2.3GB 30.2%\n\nSwap Memory\n	Total : 7.9GB\n	Free  : 7.9GB\n	Used  : 5.0MB 0.1%\n\nOpen File Handles\n	./red.log [a]\n	./data/red/red.log [a]\n	./data/red/discord.log [a]\n	./data/mod/mod.log [a]\n	./data/economy/economy.log [a]\n	./data/fourinarow/fourinarow.log [a]\n	./data/activitylogger/direct/320330336548421634.log [a]\n	./data/activitylogger/257734324839907329/273310297987481600.log [a]\n\nDisk Usage\n	Total : 226.3GB\n	Free  : 167.2GB\n	Used  :  47.6GB 22.2%\n\nNetwork\n	Bytes sent :  99.7MB\n	Bytes recv : 728.5MB\n\nBoot Time\n	2017-06-14 21:03:48```
2017-06-15 23:16:49 #twitch-streaming @VyrenGames#3859: $sysinfo
2017-06-15 23:16:49 #twitch-streaming @Red Magician#9411: ```CPU Count\n	Physical :  2\n	Logical  :  4\n\nCPU Usage\n	Per CPU : [18.5, 15.4, 32.1, 19.2]\n	Overall : 21.3%\n\nCPU Times\n	User   : 24,990\n	System :  2,050\n	Idle   : 66,023\n\nVirtual Memory\n	Total     : 7.7GB\n	Available : 5.4GB\n	Used      : 2.3GB 30.3%\n\nSwap Memory\n	Total : 7.9GB\n	Free  : 7.9GB\n	Used  : 5.0MB 0.1%\n\nOpen File Handles\n	./red.log [a]\n	./data/red/red.log [a]\n	./data/red/discord.log [a]\n	./data/mod/mod.log [a]\n	./data/economy/economy.log [a]\n	./data/fourinarow/fourinarow.log [a]\n	./data/activitylogger/direct/320330336548421634.log [a]\n	./data/activitylogger/257734324839907329/273310297987481600.log [a]\n\nDisk Usage\n	Total : 226.3GB\n	Free  : 167.2GB\n	Used  :  47.6GB 22.2%\n\nNetwork\n	Bytes sent :  99.7MB\n	Bytes recv : 728.5MB\n\nBoot Time\n	2017-06-14 21:03:48```
2017-06-15 23:16:49 #twitch-streaming @VyrenGames#3859: $sysinfo
2017-06-15 23:16:49 #twitch-streaming @Red Magician#9411: ```CPU Count\n	Physical :  2\n	Logical  :  4\n\nCPU Usage\n	Per CPU : [19.2, 14.8, 12.0, 30.8]\n	Overall : 19.2%\n\nCPU Times\n	User   : 24,990\n	System :  2,050\n	Idle   : 66,024\n\nVirtual Memory\n	Total     : 7.7GB\n	Available : 5.4GB\n	Used      : 2.3GB 30.3%\n\nSwap Memory\n	Total : 7.9GB\n	Free  : 7.9GB\n	Used  : 5.0MB 0.1%\n\nOpen File Handles\n	./red.log [a]\n	./data/red/red.log [a]\n	./data/red/discord.log [a]\n	./data/mod/mod.log [a]\n	./data/economy/economy.log [a]\n	./data/fourinarow/fourinarow.log [a]\n	./data/activitylogger/direct/320330336548421634.log [a]\n	./data/activitylogger/257734324839907329/273310297987481600.log [a]\n\nDisk Usage\n	Total : 226.3GB\n	Free  : 167.2GB\n	Used  :  47.6GB 22.2%\n\nNetwork\n	Bytes sent :  99.7MB\n	Bytes recv : 728.5MB\n\nBoot Time\n	2017-06-14 21:03:48```
2017-06-15 23:16:49 #twitch-streaming @VyrenGames#3859: $sysinfo
2017-06-15 23:16:50 #twitch-streaming @Red Magician#9411: ```CPU Count\n	Physical :  2\n	Logical  :  4\n\nCPU Usage\n	Per CPU : [15.4, 25.0, 16.7, 33.3]\n	Overall : 22.6%\n\nCPU Times\n	User   : 24,991\n	System :  2,050\n	Idle   : 66,025\n\nVirtual Memory\n	Total     : 7.7GB\n	Available : 5.4GB\n	Used      : 2.3GB 30.3%\n\nSwap Memory\n	Total : 7.9GB\n	Free  : 7.9GB\n	Used  : 5.0MB 0.1%\n\nOpen File Handles\n	./red.log [a]\n	./data/red/red.log [a]\n	./data/red/discord.log [a]\n	./data/mod/mod.log [a]\n	./data/economy/economy.log [a]\n	./data/fourinarow/fourinarow.log [a]\n	./data/activitylogger/direct/320330336548421634.log [a]\n	./data/activitylogger/257734324839907329/273310297987481600.log [a]\n\nDisk Usage\n	Total : 226.3GB\n	Free  : 167.2GB\n	Used  :  47.6GB 22.2%\n\nNetwork\n	Bytes sent :  99.7MB\n	Bytes recv : 728.5MB\n\nBoot Time\n	2017-06-14 21:03:48```
2017-06-15 23:16:50 #twitch-streaming @VyrenGames#3859: $sysinfo
2017-06-15 23:16:54 #twitch-streaming @Red Magician#9411: ```CPU Count\n	Physical :  2\n	Logical  :  4\n\nCPU Usage\n	Per CPU : [16.7, 31.6, 21.1, 15.8]\n	Overall : 21.3%\n\nCPU Times\n	User   : 24,991\n	System :  2,050\n	Idle   : 66,026\n\nVirtual Memory\n	Total     : 7.7GB\n	Available : 5.4GB\n	Used      : 2.3GB 30.3%\n\nSwap Memory\n	Total : 7.9GB\n	Free  : 7.9GB\n	Used  : 5.0MB 0.1%\n\nOpen File Handles\n	./red.log [a]\n	./data/red/red.log [a]\n	./data/red/discord.log [a]\n	./data/mod/mod.log [a]\n	./data/economy/economy.log [a]\n	./data/fourinarow/fourinarow.log [a]\n	./data/activitylogger/direct/320330336548421634.log [a]\n	./data/activitylogger/257734324839907329/273310297987481600.log [a]\n\nDisk Usage\n	Total : 226.3GB\n	Free  : 167.2GB\n	Used  :  47.6GB 22.2%\n\nNetwork\n	Bytes sent :  99.7MB\n	Bytes recv : 728.5MB\n\nBoot Time\n	2017-06-14 21:03:48```
2017-06-15 23:16:54 #twitch-streaming @Red Magician#9411: ```CPU Count\n	Physical :  2\n	Logical  :  4\n\nCPU Usage\n	Per CPU : [4.1, 4.2, 6.2, 2.2]\n	Overall : 4.2%\n\nCPU Times\n	User   : 24,991\n	System :  2,050\n	Idle   : 66,028\n\nVirtual Memory\n	Total     : 7.7GB\n	Available : 5.4GB\n	Used      : 2.3GB 30.3%\n\nSwap Memory\n	Total : 7.9GB\n	Free  : 7.9GB\n	Used  : 5.0MB 0.1%\n\nOpen File Handles\n	./red.log [a]\n	./data/red/red.log [a]\n	./data/red/discord.log [a]\n	./data/mod/mod.log [a]\n	./data/economy/economy.log [a]\n	./data/fourinarow/fourinarow.log [a]\n	./data/activitylogger/direct/320330336548421634.log [a]\n	./data/activitylogger/257734324839907329/273310297987481600.log [a]\n\nDisk Usage\n	Total : 226.3GB\n	Free  : 167.2GB\n	Used  :  47.6GB 22.2%\n\nNetwork\n	Bytes sent :  99.7MB\n	Bytes recv : 728.5MB\n\nBoot Time\n	2017-06-14 21:03:48```
2017-06-15 23:16:54 #twitch-streaming @Red Magician#9411: ```CPU Count\n	Physical :  2\n	Logical  :  4\n\nCPU Usage\n	Per CPU : [3.0, 0.0, 0.0, 0.0]\n	Overall : 0.8%\n\nCPU Times\n	User   : 24,991\n	System :  2,050\n	Idle   : 66,029\n\nVirtual Memory\n	Total     : 7.7GB\n	Available : 5.4GB\n	Used      : 2.3GB 30.3%\n\nSwap Memory\n	Total : 7.9GB\n	Free  : 7.9GB\n	Used  : 5.0MB 0.1%\n\nOpen File Handles\n	./red.log [a]\n	./data/red/red.log [a]\n	./data/red/discord.log [a]\n	./data/mod/mod.log [a]\n	./data/economy/economy.log [a]\n	./data/fourinarow/fourinarow.log [a]\n	./data/activitylogger/direct/320330336548421634.log [a]\n	./data/activitylogger/257734324839907329/273310297987481600.log [a]\n\nDisk Usage\n	Total : 226.3GB\n	Free  : 167.2GB\n	Used  :  47.6GB 22.2%\n\nNetwork\n	Bytes sent :  99.7MB\n	Bytes recv : 728.5MB\n\nBoot Time\n	2017-06-14 21:03:48```
2017-06-15 23:17:32 #twitch-streaming @VyrenGames#3859: $rndstatus
2017-06-15 23:17:32 #twitch-streaming @Red Magician#9411: ```\n$rndstatus\n\nCommands:\n  delay Sets interval of random status switch\n  set   Sets Red's random statuses\n\nType $rndstatus command for more info on a command.\nYou can also type $rndstatus category for more info on a category.\n```
2017-06-15 23:17:36 #twitch-streaming @VyrenGames#3859: $rndstatus delay
2017-06-15 23:17:36 #twitch-streaming @Red Magician#9411: ```\n$rndstatus delay <seconds>\n\nSets interval of random status switch\n\nMust be 20 or superior.\n\n```
2017-06-15 23:18:12 #twitch-streaming @VyrenGames#3859: $rndstatus
2017-06-15 23:18:12 #twitch-streaming @Red Magician#9411: ```\n$rndstatus\n\nCommands:\n  delay Sets interval of random status switch\n  set   Sets Red's random statuses\n\nType $rndstatus command for more info on a command.\nYou can also type $rndstatus category for more info on a category.\n```
2017-06-15 23:18:16 #twitch-streaming @VyrenGames#3859: $rndstatus delay
2017-06-15 23:18:16 #twitch-streaming @Red Magician#9411: ```\n$rndstatus delay <seconds>\n\nSets interval of random status switch\n\nMust be 5 or superior.\n\n```
2017-06-15 23:18:25 #twitch-streaming @VyrenGames#3859: $rndstatus delay 5
2017-06-15 23:18:25 #twitch-streaming @Red Magician#9411: Interval set to 5
2017-06-15 23:18:32 #twitch-streaming @VyrenGames#3859: $rndstatus delay 4
2017-06-15 23:18:32 #twitch-streaming @Red Magician#9411: ```\n$rndstatus delay <seconds>\n\nSets interval of random status switch\n\nMust be 5 or superior.\n\n```
2017-06-15 23:20:00 #twitch-streaming @VyrenGames#3859: $rndstatus set "$help" "Half-Life 3" "Python"
2017-06-15 23:20:00 #twitch-streaming @Red Magician#9411: Done. Redo this command with no parameters to see the current list of statuses.
2017-06-15 23:20:07 #twitch-streaming @VyrenGames#3859: $rndstatus set
2017-06-15 23:21:48 #twitch-streaming @VyrenGames#3859: $rndstatus set
2017-06-15 23:21:51 #twitch-streaming @VyrenGames#3859: $rndstatus set
2017-06-15 23:21:52 #twitch-streaming @VyrenGames#3859: $rndstatus set
2017-06-15 23:21:52 #twitch-streaming @VyrenGames#3859: $rndstatus set
2017-06-15 23:23:01 #twitch-streaming @VyrenGames#3859: $rndstatus delay 20
2017-06-15 23:23:01 #twitch-streaming @Red Magician#9411: Interval set to 20
2017-06-15 23:23:06 #twitch-streaming @VyrenGames#3859: $stopwatch
2017-06-15 23:23:06 #twitch-streaming @Red Magician#9411: @VyrenGames Stopwatch started!
2017-06-15 23:23:56 #twitch-streaming @VyrenGames#3859: $stopwatch
2017-06-15 23:23:56 #twitch-streaming @Red Magician#9411: @VyrenGames Stopwatch stopped! Time: **0:00:50**
2017-06-15 23:24:02 #twitch-streaming @VyrenGames#3859: $stopwatch
2017-06-15 23:24:02 #twitch-streaming @Red Magician#9411: @VyrenGames Stopwatch started!
2017-06-15 23:24:12 #twitch-streaming @VyrenGames#3859: $stopwatch
2017-06-15 23:24:12 #twitch-streaming @Red Magician#9411: @VyrenGames Stopwatch stopped! Time: **0:00:10**
2017-06-15 23:24:15 #twitch-streaming @VyrenGames#3859: $stopwatch
2017-06-15 23:24:15 #twitch-streaming @Red Magician#9411: @VyrenGames Stopwatch started!
2017-06-15 23:24:26 #twitch-streaming @VyrenGames#3859: $stopwatch
2017-06-15 23:24:26 #twitch-streaming @Red Magician#9411: @VyrenGames Stopwatch stopped! Time: **0:00:12**
2017-06-15 23:24:53 #twitch-streaming @VyrenGames#3859: gfd
2017-06-15 23:24:54 #twitch-streaming @VyrenGames#3859: gdfgdf
2017-06-15 23:24:56 #twitch-streaming @VyrenGames#3859: gfdsgfdsf
2017-06-15 23:24:56 #twitch-streaming @VyrenGames#3859: gfsdgfd
2017-06-15 23:24:57 #twitch-streaming @VyrenGames#3859: sgfd
2017-06-15 23:24:57 #twitch-streaming @VyrenGames#3859: sg
2017-06-15 23:24:58 #twitch-streaming @VyrenGames#3859: fsdg
2017-06-15 23:24:58 #twitch-streaming @VyrenGames#3859: fdsg
2017-06-15 23:24:58 #twitch-streaming @VyrenGames#3859: fd
2017-06-15 23:24:59 #twitch-streaming @VyrenGames#3859: gfd
2017-06-15 23:25:03 #twitch-streaming @VyrenGames#3859: s
2017-06-15 23:25:04 #twitch-streaming @VyrenGames#3859: gfds
2017-06-15 23:25:04 #twitch-streaming @VyrenGames#3859: gfsdgfsd
2017-06-15 23:25:04 #twitch-streaming @VyrenGames#3859: gfsd
2017-06-15 23:25:04 #twitch-streaming @VyrenGames#3859: gf
2017-06-15 23:25:04 #twitch-streaming @VyrenGames#3859: sd
2017-06-15 23:25:06 #twitch-streaming @VyrenGames#3859: gfdsfsdgfsd
2017-06-15 23:25:07 #twitch-streaming @VyrenGames#3859: gfsd
2017-06-15 23:25:07 #twitch-streaming @VyrenGames#3859: gsfd
2017-06-15 23:25:09 #twitch-streaming @VyrenGames#3859: gfsdfsdg
2017-06-15 23:25:14 #twitch-streaming @VyrenGames#3859: hfdhgd
2017-06-15 23:25:14 #twitch-streaming @VyrenGames#3859: hghgd
2017-06-15 23:25:14 #twitch-streaming @VyrenGames#3859: hdg
2017-06-15 23:25:14 #twitch-streaming @VyrenGames#3859: hgddhgf
2017-06-15 23:25:16 #twitch-streaming @VyrenGames#3859: $help
2017-06-15 23:26:23 #twitch-streaming @VyrenGames#3859: gsfdgdfs
2017-06-15 23:26:23 #twitch-streaming @VyrenGames#3859: gfds
2017-06-15 23:26:23 #twitch-streaming @VyrenGames#3859: gfsd
2017-06-15 23:26:23 #twitch-streaming @VyrenGames#3859: gfsd
2017-06-15 23:26:24 #twitch-streaming @VyrenGames#3859: gfsd
2017-06-15 23:26:24 #twitch-streaming @VyrenGames#3859: gfsd
2017-06-15 23:26:25 #twitch-streaming @VyrenGames#3859: gf
2017-06-15 23:26:25 #twitch-streaming @VyrenGames#3859: ds
2017-06-15 23:26:25 #twitch-streaming @VyrenGames#3859: gsfd
2017-06-15 23:26:36 #twitch-streaming @VyrenGames#3859: gfd
2017-06-15 23:26:36 #twitch-streaming @VyrenGames#3859: gfsd
2017-06-15 23:26:36 #twitch-streaming @VyrenGames#3859: g
2017-06-15 23:26:36 #twitch-streaming @VyrenGames#3859: fsd
2017-06-15 23:26:37 #twitch-streaming @VyrenGames#3859: g
2017-06-15 23:26:37 #twitch-streaming @VyrenGames#3859: fds
2017-06-15 23:26:38 #twitch-streaming @VyrenGames#3859: gfsd
2017-06-15 23:26:40 #twitch-streaming @VyrenGames#3859: gfsdg
2017-06-15 23:26:41 #twitch-streaming @VyrenGames#3859: fsdg
2017-06-15 23:26:41 #twitch-streaming @VyrenGames#3859: fsd
2017-06-15 23:26:46 #twitch-streaming @VyrenGames#3859: gfsd
2017-06-15 23:26:46 #twitch-streaming @VyrenGames#3859: gf
2017-06-15 23:26:46 #twitch-streaming @VyrenGames#3859: sd
2017-06-15 23:26:46 #twitch-streaming @VyrenGames#3859: gfds
2017-06-15 23:26:46 #twitch-streaming @VyrenGames#3859: df
2017-06-15 23:26:46 #twitch-streaming @VyrenGames#3859: gfdg
2017-06-15 23:26:46 #twitch-streaming @VyrenGames#3859: fdgfsdgfd
2017-06-15 23:26:47 #twitch-streaming @VyrenGames#3859: gfsd
2017-06-15 23:26:47 #twitch-streaming @VyrenGames#3859: gfsd
2017-06-15 23:26:51 #twitch-streaming @VyrenGames#3859: $help
2017-06-15 23:27:20 #twitch-streaming @VyrenGames#3859: gfs
2017-06-15 23:27:24 #twitch-streaming @VyrenGames#3859: $hel
2017-06-15 23:27:28 #twitch-streaming @VyrenGames#3859: $help
2017-06-15 23:27:29 #twitch-streaming @VyrenGames#3859: $help
2017-06-15 23:27:30 #twitch-streaming @VyrenGames#3859: $help
2017-06-15 23:28:00 #twitch-streaming @VyrenGames#3859: $rndstatus set
2017-06-15 23:28:01 #twitch-streaming @VyrenGames#3859: $rndstatus set
2017-06-15 23:28:02 #twitch-streaming @VyrenGames#3859: $rndstatus set
2017-06-15 23:28:02 #twitch-streaming @VyrenGames#3859: $rndstatus set
2017-06-15 23:28:03 #twitch-streaming @VyrenGames#3859: $rndstatus set
2017-06-15 23:28:04 #twitch-streaming @VyrenGames#3859: $rndstatus set
2017-06-15 23:28:05 #twitch-streaming @VyrenGames#3859: $rndstatus set
2017-06-15 23:28:05 #twitch-streaming @VyrenGames#3859: $rndstatus set
2017-06-15 23:29:06 #twitch-streaming @VyrenGames#3859: $rndstatus set
2017-06-15 23:29:42 #twitch-streaming @VyrenGames#3859: $rndstatus set
2017-06-15 23:30:30 #twitch-streaming @VyrenGames#3859: gfsdgsdf
2017-06-15 23:30:31 #twitch-streaming @Mee6#4876: GG @VyrenGames, you just advanced to **level 17** !
2017-06-16 00:32:46 #twitch-streaming @MuxyBot#0608: **Sabelais** has just followed vyrengames.
2017-06-16 00:32:47 #twitch-streaming @MuxyBot#0608: **TheDaintyDestroyer** has just followed vyrengames.
2017-06-16 00:32:47 #twitch-streaming @MuxyBot#0608: **MissRogue81** has just followed vyrengames.
2017-06-16 00:32:47 #twitch-streaming @MuxyBot#0608: **MetalTechnician** has just followed vyrengames.
2017-06-16 00:32:47 #twitch-streaming @MuxyBot#0608: **discipleof117** has just followed vyrengames.
2017-06-16 00:32:52 #twitch-streaming @MuxyBot#0608: **LyrickGB** has just followed vyrengames.
2017-06-16 00:32:53 #twitch-streaming @MuxyBot#0608: **Tannnahv** has just followed vyrengames.
2017-06-16 00:32:53 #twitch-streaming @MuxyBot#0608: **BlueT1tan** has just followed vyrengames.
2017-06-16 00:32:53 #twitch-streaming @MuxyBot#0608: **Esquire901** has just followed vyrengames.
2017-06-16 00:32:53 #twitch-streaming @MuxyBot#0608: **dennisla1219** has just followed vyrengames.
2017-06-16 00:32:58 #twitch-streaming @MuxyBot#0608: **thatonegirldee** has just followed vyrengames.
2017-06-16 00:32:59 #twitch-streaming @MuxyBot#0608: **Mooredor\_52** has just followed vyrengames.
2017-06-16 00:32:59 #twitch-streaming @MuxyBot#0608: **superdragonacademy** has just followed vyrengames.
2017-06-16 00:32:59 #twitch-streaming @MuxyBot#0608: **aRelaxedMule** has just followed vyrengames.
2017-06-16 00:32:59 #twitch-streaming @MuxyBot#0608: **AdamantArticuno** has just followed vyrengames.
2017-06-16 00:43:35 #twitch-streaming @Red Magician#9411: @​everyone vyrengames is live!
2017-06-16 00:43:36 #twitch-streaming @Red Magician#9411 edited message from 2017-06-16 00:43:35 (@​everyone vyrengames is live!) to read: @​everyone vyrengames is live!
2017-06-16 00:44:14 #twitch-streaming @MuxyBot#0608: @​everyone vyrengames just went live! http://twitch.tv/vyrengames
2017-06-16 00:44:15 #twitch-streaming @MuxyBot#0608 edited message from 2017-06-16 00:44:14 (@​everyone vyrengames just went live! http://twitch.tv/vyrengames) to read: @​everyone vyrengames just went live! http://twitch.tv/vyrengames
2017-06-16 01:52:53 #twitch-streaming @MuxyBot#0608: **crimsonbzd** is hosting vyrengames for **4** viewers!
2017-06-16 03:07:42 #twitch-streaming @Red Magician#9411 deleted message from 2017-06-16 00:43:35 (@​everyone vyrengames is live!)
2017-06-16 03:16:26 #twitch-streaming @MuxyBot#0608: **vyrengames** just went offline, here are their most recent stats.\n*Title*: **[PC] Gunrunning SCIENCE With The Crew**\n*Game*: **Grand Theft Auto V**\n*Duration*: **2h31m59s**\n*Viewers*: Average - **1** High - ** 3**\n*Chatters*: Average - **1** High - ** 2**\n*Followers*: Session - **0** Total - ** 283**
2017-06-20 14:22:51 #twitch-streaming @MuxyBot#0608: **QueenLoca\_** has just followed vyrengames.
2017-06-20 14:22:51 #twitch-streaming @MuxyBot#0608: **xariathefallenx** has just followed vyrengames.
2017-06-20 14:22:51 #twitch-streaming @MuxyBot#0608: **TheDarthMan** has just followed vyrengames.
2017-06-20 14:22:51 #twitch-streaming @MuxyBot#0608: **AbsolutelyRachel** has just followed vyrengames.
2017-06-20 14:22:51 #twitch-streaming @MuxyBot#0608: **Stereorage82** has just followed vyrengames.
2017-06-20 14:22:56 #twitch-streaming @MuxyBot#0608: **WildOnTwitch** has just followed vyrengames.
2017-06-20 14:22:56 #twitch-streaming @MuxyBot#0608: **Bwgna** has just followed vyrengames.
2017-06-22 16:26:37 #twitch-streaming @MuxyBot#0608: **Bemu5edBinkie** has just followed vyrengames.
2017-06-22 16:26:37 #twitch-streaming @MuxyBot#0608: **Kid2ean** has just followed vyrengames.
2017-06-22 16:26:38 #twitch-streaming @MuxyBot#0608: **PupettaNotFound** has just followed vyrengames.
2017-06-22 16:26:38 #twitch-streaming @MuxyBot#0608: **KodiakRampage** has just followed vyrengames.
2017-06-22 16:26:38 #twitch-streaming @MuxyBot#0608: **lee42088teem** has just followed vyrengames.
2017-06-22 17:31:45 #twitch-streaming @Red Magician#9411: @​everyone vyrengames is live!
2017-06-22 17:31:46 #twitch-streaming @Red Magician#9411 edited message from 2017-06-22 17:31:45 (@​everyone vyrengames is live!) to read: @​everyone vyrengames is live!
2017-06-22 17:34:15 #twitch-streaming @MuxyBot#0608: @​everyone vyrengames just went live! http://twitch.tv/vyrengames
2017-06-22 17:34:16 #twitch-streaming @MuxyBot#0608 edited message from 2017-06-22 17:34:15 (@​everyone vyrengames just went live! http://twitch.tv/vyrengames) to read: @​everyone vyrengames just went live! http://twitch.tv/vyrengames
2017-06-22 17:43:45 #twitch-streaming @MuxyBot#0608: **bellagrace17** has just followed vyrengames.
2017-06-22 18:30:19 #twitch-streaming @MuxyBot#0608: **sure\_havocc** has just followed vyrengames.
2017-06-22 18:30:55 #twitch-streaming @MuxyBot#0608: **sure\_havocc** is hosting vyrengames for **0** viewer!
2017-06-22 18:59:55 #twitch-streaming @MuxyBot#0608: **YourCaptainJim** has just followed vyrengames.
2017-06-22 20:41:32 #twitch-streaming @MuxyBot#0608: **vyrengames** just went offline, here are their most recent stats.\n*Title*: **Grand Theft Auto V**\n*Game*: **Grand Theft Auto V**\n*Duration*: **3h7m5s**\n*Viewers*: Average - **4** High - ** 7**\n*Chatters*: Average - **5** High - ** 8**\n*Followers*: Session - **4** Total - ** 298**
2017-07-05 19:02:19 #twitch-streaming @MuxyBot#0608: **LordToede** has just followed vyrengames.
2017-07-05 19:02:19 #twitch-streaming @MuxyBot#0608: **shytecant** has just followed vyrengames.
2017-07-05 19:02:20 #twitch-streaming @MuxyBot#0608: **PamelaVessGaming** has just followed vyrengames.
2017-07-05 19:02:20 #twitch-streaming @MuxyBot#0608: **GUINNESS175** has just followed vyrengames.
2017-07-05 19:02:20 #twitch-streaming @MuxyBot#0608: **ryonee** has just followed vyrengames.
2017-07-05 19:02:25 #twitch-streaming @MuxyBot#0608: **Killerkeller779** has just followed vyrengames.
2017-07-05 19:02:26 #twitch-streaming @MuxyBot#0608: **tonyuncleAL19** has just followed vyrengames.
2017-07-05 19:02:26 #twitch-streaming @MuxyBot#0608: **TheVirginRose** has just followed vyrengames.
2017-07-05 19:02:26 #twitch-streaming @MuxyBot#0608: **macdaddy4744** has just followed vyrengames.
2017-07-05 19:02:26 #twitch-streaming @MuxyBot#0608: **TerriCottaGames** has just followed vyrengames.
2017-07-05 19:02:31 #twitch-streaming @MuxyBot#0608: **HollywoodReap3r** has just followed vyrengames.
2017-07-05 19:02:31 #twitch-streaming @MuxyBot#0608: **SuccessFullyLazy** has just followed vyrengames.
2017-07-05 19:02:31 #twitch-streaming @MuxyBot#0608: **secret\_lady91** has just followed vyrengames.
2017-07-05 19:19:34 #twitch-streaming @Red Magician#9411: @​everyone vyrengames is live!
2017-07-05 19:19:35 #twitch-streaming @Red Magician#9411 edited message from 2017-07-05 19:19:34 (@​everyone vyrengames is live!) to read: @​everyone vyrengames is live!
2017-07-05 19:22:21 #twitch-streaming @MuxyBot#0608: @​everyone vyrengames just went live! http://twitch.tv/vyrengames
2017-07-05 20:28:48 #twitch-streaming @MuxyBot#0608: **ggamiridabest25** has just followed vyrengames.
2017-07-05 21:20:37 #twitch-streaming @MuxyBot#0608: **vyrengames** just went offline, here are their most recent stats.\n*Title*: **All Your Base Are Belong To Me**\n*Game*: **Unturned**\n*Duration*: **1h57m59s**\n*Viewers*: Average - **1** High - ** 5**\n*Chatters*: Average - **2** High - ** 4**\n*Followers*: Session - **1** Total - ** 308**
