2017-07-18 22:28:16 #everyone @VyrenGames#3859: >addwidget
2017-07-18 22:28:16 #everyone @WidgetBot#9092: ​Channel `everyone` in the guild `Bot Testing` has been added. For more information visit https://widgetbot.voakie.com/help/ or type `>help`
2017-07-18 22:28:24 #everyone @VyrenGames#3859: >getwidget
2017-07-18 22:28:24 #everyone @WidgetBot#9092: @VyrenGames, ​I sent you a PM!
2017-07-18 22:29:45 #everyone @VyrenGames#3859: $cleanup everything
2017-07-18 22:29:46 #everyone @Red Magician#9411: ```\n$cleanup\n\nDeletes messages.\n\nCommands:\n  after    Deletes all messages after specified message\n  bot      Cleans up command messages and messages from the bot\n  messages Deletes last X messages.\n  self     Cleans up messages owned by the bot.\n  text     Deletes last X messages matching the specified text.\n  user     Deletes last X messages from specified user.\n\nType $cleanup command for more info on a command.\nYou can also type $cleanup category for more info on a category.\n```
2017-07-18 22:29:51 #everyone @VyrenGames#3859: $cleanup
2017-07-18 22:29:52 #everyone @Red Magician#9411: ```\n$cleanup\n\nDeletes messages.\n\nCommands:\n  after    Deletes all messages after specified message\n  bot      Cleans up command messages and messages from the bot\n  messages Deletes last X messages.\n  self     Cleans up messages owned by the bot.\n  text     Deletes last X messages matching the specified text.\n  user     Deletes last X messages from specified user.\n\nType $cleanup command for more info on a command.\nYou can also type $cleanup category for more info on a category.\n```
2017-07-18 22:30:10 #everyone @VyrenGames#3859: $cleanup messages 1000
2017-07-18 22:30:11 #everyone @VyrenGames#3859 deleted message from 2017-07-18 22:28:16 (>addwidget)
2017-07-18 22:30:11 #everyone @WidgetBot#9092 deleted message from 2017-07-18 22:28:16 (​Channel `everyone` in the guild `Bot Testing` has been added. For more information visit https://widgetbot.voakie.com/help/ or type `>help`)
2017-07-18 22:30:11 #everyone @VyrenGames#3859 deleted message from 2017-07-18 22:28:24 (>getwidget)
2017-07-18 22:30:11 #everyone @WidgetBot#9092 deleted message from 2017-07-18 22:28:24 (@VyrenGames, ​I sent you a PM!)
2017-07-18 22:30:11 #everyone @VyrenGames#3859 deleted message from 2017-07-18 22:29:45 ($cleanup everything)
2017-07-18 22:30:11 #everyone @Red Magician#9411 deleted message from 2017-07-18 22:29:46 (```\n$cleanup\n\nDeletes messages.\n\nCommands:\n  after    Deletes all messages after specified message\n  bot      Cleans up command messages and messages from the bot\n  messages Deletes last X messages.\n  self     Cleans up messages owned by the bot.\n  text     Deletes last X messages matching the specified text.\n  user     Deletes last X messages from specified user.\n\nType $cleanup command for more info on a command.\nYou can also type $cleanup category for more info on a category.\n```)
2017-07-18 22:30:11 #everyone @VyrenGames#3859 deleted message from 2017-07-18 22:29:51 ($cleanup)
2017-07-18 22:30:11 #everyone @Red Magician#9411 deleted message from 2017-07-18 22:29:52 (```\n$cleanup\n\nDeletes messages.\n\nCommands:\n  after    Deletes all messages after specified message\n  bot      Cleans up command messages and messages from the bot\n  messages Deletes last X messages.\n  self     Cleans up messages owned by the bot.\n  text     Deletes last X messages matching the specified text.\n  user     Deletes last X messages from specified user.\n\nType $cleanup command for more info on a command.\nYou can also type $cleanup category for more info on a category.\n```)
2017-07-18 22:30:11 #everyone @VyrenGames#3859 deleted message from 2017-07-18 22:30:10 ($cleanup messages 1000)
2017-07-18 22:36:05 #everyone @VyrenGames#3859: Mr. Doe sends his regards.
2017-07-18 22:53:38 #everyone @John Bread#0000: d\nd\nd\nd\nd\ndd\ndddd\nd\n\nd\ndd\nd\nd\nd\n\ndd\nd\nd\nd\nd\nd\nd\nd\nd\nd\nd\nd\nd\nd
2017-07-18 22:53:46 #everyone @John Bread#0000 deleted message from 2017-07-18 22:53:38 (d\nd\nd\nd\nd\ndd\ndddd\nd\n\nd\ndd\nd\nd\nd\n\ndd\nd\nd\nd\nd\nd\nd\nd\nd\nd\nd\nd\nd\nd)
2017-07-18 22:55:22 #everyone @John Bread#0000: fgfd g  fdg fd g fdgfdgfdgfdg\ndfg\nfdgfdg\nfdg\nfd\ng\nfdgdfg
2017-07-18 22:55:28 #everyone @John Bread#0000 deleted message from 2017-07-18 22:55:22 (fgfd g  fdg fd g fdgfdgfdgfdg\ndfg\nfdgfdg\nfdg\nfd\ng\nfdgdfg)
2017-07-18 23:01:58 #everyone @John Bread#0000: xxxx
2017-07-18 23:02:31 #everyone @VyrenGames#3859: love you too hun ❤
2017-07-19 12:59:43 #everyone @John Bread#0000: Test
2017-07-19 13:01:05 #everyone @Test#0000: test
2017-07-19 17:08:48 #everyone @VyrenGames#3859: Test indeed
2017-07-19 17:20:53 #everyone @VyrenGames#3859 edited message from 2017-07-19 17:08:48 (Test indeed) to read: Test successful
2017-07-20 23:18:12 #john-bread @John Bread#0000: NIGGER
2017-07-20 23:18:12 #john-bread @John Bread#0000 edited message from 2017-07-20 23:18:12 (NIGGER) to read: NIGGER
2017-07-20 23:20:08 #john-bread @John Bread#0000: z
2017-07-20 23:20:10 #john-bread @John Bread#0000: z
2017-07-20 23:20:13 #john-bread @John Bread#0000: z
2017-07-20 23:20:15 #john-bread @John Bread#0000: z
2017-07-20 23:20:16 #john-bread @John Bread#0000: Z
2017-07-20 23:20:16 #john-bread @John Bread#0000: ZZ
2017-07-20 23:20:17 #john-bread @John Bread#0000: Z\nZ\nZ\nZ
2017-07-20 23:20:20 #john-bread @John Bread#0000: Z\nZ\n
2017-07-20 23:21:16 #john-bread @John Bread#0000: aaa
2017-07-21 01:47:39 #john-bread @VyrenGames#3859: Wow
2017-07-21 01:47:41 #john-bread @VyrenGames#3859: Rude
2017-07-21 17:19:13 #john-bread @John Bread#0000: kk\n
2017-07-21 19:01:29 #john-bread @VyrenGames#3859: See? At least someone here agrees with me 😂
2017-07-21 19:01:37 #john-bread @VyrenGames#3859 edited message from 2017-07-21 19:01:29 (See? At least someone here agrees with me 😂) to read: See? At least someone here agrees with me.
2017-07-21 19:01:39 #john-bread @VyrenGames#3859: 😂
2017-07-25 13:09:47 #john-bread @John Bread#0000: Hey
2017-07-25 13:09:48 #john-bread @John Bread#0000 edited message from 2017-07-25 13:09:47 (Hey) to read: Hey
2017-07-25 20:46:49 #john-bread @VyrenGames#3859: Yo
2017-07-28 23:50:10 #john-bread @John Bread#0000: Hi
2017-07-28 23:50:10 #john-bread @John Bread#0000 edited message from 2017-07-28 23:50:10 (Hi) to read: Hi
2017-07-28 23:50:26 #john-bread @VyrenGames#3859: hey
2017-07-28 23:51:18 #john-bread @Liltinyten#0000: Hi
2017-07-28 23:51:42 #john-bread @VyrenGames#3859: sup
2017-07-28 23:52:00 #john-bread @VyrenGames#3859: hey, thats the first time anybody's ever changed the username!
2017-07-28 23:52:36 #john-bread @Liltinyten#0000: Hi\n
2017-07-28 23:52:40 #john-bread @Liltinyten#0000: .
2017-07-28 23:52:55 #john-bread @Liltinyten#0000: Noice
2017-07-28 23:53:18 #john-bread @Liltinyten#0000: Can you help me make a discord bot?
2017-07-28 23:53:59 #john-bread @Liltinyten#0000: U there
2017-07-28 23:54:42 #john-bread @VyrenGames#3859: I've never actually made one from scratch before. What language?
2017-07-28 23:55:07 #john-bread @Liltinyten#1096: VS code
2017-07-28 23:55:21 #john-bread @VyrenGames#3859: never heard of it
2017-07-28 23:55:33 #john-bread @Liltinyten#1096: Oh
2017-07-28 23:55:44 #john-bread @Liltinyten#1096: How do you start off your bots then?
2017-07-28 23:56:08 #john-bread @Liltinyten#1096: Btw I just changed mai pic and added me to your disocord channel
2017-07-28 23:57:29 #john-bread @VyrenGames#3859: I tried to write one from scratch in JavaScript, but it didn't really work. I reprogrammed Red Discord Bot and that's what I use now.
2017-07-28 23:57:34 #john-bread @VyrenGames#3859: That's @Red Magician
2017-07-28 23:57:48 #john-bread @VyrenGames#3859: It's written in Python.
2017-07-28 23:58:11 #john-bread @Liltinyten#1096: And you use visual studio build tools C++ right?
2017-07-28 23:58:40 #john-bread @VyrenGames#3859: I've never done anything in C++
2017-07-28 23:58:50 #john-bread @Liltinyten#1096: What about C#
2017-07-28 23:58:51 #john-bread @VyrenGames#3859: I've been meaning to learn it tho
2017-07-28 23:58:54 #john-bread @VyrenGames#3859: nope
2017-07-28 23:58:57 #john-bread @Liltinyten#1096: Oh
2017-07-28 23:59:04 #john-bread @VyrenGames#3859: rip
2017-07-28 23:59:26 #john-bread @Liltinyten#1096: Can you give me a copy of your bot so I can test stuff myself?
2017-07-28 23:59:38 #john-bread @Liltinyten#1096: Becuase I still hae python
2017-07-28 23:59:38 #john-bread @VyrenGames#3859: sure.
2017-07-28 23:59:42 #john-bread @Liltinyten#1096: have~
2017-07-28 23:59:56 #john-bread @Liltinyten#1096: Btw do you play mc?
2017-07-29 00:00:02 #john-bread @VyrenGames#3859: I'll upload it right now and send you a link
2017-07-29 00:00:05 #john-bread @Liltinyten#1096: K
2017-07-29 00:03:13 #john-bread @VyrenGames#3859: https://github.com/dealien/Red-Magician
2017-07-29 00:03:13 #john-bread @VyrenGames#3859 edited message from 2017-07-29 00:03:13 (https://github.com/dealien/Red-Magician) to read: https://github.com/dealien/Red-Magician
2017-07-29 00:03:21 #john-bread @Liltinyten#1096: K
2017-07-29 00:03:21 #john-bread @Mee6#4876: GG @Liltinyten, you just advanced to **level 1** !
2017-07-29 00:03:28 #john-bread @VyrenGames#3859: lol
2017-07-29 00:03:33 #john-bread @Liltinyten#1096: Do you play minecraft
2017-07-29 00:03:34 #john-bread @VyrenGames#3859: dammit @Mee6
2017-07-29 00:03:40 #john-bread @VyrenGames#3859: yep
2017-07-29 00:03:48 #john-bread @VyrenGames#3859: I love Minecraft
2017-07-29 00:04:21 #john-bread @Liltinyten#1096: Would you like to join a server that im dev on its kinda wip but if you can help out im sure they will give you a role
2017-07-29 00:05:12 #john-bread @VyrenGames#3859: sure, why not
2017-07-29 00:05:19 #john-bread @VyrenGames#3859: I'll check it out
2017-07-29 00:05:28 #john-bread @VyrenGames#3859: 😃
2017-07-29 00:05:33 #john-bread @Liltinyten#1096: The ip is mc1.colingrodsey.com
2017-07-29 00:05:49 #john-bread @Liltinyten#1096: The website is currently www.yesdog.weebly.com
2017-07-29 00:06:22 #john-bread @Liltinyten#1096: So how big is the file?
2017-07-29 00:06:37 #john-bread @VyrenGames#3859: good question
2017-07-29 00:07:03 #john-bread @Liltinyten#1096: Btw ill change the bot token if you forgot
2017-07-29 00:07:54 #john-bread @VyrenGames#3859: i'm pretty sure the bot config is in the .gitignore
2017-07-29 00:08:08 #john-bread @VyrenGames#3859 edited message from 2017-07-29 00:07:54 (i'm pretty sure the bot config is in the .gitignore) to read: i'm pretty sure the bot config is in the .gitignore so that shouldn't be a problem
2017-07-29 00:08:14 #john-bread @VyrenGames#3859: I hope...
2017-07-29 00:08:48 #john-bread @Liltinyten#1096: Mabey they can make you the bot dev lol
2017-07-29 00:09:14 #john-bread @VyrenGames#3859: lol that would be sweet!
2017-07-29 00:09:31 #john-bread @Liltinyten#1096: Ill send you an discord invite link
2017-07-29 00:09:47 #john-bread @VyrenGames#3859: okay, cool
2017-07-29 00:10:08 #john-bread @Liltinyten#1096: https://discord.gg/ZXtuar
2017-07-29 19:14:12 #john-bread @John Bread#0000: asd
2017-07-29 19:14:38 #john-bread @VyrenGames#3859: dsa
2017-07-30 13:35:51 #john-bread @John Bread#0000: test
2017-07-30 13:35:51 #john-bread @John Bread#0000 edited message from 2017-07-30 13:35:51 (test) to read: test
2017-07-30 13:36:05 #john-bread @John Bread#0000: me me big boi
2017-07-30 13:36:18 #john-bread @John Bread#0000: ex dee
2017-07-30 14:36:34 #john-bread @VyrenGames#3859: King Dee Dee Dee
2017-07-30 14:36:37 #john-bread @VyrenGames#3859 edited message from 2017-07-30 14:36:34 (King Dee Dee Dee) to read: King Dee Dee Dee?
