2017-06-15 01:17:03 Channel created: temp
2017-06-19 18:28:37 Member join: @RPGBot#8700 (id 305177429612298242)
2017-06-19 18:28:37 Role created: 'RPG Bot' (id 326428074654695424)
2017-06-19 18:28:37 Member role add: 'RPG Bot' role was added to @RPGBot#8700
2017-06-19 18:28:38 Role deleted: 'RPG Bot' (id 326428074654695424)
2017-06-19 18:28:38 Member leave: @RPGBot#8700 (id 305177429612298242)
2017-06-21 15:33:04 Member join: @WidgetBot#9092 (id 293731150239891456)
2017-06-21 15:33:17 Member role add: 'Bot' role was added to @WidgetBot#9092
2017-06-21 15:33:22 Member role remove: The 'Bot' role was removed from @Rustbucket#9990
2017-06-21 15:33:23 Member role add: 'Bot' role was added to @Rustbucket#9990
2017-06-21 15:55:48 Member leave: @WidgetBot#9092 (id 293731150239891456)
2017-06-21 15:56:43 Member join: @WidgetBot#9092 (id 293731150239891456)
2017-06-23 17:23:49 Member role add: 'Bot' role was added to @WidgetBot#9092
2017-07-07 19:03:20 Channel created: low bitrate
2017-07-17 20:34:25 Role permissions: 'Rythm' changed from 70380544 to 70642752
2017-07-17 20:34:25 Role position: 'Rythm' changed from 1 to 2
2017-07-17 20:34:25 Role position: 'Brooklyn' changed from 1 to 3
2017-07-17 20:34:25 Role position: 'Console User' changed from 2 to 4
2017-07-17 20:34:25 Role position: 'Charlemagne' changed from 4 to 5
2017-07-17 20:34:25 Role position: 'analytics-bot' changed from 8 to 6
2017-07-17 20:34:25 Role position: 'Mee6' changed from 9 to 7
2017-07-17 20:34:25 Role position: 'Cool Kids' changed from 10 to 8
2017-07-17 20:34:25 Role position: 'Active' changed from 11 to 9
2017-07-17 20:34:25 Role position: 'MuxyBot' changed from 13 to 10
2017-07-17 20:34:25 Role position: 'Pal' changed from 14 to 11
2017-07-17 20:34:25 Role position: 'Buddy' changed from 15 to 12
2017-07-17 20:34:25 Role position: 'Denizen' changed from 16 to 13
2017-07-17 20:34:25 Role position: 'Citizen' changed from 17 to 14
2017-07-17 20:34:25 Role position: 'Vonodosh Bot' changed from 18 to 15
2017-07-17 20:34:25 Role position: 'Member' changed from 19 to 16
2017-07-17 20:34:25 Role position: 'Music Master' changed from 20 to 17
2017-07-17 20:34:25 Role position: 'Leader' changed from 21 to 18
2017-07-17 20:34:25 Role position: 'Dyno' changed from 22 to 19
2017-07-17 20:34:25 Role position: 'Bot' changed from 23 to 20
2017-07-17 20:34:25 Role position: 'Bot Commander' changed from 24 to 21
2017-07-17 20:34:25 Role position: 'Grandmaster Bot' changed from 25 to 22
2017-07-17 20:34:25 Role permissions: '@everyone' changed from 104324161 to 104324160
2017-07-17 20:34:38 Role permissions: '@everyone' changed from 104324160 to 67108864
2017-07-17 20:35:29 Channel created: everyone
2017-07-17 20:37:28 Channel topic: everyone topic was set to "This is the only channel that I'm allowing people to access unless authorized (for safety reasons, of course)"
2017-07-17 20:37:34 Channel topic: everyone topic was set to "This is the only channel that I'm allowing people to access unless authorized (for safety reasons, of course). "
2017-07-18 22:30:27 Channel position: everyone moved from 12 to 2
2017-07-18 22:30:27 Channel position: music moved from 2 to 3
2017-07-18 22:30:27 Channel position: twitch-streaming moved from 3 to 4
2017-07-18 22:30:27 Channel position: beam-streaming moved from 4 to 5
2017-07-18 22:30:27 Channel position: beam-chat moved from 5 to 6
2017-07-18 22:30:28 Channel position: twitter moved from 6 to 7
2017-07-18 22:30:28 Channel position: echo-manager moved from 7 to 8
2017-07-18 22:30:28 Channel position: games moved from 8 to 9
2017-07-18 22:30:28 Channel position: nadeko-trivia moved from 9 to 10
2017-07-18 22:30:28 Channel position: coords moved from 10 to 11
2017-07-18 22:30:28 Channel position: temp moved from 11 to 12
2017-07-20 18:52:18 Channel topic: everyone topic was set to "This is the only channel that I'm allowing people to access unless authorized (for security reasons, of course). "
2017-07-20 18:52:50 Channel rename: everyone renamed to john-bread
2017-07-28 23:54:37 Member join: @Liltinyten#1096 (id 254778491289993216)
2017-07-29 00:03:22 Member role add: 'Pal' role was added to @Liltinyten#1096
2017-07-31 22:59:51 Channel created: Public
2017-07-31 22:59:54 Channel position: Public moved from 2 to 1
2017-07-31 22:59:54 Channel position: low bitrate moved from 1 to 2
2017-07-31 23:00:27 Role permissions: 'Pal' changed from 104324161 to 0
2017-07-31 23:00:44 Role permissions: 'Buddy' changed from 104324161 to 0
2017-07-31 23:01:01 Role permissions: 'Denizen' changed from 104324161 to 0
2017-07-31 23:01:18 Role permissions: 'Citizen' changed from 104324161 to 0
2017-07-31 23:01:55 Role position: 'Vonodosh Bot' changed from 15 to 11
2017-07-31 23:01:55 Role position: 'Pal' changed from 11 to 12
2017-07-31 23:01:55 Role position: 'Buddy' changed from 12 to 13
2017-07-31 23:01:55 Role position: 'Denizen' changed from 13 to 14
2017-07-31 23:01:55 Role position: 'Citizen' changed from 14 to 15
2017-07-31 23:02:42 Role permissions: 'Cool Kids' changed from 104324161 to 0
2017-07-31 23:02:42 Role permissions: 'Active' changed from 104324161 to 0
2017-07-31 23:03:06 Role position: 'MuxyBot' changed from 10 to 8
2017-07-31 23:03:06 Role position: 'Vonodosh Bot' changed from 11 to 9
2017-07-31 23:03:06 Role position: 'Active' changed from 9 to 10
2017-07-31 23:03:06 Role position: 'Cool Kids' changed from 8 to 11
2017-07-31 23:03:21 Role position: 'Dyno' changed from 19 to 10
2017-07-31 23:03:21 Role position: 'Active' changed from 10 to 11
2017-07-31 23:03:21 Role position: 'Cool Kids' changed from 11 to 12
2017-07-31 23:03:21 Role position: 'Pal' changed from 12 to 13
2017-07-31 23:03:21 Role position: 'Buddy' changed from 13 to 14
2017-07-31 23:03:21 Role position: 'Denizen' changed from 14 to 15
2017-07-31 23:03:21 Role position: 'Citizen' changed from 15 to 16
2017-07-31 23:03:21 Role position: 'Member' changed from 16 to 17
2017-07-31 23:03:21 Role position: 'Music Master' changed from 17 to 18
2017-07-31 23:03:21 Role position: 'Leader' changed from 18 to 19
2017-07-31 23:03:32 Member role remove: The 'Console User' role was removed from @VyrenGames#3859
2017-07-31 23:03:32 Role deleted: 'Console User' (id 305792573992337410)
2017-07-31 23:04:05 Role color: 'Pal' changed from #c27c0e to #a84300
2017-07-31 23:04:06 Role color: 'Cool Kids' changed from #000000 to #e67e22
2017-07-31 23:04:06 Role color: 'Active' changed from #000000 to #9b59b6
2017-07-31 23:04:16 Role position: 'Pal' changed from 12 to 10
2017-07-31 23:04:16 Role position: 'Buddy' changed from 13 to 11
2017-07-31 23:04:16 Role position: 'Denizen' changed from 14 to 12
2017-07-31 23:04:16 Role position: 'Citizen' changed from 15 to 13
2017-07-31 23:04:16 Role position: 'Member' changed from 16 to 14
2017-07-31 23:04:16 Role position: 'Active' changed from 10 to 15
2017-07-31 23:04:16 Role position: 'Cool Kids' changed from 11 to 16
2017-08-01 00:34:59 Member role remove: The 'Active' role was removed from @Dyno#3861
2017-08-01 00:35:08 Member role add: 'Active' role was added to @Dyno#3861
2017-08-01 00:35:16 Role color: 'Active' changed from #9b59b6 to #000000
