2017-01-04 03:36:31 #log @Dyno#3861: 
2017-01-04 03:37:14 #log @Dyno#3861: 
2017-01-04 03:56:24 #log @VyrenGames#3859: !hello
2017-01-04 03:56:27 #log @VyrenGames#3859: !test
2017-01-04 03:56:30 #log @VyrenGames#3859: !info
2017-01-04 03:56:30 #log @Dyno#3861: 
2017-01-04 03:57:47 #log @Dyno#3861: 
2017-01-04 03:58:30 #log @Dyno#3861: 
2017-01-04 03:58:34 #log @Dyno#3861: 
2017-01-04 03:58:43 #log @Dyno#3861: 
2017-01-04 03:58:45 #log @Dyno#3861: 
2017-01-04 03:59:32 #log @Dyno#3861: 
2017-01-04 04:01:56 #log @Dyno#3861: 
2017-01-04 04:02:21 #log @Dyno#3861: 
2017-01-04 04:02:30 #log @Dyno#3861: 
2017-01-04 04:02:31 #log @Dyno#3861: 
2017-01-04 04:02:39 #log @Dyno#3861: 
2017-01-04 04:02:40 #log @Dyno#3861: 
2017-01-04 04:05:34 #log @Dyno#3861: 
2017-01-04 04:21:52 #log @Dyno#3861: 
2017-01-04 04:24:44 #log @Dyno#3861: 
2017-01-04 04:24:45 #log @Dyno#3861: 
2017-01-04 04:25:40 #log @Dyno#3861: 
2017-01-04 04:35:17 #log @Dyno#3861: 
2017-01-04 04:35:46 #log @Dyno#3861: 
2017-01-04 04:41:42 #log @Dyno#3861: 
2017-01-04 05:24:03 #log @Dyno#3861: 
2017-01-04 22:35:56 #log @Dyno#3861: 
2017-01-04 22:36:02 #log @Dyno#3861: 
2017-01-04 22:36:09 #log @Dyno#3861: 
2017-01-04 22:49:24 #log @Dyno#3861: 
2017-01-04 22:50:22 #log @Dyno#3861: 
2017-01-04 22:50:23 #log @Dyno#3861: 
2017-01-04 22:51:49 #log @Dyno#3861: 
2017-01-04 22:51:53 #log @Dyno#3861: 
2017-01-04 22:52:04 #log @Dyno#3861: 
2017-01-04 22:52:07 #log @Dyno#3861: 
2017-01-04 22:52:18 #log @Dyno#3861: 
2017-01-04 22:52:25 #log @Dyno#3861: 
2017-01-04 22:52:35 #log @Dyno#3861: 
2017-01-08 04:41:19 #log @Dyno#3861: 
2017-01-08 04:41:41 #log @Dyno#3861: 
2017-01-08 04:43:08 #log @Dyno#3861: 
2017-01-08 04:43:21 #log @Dyno#3861: 
2017-01-08 18:04:20 #log @Dyno#3861: 
2017-01-08 18:04:27 #log @Dyno#3861: 
2017-01-08 19:18:34 #log @Dyno#3861: 
2017-01-08 19:55:05 #log @Dyno#3861: 
2017-01-08 20:01:02 #log @Dyno#3861: 
2017-01-08 20:01:09 #log @Dyno#3861: 
2017-01-08 20:01:10 #log @Dyno#3861: 
2017-01-08 20:01:21 #log @Dyno#3861: 
2017-01-08 20:01:54 #log @Dyno#3861: 
2017-01-08 20:02:00 #log @Dyno#3861: 
2017-01-08 20:02:27 #log @Dyno#3861: 
2017-01-08 22:36:11 #log @Dyno#3861: 
2017-01-08 22:44:58 #log @Dyno#3861: 
2017-01-08 22:45:02 #log @Dyno#3861: 
2017-01-09 01:12:05 #log @Dyno#3861: 
2017-01-09 01:12:10 #log @Dyno#3861: 
2017-01-09 01:15:32 #log @Dyno#3861: 
2017-01-09 01:15:56 #log @Dyno#3861: 
2017-01-09 03:10:15 #log @Dyno#3861: 
2017-01-09 03:11:36 #log @Dyno#3861: 
2017-01-24 04:07:50 #log @Dyno#3861: 
2017-01-24 04:08:05 #log @Dyno#3861: 
2017-01-24 04:15:52 #log @Dyno#3861: 
2017-01-24 04:15:52 #log @Dyno#3861: 
2017-01-24 04:15:52 #log @Dyno#3861: 
2017-01-24 04:36:26 #log @Dyno#3861: 
2017-01-24 04:36:27 #log @Dyno#3861: 
2017-01-24 04:36:27 #log @Dyno#3861: 
2017-01-24 04:37:33 #log @Dyno#3861: 
2017-01-24 05:07:26 #log @Dyno#3861: 
2017-01-24 05:08:00 #log @Dyno#3861: 
2017-01-24 19:40:11 #log @Dyno#3861: 
2017-01-24 19:40:11 #log @Dyno#3861: 
2017-01-26 03:07:44 #log @Dyno#3861: 
2017-01-26 03:07:57 #log @Dyno#3861: 
2017-01-26 15:44:38 #log @Dyno#3861: 
2017-01-26 15:45:05 #log @Dyno#3861: 
2017-01-26 15:45:14 #log @Dyno#3861: 
2017-01-26 15:45:20 #log @Dyno#3861: 
2017-01-27 03:30:08 #log @Dyno#3861: 
2017-01-27 03:59:09 #log @Dyno#3861: 
2017-02-01 02:04:34 #log @Dyno#3861: 
2017-02-01 02:10:38 #log @Dyno#3861: 
2017-02-01 02:10:39 #log @Dyno#3861: 
2017-02-01 02:10:39 #log @Dyno#3861: 
2017-02-01 02:10:48 #log @Dyno#3861: 
2017-02-01 02:10:58 #log @Dyno#3861: 
2017-02-01 02:15:38 #log @Dyno#3861: 
2017-02-01 02:15:43 #log @Dyno#3861: 
2017-02-01 02:15:45 #log @Dyno#3861: 
2017-02-01 02:15:59 #log @Dyno#3861: 
2017-02-01 02:16:11 #log @Dyno#3861: 
2017-02-01 02:16:19 #log @Dyno#3861: 
2017-02-01 02:16:24 #log @Dyno#3861: 
2017-02-01 02:24:09 #log @Dyno#3861: 
2017-02-01 02:29:35 #log @Dyno#3861: 
2017-02-01 15:46:49 #log @Dyno#3861: 
2017-02-01 16:43:49 #log @Dyno#3861: 
2017-02-03 02:46:34 #log @Dyno#3861: 
2017-02-03 03:43:42 #log @Dyno#3861: 
2017-02-03 03:43:42 #log @Dyno#3861: 
2017-02-03 03:43:43 #log @Dyno#3861: 
2017-02-03 03:44:35 #log @Dyno#3861: 
2017-02-03 03:44:35 #log @Dyno#3861: 
2017-02-03 03:44:36 #log @Dyno#3861: 
2017-02-03 03:44:54 #log @Dyno#3861: 
2017-02-03 03:44:55 #log @Dyno#3861: 
2017-02-03 03:45:05 #log @Dyno#3861: 
2017-02-03 03:45:05 #log @Dyno#3861: 
2017-02-03 03:45:06 #log @Dyno#3861: 
2017-02-07 13:20:17 #log @Dyno#3861: 
2017-02-07 13:20:26 #log @Dyno#3861: 
2017-02-07 13:43:39 #log @Dyno#3861: 
2017-02-07 13:43:49 #log @Dyno#3861: 
2017-02-12 17:06:18 #log @Dyno#3861: 
2017-02-12 17:06:18 #log @Dyno#3861: 
2017-02-12 17:06:19 #log @Dyno#3861: 
2017-02-12 17:31:52 #log @Dyno#3861: 
2017-02-12 17:37:52 #log @VyrenGames#3859: .logevents
2017-02-12 17:37:52 #log @Nadeko#8665: 
2017-02-12 17:38:14 #log @VyrenGames#3859: .logserver
2017-02-12 17:38:35 #log @VyrenGames#3859: .logserver enable
2017-02-12 17:38:36 #log @Nadeko#8665: 
2017-02-12 17:38:52 #log @Nadeko#8665: 
2017-02-12 17:38:52 #log @Dyno#3861: 
2017-02-12 17:39:20 #log @Dyno#3861: 
2017-02-12 17:39:20 #log @Nadeko#8665: 
2017-02-12 17:44:22 #log @Nadeko#8665: 
2017-02-12 17:44:22 #log @Dyno#3861: 
2017-02-12 17:44:27 #log @Nadeko#8665: 
2017-02-12 17:44:28 #log @Dyno#3861: 
2017-02-12 17:44:39 #log @VyrenGames#3859: .announce Useless spam
2017-02-12 17:44:39 #log @Nadeko#8665: 
2017-02-12 17:52:44 #log @VyrenGames#3859: https://nadekobot.readthedocs.io/en/latest/Commands%20List/
2017-02-12 17:53:11 #log @Nadeko#8665: 
2017-02-12 17:53:11 #log @Dyno#3861: 
2017-02-12 17:53:19 #log @Nadeko#8665: 
2017-02-12 17:53:20 #log @Dyno#3861: 
2017-02-12 18:50:48 #log @Nadeko#8665: 
2017-02-12 18:50:48 #log @Dyno#3861: 
2017-02-12 18:51:31 #log @Nadeko#8665: 
2017-02-12 18:51:31 #log @Dyno#3861: 
2017-02-12 18:59:43 #log @Nadeko#8665: 
2017-02-12 18:59:43 #log @Dyno#3861: 
2017-02-12 19:00:01 #log @Nadeko#8665: 
2017-02-12 19:00:01 #log @Dyno#3861: 
2017-02-12 19:00:14 #log @Nadeko#8665: 
2017-02-12 19:00:14 #log @Dyno#3861: 
2017-02-12 19:00:33 #log @Nadeko#8665: 
2017-02-12 19:00:34 #log @Dyno#3861: 
2017-02-12 19:08:17 #log @VyrenGames#3859: .log
2017-02-12 19:09:31 #log @VyrenGames#3859: .logserver disable
2017-02-12 19:09:31 #log @Nadeko#8665: 
2017-02-12 19:10:53 #log @Dyno#3861: 
2017-02-12 19:11:36 #log @Dyno#3861: 
2017-02-12 19:11:51 #log @Dyno#3861: 
2017-02-12 19:11:57 #log @Dyno#3861: 
2017-02-12 19:12:01 #log @Dyno#3861: 
2017-02-12 19:12:11 #log @Dyno#3861: 
2017-02-12 19:12:24 #log @Dyno#3861: 
2017-02-12 19:12:33 #log @Dyno#3861: 
2017-02-12 19:13:49 #log @Dyno#3861: 
2017-02-12 19:13:50 #log @Dyno#3861: 
2017-02-12 19:17:07 #log @Dyno#3861: 
2017-02-12 19:17:07 #log @Dyno#3861: 
2017-02-12 19:17:43 #log @Dyno#3861: 
2017-02-12 19:17:43 #log @Dyno#3861: 
2017-02-12 19:17:53 #log @Dyno#3861: 
2017-02-12 19:17:54 #log @Dyno#3861: 
2017-02-12 19:18:17 #log @Dyno#3861: 
2017-02-12 19:18:31 #log @Dyno#3861: 
2017-02-12 19:18:33 #log @Dyno#3861: 
2017-02-12 19:18:36 #log @Dyno#3861: 
2017-02-12 19:18:37 #log @Dyno#3861: 
2017-02-12 19:18:37 #log @Dyno#3861: 
2017-02-12 19:18:44 #log @Dyno#3861: 
2017-02-12 19:18:47 #log @Dyno#3861: 
2017-02-12 19:18:47 #log @Dyno#3861: 
2017-02-12 19:18:48 #log @Dyno#3861: 
2017-02-12 19:18:51 #log @Dyno#3861: 
2017-02-12 19:18:51 #log @Dyno#3861: 
2017-02-12 19:18:52 #log @Dyno#3861: 
2017-02-12 19:18:59 #log @Dyno#3861: 
2017-02-12 19:19:00 #log @Dyno#3861: 
2017-02-12 19:19:04 #log @Dyno#3861: 
2017-02-12 19:43:05 #log @Dyno#3861: 
2017-02-12 19:56:37 #log @Dyno#3861: 
2017-02-12 19:56:53 #log @Dyno#3861: 
2017-02-12 19:57:04 #log @Dyno#3861: 
2017-02-12 19:59:14 #log @Dyno#3861: 
2017-02-12 20:03:46 #log @Dyno#3861: 
2017-02-12 20:03:58 #log @Dyno#3861: 
2017-02-12 20:06:02 #log @Dyno#3861: 
2017-02-12 20:06:03 #log @Dyno#3861: 
2017-02-12 20:06:54 #log @Dyno#3861: 
2017-02-12 20:07:20 #log @Dyno#3861: 
2017-02-12 20:20:46 #log @Dyno#3861: 
2017-02-12 20:25:37 #log @Dyno#3861: 
2017-02-12 20:33:45 #log @Dyno#3861: 
2017-02-12 20:41:01 #log @Dyno#3861: 
2017-02-12 20:57:09 #log @Dyno#3861: 
2017-02-12 23:28:17 #log @Dyno#3861: 
2017-02-12 23:35:55 #log @Dyno#3861: 
2017-02-12 23:38:02 #log @Dyno#3861: 
2017-02-12 23:39:31 #log @Dyno#3861: 
2017-02-12 23:39:49 #log @Dyno#3861: 
2017-02-13 07:44:54 #log @Dyno#3861: 
2017-02-13 07:45:44 #log @Dyno#3861: 
2017-02-13 07:57:52 #log @Dyno#3861: 
2017-02-13 07:58:52 #log @Dyno#3861: 
2017-02-13 08:10:47 #log @Dyno#3861: 
2017-02-13 08:24:18 #log @Dyno#3861: 
2017-02-13 08:28:59 #log @Dyno#3861: 
2017-02-13 08:33:28 #log @Dyno#3861: 
2017-02-13 08:33:38 #log @Dyno#3861: 
2017-02-13 08:34:07 #log @Dyno#3861: 
2017-02-13 08:58:52 #log @Dyno#3861: 
2017-02-13 08:58:54 #log @Dyno#3861: 
2017-02-13 08:59:23 #log @Dyno#3861: 
2017-02-13 14:04:07 #log @Dyno#3861: 
2017-02-13 14:22:07 #log @Dyno#3861: 
2017-02-13 14:22:08 #log @Dyno#3861: 
2017-02-13 14:22:31 #log @Dyno#3861: 
2017-02-13 14:29:03 #log @Dyno#3861: 
2017-02-13 14:31:13 #log @Dyno#3861: 
2017-02-13 14:31:56 #log @Dyno#3861: 
2017-02-13 14:32:34 #log @Dyno#3861: 
2017-02-13 15:26:57 #log @Dyno#3861: 
2017-02-13 15:27:08 #log @Dyno#3861: 
2017-02-13 15:27:14 #log @Dyno#3861: 
2017-02-13 15:38:36 #log @Dyno#3861: 
2017-02-13 16:23:36 #log @Dyno#3861: 
2017-02-13 16:27:03 #log @Dyno#3861: 
2017-02-13 16:27:14 #log @Dyno#3861: 
2017-02-13 16:29:21 #log @Dyno#3861: 
2017-02-13 16:29:35 #log @Dyno#3861: 
2017-02-13 16:48:43 #log @Dyno#3861: 
2017-02-13 16:49:25 #log @Dyno#3861: 
2017-02-13 16:49:29 #log @Dyno#3861: 
2017-02-13 16:49:41 #log @Dyno#3861: 
2017-02-13 17:01:50 #log @Dyno#3861: 
2017-02-13 17:27:03 #log @Dyno#3861: 
2017-02-13 17:27:08 #log @Dyno#3861: 
2017-02-13 17:27:12 #log @Dyno#3861: 
2017-02-13 17:27:20 #log @Dyno#3861: 
2017-02-13 19:19:55 #log @Dyno#3861: 
2017-02-13 19:32:02 #log @Dyno#3861: 
2017-02-13 19:33:02 #log @Dyno#3861: 
2017-02-13 19:34:02 #log @Dyno#3861: 
2017-02-13 19:35:01 #log @Dyno#3861: 
2017-02-13 19:36:02 #log @Dyno#3861: 
2017-02-13 19:37:02 #log @Dyno#3861: 
2017-02-13 19:38:02 #log @Dyno#3861: 
2017-02-13 19:39:02 #log @Dyno#3861: 
2017-02-13 19:40:02 #log @Dyno#3861: 
2017-02-13 19:41:01 #log @Dyno#3861: 
2017-02-13 19:42:02 #log @Dyno#3861: 
2017-02-13 19:43:02 #log @Dyno#3861: 
2017-02-13 19:44:01 #log @Dyno#3861: 
2017-02-13 19:45:02 #log @Dyno#3861: 
2017-02-13 19:46:03 #log @Dyno#3861: 
2017-02-13 19:47:02 #log @Dyno#3861: 
2017-02-13 19:48:02 #log @Dyno#3861: 
2017-02-13 19:49:02 #log @Dyno#3861: 
2017-02-13 19:50:02 #log @Dyno#3861: 
2017-02-13 19:51:02 #log @Dyno#3861: 
2017-02-13 19:52:02 #log @Dyno#3861: 
2017-02-13 19:53:02 #log @Dyno#3861: 
2017-02-13 19:54:02 #log @Dyno#3861: 
2017-02-13 19:55:02 #log @Dyno#3861: 
2017-02-13 19:56:02 #log @Dyno#3861: 
2017-02-13 19:57:02 #log @Dyno#3861: 
2017-02-13 19:58:02 #log @Dyno#3861: 
2017-02-13 19:59:02 #log @Dyno#3861: 
2017-02-13 20:00:02 #log @Dyno#3861: 
2017-02-13 20:01:10 #log @Dyno#3861: 
2017-02-13 20:01:44 #log @Dyno#3861: 
2017-02-13 20:08:45 #log @Dyno#3861: 
2017-02-13 23:36:58 #log @Dyno#3861: 
2017-02-13 23:40:17 #log @Dyno#3861: 
2017-02-13 23:41:08 #log @Dyno#3861: 
2017-02-13 23:41:15 #log @Dyno#3861: 
2017-02-13 23:45:30 #log @Dyno#3861: 
2017-02-13 23:45:44 #log @Dyno#3861: 
2017-02-13 23:52:08 #log @Dyno#3861: 
2017-02-14 00:11:47 #log @Dyno#3861: 
2017-02-14 00:13:44 #log @Dyno#3861: 
2017-02-14 04:13:53 #log @Dyno#3861: 
2017-02-14 04:14:32 #log @Dyno#3861: 
2017-02-14 05:49:23 #log @Dyno#3861: 
2017-02-14 05:49:51 #log @Dyno#3861: 
2017-02-14 05:54:07 #log @Dyno#3861: 
2017-02-14 05:57:03 #log @Dyno#3861: 
2017-02-14 06:00:50 #log @Dyno#3861: 
2017-02-14 06:04:36 #log @Dyno#3861: 
2017-02-14 06:06:52 #log @Dyno#3861: 
2017-02-14 06:06:53 #log @Dyno#3861: 
2017-02-14 06:08:46 #log @Dyno#3861: 
2017-02-14 06:12:36 #log @Dyno#3861: 
2017-02-14 06:16:30 #log @Dyno#3861: 
2017-02-14 06:17:04 #log @Dyno#3861: 
2017-02-14 06:18:11 #log @Dyno#3861: 
2017-02-14 06:20:11 #log @Dyno#3861: 
2017-02-14 13:08:56 #log @Dyno#3861: 
2017-02-14 13:09:12 #log @Dyno#3861: 
2017-02-14 14:18:10 #log @Dyno#3861: 
2017-02-14 14:19:02 #log @Dyno#3861: 
2017-02-14 14:24:04 #log @Dyno#3861: 
2017-02-14 14:24:10 #log @Dyno#3861: 
2017-02-14 21:54:37 #log @Dyno#3861: 
2017-02-14 21:54:49 #log @Dyno#3861: 
2017-02-14 21:58:35 #log @Dyno#3861: 
2017-02-14 22:02:06 #log @Dyno#3861: 
2017-02-14 22:04:07 #log @Dyno#3861: 
2017-02-14 22:28:13 #log @Dyno#3861: 
2017-02-14 22:30:20 #log @Dyno#3861: 
2017-02-15 01:03:24 #log @Dyno#3861: 
2017-02-15 04:34:23 #log @Dyno#3861: 
2017-02-15 06:33:04 #log @Dyno#3861: 
2017-02-15 06:37:06 #log @Dyno#3861: 
2017-02-16 20:53:37 #log @Dyno#3861: 
2017-02-19 15:25:02 #log @Dyno#3861: 
2017-02-19 15:25:02 #log @Dyno#3861: 
2017-02-19 15:25:03 #log @Dyno#3861: 
2017-02-22 04:33:21 #log @Dyno#3861: 
2017-02-26 00:52:23 #log @Dyno#3861: 
2017-02-26 03:06:26 #log @Dyno#3861: 
2017-02-26 03:06:40 #log @Dyno#3861: 
2017-02-26 03:08:05 #log @Dyno#3861: 
2017-02-26 03:10:01 #log @Dyno#3861: 
2017-02-26 07:15:17 #log @Dyno#3861: 
2017-02-26 07:16:22 #log @Dyno#3861: 
2017-02-26 07:50:01 #log @Dyno#3861: 
2017-02-26 07:50:08 #log @Dyno#3861: 
2017-02-26 08:56:22 #log @Dyno#3861: 
2017-02-26 08:58:01 #log @Dyno#3861: 
2017-02-26 15:13:27 #log @Dyno#3861: 
2017-02-26 15:21:36 #log @Dyno#3861: 
2017-02-26 23:18:32 #log @Dyno#3861: 
2017-02-26 23:24:00 #log @Dyno#3861: 
2017-02-26 23:29:30 #log @Dyno#3861: 
2017-02-26 23:32:49 #log @Dyno#3861: 
2017-02-26 23:33:26 #log @Dyno#3861: 
2017-02-26 23:35:20 #log @Dyno#3861: 
2017-02-26 23:35:37 #log @Dyno#3861: 
2017-02-26 23:50:26 #log @Dyno#3861: 
2017-02-26 23:51:39 #log @Dyno#3861: 
2017-02-26 23:52:33 #log @Dyno#3861: 
2017-02-27 00:12:19 #log @Dyno#3861: 
2017-02-27 00:12:19 #log @Dyno#3861: 
2017-02-27 00:13:29 #log @Dyno#3861: 
2017-02-27 00:14:56 #log @Dyno#3861: 
2017-02-27 00:33:59 #log @Dyno#3861: 
2017-02-27 00:34:05 #log @Dyno#3861: 
2017-02-27 00:34:45 #log @Dyno#3861: 
2017-02-27 00:35:15 #log @Dyno#3861: 
2017-02-27 00:35:29 #log @Dyno#3861: 
2017-02-27 00:36:56 #log @Dyno#3861: 
2017-02-27 21:44:08 #log @Dyno#3861: 
2017-02-27 21:44:37 #log @Dyno#3861: 
2017-02-27 21:47:12 #log @Dyno#3861: 
2017-02-27 21:52:13 #log @Dyno#3861: 
2017-02-27 22:17:23 #log @Dyno#3861: 
2017-02-27 22:17:28 #log @Dyno#3861: 
2017-02-27 22:21:47 #log @Dyno#3861: 
2017-02-27 22:24:57 #log @Dyno#3861: 
2017-02-27 22:39:02 #log @Dyno#3861: 
2017-02-27 22:42:55 #log @Dyno#3861: 
2017-02-27 22:49:29 #log @Dyno#3861: 
2017-02-27 22:50:09 #log @Dyno#3861: 
2017-02-27 23:01:32 #log @Dyno#3861: 
2017-02-27 23:54:00 #log @Dyno#3861: 
2017-02-28 00:01:05 #log @Dyno#3861: 
2017-02-28 00:02:34 #log @Dyno#3861: 
2017-02-28 00:06:24 #log @Dyno#3861: 
2017-02-28 21:02:47 #log @Dyno#3861: 
2017-02-28 21:02:48 #log @Dyno#3861: 
2017-02-28 21:02:48 #log @Dyno#3861: 
2017-03-01 04:42:09 #log @Dyno#3861: 
2017-03-01 12:38:21 #log @Dyno#3861: 
2017-03-01 17:27:04 #log @Dyno#3861: 
2017-03-01 18:32:02 #log @Dyno#3861: 
2017-03-01 19:06:14 #log @Dyno#3861: 
2017-03-01 19:07:40 #log @Dyno#3861: 
2017-03-01 19:15:53 #log @Dyno#3861: 
2017-03-01 21:15:14 #log @Dyno#3861: 
2017-03-01 21:53:40 #log @Dyno#3861: 
2017-03-11 23:10:43 #log @Dyno#3861: 
2017-03-11 23:10:43 #log @Dyno#3861: 
2017-03-11 23:10:44 #log @Dyno#3861: 
2017-03-11 23:19:22 #log @Dyno#3861: 
2017-03-11 23:44:36 #log @Dyno#3861: 
2017-03-12 01:54:54 #log @Dyno#3861: 
2017-03-13 16:03:50 #log @Dyno#3861: 
2017-03-13 16:04:56 #log @Dyno#3861: 
2017-03-13 16:04:58 #log @Dyno#3861: 
2017-03-13 16:06:45 #log @Dyno#3861: 
2017-03-13 16:12:29 #log @Dyno#3861: 
2017-03-13 16:14:52 #log @Dyno#3861: 
2017-03-13 16:15:02 #log @Dyno#3861: 
2017-03-13 16:25:09 #log @Dyno#3861: 
2017-03-13 16:32:26 #log @Dyno#3861: 
2017-03-13 16:32:26 #log @Dyno#3861: 
2017-03-13 16:38:22 #log @Dyno#3861: 
2017-03-13 16:39:42 #log @Dyno#3861: 
2017-03-13 16:39:43 #log @Dyno#3861: 
2017-03-13 16:39:43 #log @Dyno#3861: 
2017-03-13 16:39:43 #log @Dyno#3861: 
2017-03-13 16:39:44 #log @Dyno#3861: 
2017-03-13 16:39:48 #log @Dyno#3861: 
2017-03-13 16:45:14 #log @VyrenGames#3859: this is a test
2017-03-13 16:45:17 #log @VyrenGames#3859: testing
2017-03-13 16:45:23 #log @VyrenGames#3859: hgdfhkshgkdfslgfds test gfdgfdsgfd
2017-03-13 16:45:24 #log @VyrenGames#3859: gfdsgfdsg
2017-03-13 16:45:24 #log @VyrenGames#3859: fdgf
2017-03-13 16:45:26 #log @VyrenGames#3859: dsgfdsgfdsghdfgjkldfs
2017-03-13 16:45:26 #log @VyrenGames#3859: gf
2017-03-13 16:45:27 #log @VyrenGames#3859: dsg
2017-03-13 16:45:27 #log @VyrenGames#3859: fds
2017-03-13 16:45:29 #log @VyrenGames#3859: gdfgfdggjgkdfjlgklfdhkls;gfds
2017-03-13 16:45:30 #log @VyrenGames#3859: gfdsgfds
2017-03-13 16:45:30 #log @VyrenGames#3859: gfds
2017-03-13 16:45:32 #log @VyrenGames#3859: gfdsgfdsgfdgkhgjkhjlhgkldf
2017-03-13 16:45:32 #log @VyrenGames#3859: gfd
2017-03-13 16:45:35 #log @VyrenGames#3859: g
2017-03-13 16:45:35 #log @VyrenGames#3859: fd
2017-03-13 16:45:35 #log @VyrenGames#3859: gdfgfdgdghkhdfjkslhkgdfs
2017-03-13 16:45:35 #log @VyrenGames#3859: gfdsgfds
2017-03-13 16:45:38 #log @VyrenGames#3859: gfdsgfdsgfdggksl;gkfdhskgjldfhjkslghfsgjfdgfdg
2017-03-13 16:45:40 #log @VyrenGames#3859: gfdgsglfkdsj;gjfldjsgk;dfsg
2017-03-13 16:45:41 #log @VyrenGames#3859: gfdsgjldfjsklgfds
2017-03-13 16:45:43 #log @VyrenGames#3859: gfdskgfdkshgkjldfhgfjkglfdsgfds
2017-03-13 16:45:47 #log @VyrenGames#3859: gfdsgfdshjkhkkjdhgdfklgfhgjkldfhgfkjgdfhgjjghkdjfghdfjkghfdg
2017-03-13 16:45:47 #log @VyrenGames#3859: dfgdfg
2017-03-13 16:45:48 #log @VyrenGames#3859: g
2017-03-13 16:45:49 #log @VyrenGames#3859: dfgdfgdfgdf
2017-03-13 16:45:56 #log @VyrenGames#3859: test gfdsgfdsgfdsgfdsgfdsget tested
2017-03-13 16:46:04 #log @VyrenGames#3859: dont remove this test m8
2017-03-13 16:46:10 #log @VyrenGames#3859: please, its just a test
2017-03-13 16:46:13 #log @VyrenGames#3859: fdgh
2017-03-13 16:46:14 #log @VyrenGames#3859: gfhgfdhgfdhgfd
2017-03-13 16:54:06 #log @Echo#2101: {replace:test}**@VyrenGames has just said a word on the banned list! They said:** triggerword
2017-03-13 17:07:54 #log @Dyno#3861: 
2017-03-13 17:08:15 #log @Dyno#3861: 
2017-03-13 17:10:26 #log @Dyno#3861: 
2017-03-13 17:25:28 #log @Dyno#3861: 
2017-03-13 17:25:34 #log @Dyno#3861: 
2017-03-13 17:25:37 #log @Dyno#3861: 
2017-03-13 17:25:41 #log @Dyno#3861: 
2017-03-13 17:25:44 #log @Dyno#3861: 
2017-03-13 17:25:54 #log @Dyno#3861: 
2017-03-13 17:25:55 #log @Dyno#3861: 
2017-03-13 17:25:55 #log @Dyno#3861: 
2017-03-13 17:25:56 #log @Dyno#3861: 
2017-03-13 17:26:00 #log @Dyno#3861: 
2017-03-13 17:26:01 #log @Dyno#3861: 
2017-03-13 17:26:04 #log @Dyno#3861: 
2017-03-13 17:26:05 #log @Dyno#3861: 
2017-03-13 17:26:06 #log @Dyno#3861: 
2017-03-13 17:26:06 #log @Dyno#3861: 
2017-03-13 17:26:06 #log @Dyno#3861: 
2017-03-13 17:26:07 #log @Dyno#3861: 
2017-03-13 17:26:08 #log @Dyno#3861: 
2017-03-13 17:26:14 #log @Dyno#3861: 
2017-03-13 17:26:15 #log @Dyno#3861: 
2017-03-13 17:26:17 #log @Dyno#3861: 
2017-03-13 17:26:18 #log @Dyno#3861: 
2017-03-13 17:26:18 #log @Dyno#3861: 
2017-03-13 17:26:20 #log @Dyno#3861: 
2017-03-13 17:26:22 #log @Dyno#3861: 
2017-03-13 17:26:23 #log @Dyno#3861: 
2017-03-13 17:26:27 #log @Dyno#3861: 
2017-03-13 17:26:29 #log @Dyno#3861: 
2017-03-13 17:26:30 #log @Dyno#3861: 
2017-03-13 17:26:31 #log @Dyno#3861: 
2017-03-13 17:26:32 #log @Dyno#3861: 
2017-03-13 17:26:33 #log @Dyno#3861: 
2017-03-19 17:21:06 #log @Dyno#3861: 
2017-03-20 00:06:12 #log @Dyno#3861: 
2017-03-20 00:06:25 #log @Dyno#3861: 
2017-03-20 19:13:48 #log @Dyno#3861: 
2017-03-20 19:27:36 #log @Dyno#3861: 
2017-03-24 04:16:38 #log @Dyno#3861: 
2017-03-25 15:16:02 #log @Dyno#3861: 
2017-03-25 15:16:02 #log @Dyno#3861: 
2017-03-25 15:16:03 #log @Dyno#3861: 
2017-03-25 15:16:32 #log @Dyno#3861: 
2017-03-25 15:16:33 #log @Dyno#3861: 
2017-03-25 15:16:33 #log @Dyno#3861: 
2017-03-25 15:31:57 #log @Dyno#3861: 
2017-03-25 15:35:04 #log @Dyno#3861: 
2017-03-25 15:35:06 #log @Dyno#3861: 
2017-03-25 15:35:06 #log @Dyno#3861: 
2017-03-25 15:35:07 #log @Dyno#3861: 
2017-03-25 15:37:06 #log @Dyno#3861: 
2017-03-25 15:38:56 #log @Dyno#3861: 
2017-03-25 15:59:08 #log @Dyno#3861: 
2017-03-25 15:59:46 #log @Dyno#3861: 
2017-03-25 16:23:37 #log @Dyno#3861: 
2017-03-25 16:23:37 #log @Dyno#3861: 
2017-03-25 16:23:38 #log @Dyno#3861: 
2017-03-25 16:24:02 #log @Dyno#3861: 
2017-03-25 16:24:08 #log @Dyno#3861: 
2017-03-25 16:24:08 #log @Dyno#3861: 
2017-03-25 16:25:04 #log @Dyno#3861: 
2017-03-25 16:25:20 #log @Dyno#3861: 
2017-03-27 23:14:21 #log @Dyno#3861: 
2017-03-27 23:18:03 #log @Dyno#3861: 
2017-03-27 23:18:03 #log @Dyno#3861: 
2017-03-28 19:03:22 #log @Dyno#3861: 
2017-03-30 23:05:32 #log @Dyno#3861: 
2017-03-30 23:05:52 #log @Dyno#3861: 
2017-03-30 23:09:58 #log @Dyno#3861: 
2017-03-30 23:09:59 #log @Dyno#3861: 
2017-03-30 23:09:59 #log @Dyno#3861: 
2017-03-30 23:29:09 #log @Dyno#3861: 
2017-03-30 23:29:14 #log @Dyno#3861: 
2017-03-30 23:34:23 #log @Dyno#3861: 
2017-03-31 16:43:11 #log @Dyno#3861: 
2017-03-31 16:43:15 #log @Dyno#3861: 
2017-03-31 23:35:38 #log @Dyno#3861: 
2017-03-31 23:35:51 #log @Dyno#3861: 
2017-03-31 23:38:45 #log @Dyno#3861: 
2017-03-31 23:38:46 #log @Dyno#3861: 
2017-03-31 23:39:02 #log @Dyno#3861: 
2017-03-31 23:39:03 #log @Dyno#3861: 
2017-03-31 23:39:03 #log @Dyno#3861: 
2017-03-31 23:39:04 #log @Dyno#3861: 
2017-03-31 23:39:04 #log @Dyno#3861: 
2017-03-31 23:39:08 #log @Dyno#3861: 
2017-03-31 23:39:09 #log @Dyno#3861: 
2017-03-31 23:39:56 #log @Dyno#3861: 
2017-03-31 23:39:57 #log @Dyno#3861: 
2017-03-31 23:39:57 #log @Dyno#3861: 
2017-03-31 23:39:58 #log @Dyno#3861: 
2017-03-31 23:40:45 #log @Dyno#3861: 
2017-03-31 23:40:46 #log @Dyno#3861: 
2017-03-31 23:44:35 #log @Dyno#3861: 
2017-03-31 23:44:35 #log @Dyno#3861: 
2017-03-31 23:45:37 #log @Dyno#3861: 
2017-03-31 23:45:37 #log @Dyno#3861: 
2017-03-31 23:48:47 #log @Dyno#3861: 
2017-03-31 23:48:47 #log @Dyno#3861: 
2017-03-31 23:51:07 #log @Dyno#3861: 
2017-03-31 23:52:47 #log @Dyno#3861: 
2017-03-31 23:52:47 #log @Dyno#3861: 
2017-03-31 23:53:13 #log @Dyno#3861: 
2017-03-31 23:53:14 #log @Dyno#3861: 
2017-03-31 23:53:22 #log @Dyno#3861: 
2017-03-31 23:53:22 #log @Dyno#3861: 
2017-03-31 23:57:07 #log @Dyno#3861: 
2017-03-31 23:57:08 #log @Dyno#3861: 
2017-04-01 00:00:42 #log @Dyno#3861: 
2017-04-01 00:00:43 #log @Dyno#3861: 
2017-04-01 00:01:01 #log @Dyno#3861: 
2017-04-01 00:01:05 #log @Dyno#3861: 
2017-04-01 00:05:20 #log @Dyno#3861: 
2017-04-01 00:05:20 #log @Dyno#3861: 
2017-04-01 00:08:54 #log @Dyno#3861: 
2017-04-01 00:08:54 #log @Dyno#3861: 
2017-04-01 00:08:55 #log @Dyno#3861: 
2017-04-01 00:08:58 #log @Dyno#3861: 
2017-04-01 00:12:34 #log @Dyno#3861: 
2017-04-01 00:12:35 #log @Dyno#3861: 
2017-04-01 00:13:45 #log @Dyno#3861: 
2017-04-01 00:13:55 #log @Dyno#3861: 
2017-04-01 00:16:11 #log @Dyno#3861: 
2017-04-01 00:17:12 #log @Dyno#3861: 
2017-04-01 00:17:12 #log @Dyno#3861: 
2017-04-01 00:19:17 #log @Dyno#3861: 
2017-04-01 00:21:57 #log @Dyno#3861: 
2017-04-01 00:21:57 #log @Dyno#3861: 
2017-04-01 00:22:01 #log @Dyno#3861: 
2017-04-01 00:22:12 #log @Dyno#3861: 
2017-04-01 00:22:17 #log @Dyno#3861: 
2017-04-01 00:56:49 #log @Dyno#3861: 
2017-04-01 17:45:02 #log @Dyno#3861: 
2017-04-01 17:48:28 #log @Dyno#3861: 
2017-04-01 17:50:12 #log @Dyno#3861: 
2017-04-01 17:50:20 #log @Dyno#3861: 
2017-04-01 17:50:23 #log @Dyno#3861: 
2017-04-01 17:50:29 #log @Dyno#3861: 
2017-04-01 17:58:56 #log @Dyno#3861: 
2017-04-01 17:58:59 #log @Dyno#3861: 
2017-04-01 17:59:04 #log @Dyno#3861: 
2017-04-01 17:59:23 #log @Dyno#3861: 
2017-04-01 17:59:33 #log @Dyno#3861: 
2017-04-01 17:59:49 #log @Dyno#3861: 
2017-04-01 17:59:51 #log @Dyno#3861: 
2017-04-01 17:59:55 #log @Dyno#3861: 
2017-04-01 17:59:58 #log @Dyno#3861: 
2017-04-03 17:33:19 #log @Dyno#3861: 
2017-04-04 19:31:35 #log @Dyno#3861: 
2017-04-08 22:51:15 #log @Dyno#3861: 
2017-04-08 22:51:36 #log @Dyno#3861: 
2017-04-10 19:49:58 #log @Dyno#3861: 
2017-04-11 19:27:35 #log @Dyno#3861: 
2017-04-18 21:59:16 #log @Dyno#3861: 
2017-04-20 17:02:37 #log @Dyno#3861: 
2017-04-20 17:02:37 #log @Dyno#3861: 
2017-04-20 17:02:38 #log @Dyno#3861: 
2017-04-20 17:04:17 #log @Dyno#3861: 
2017-04-20 17:04:36 #log @Dyno#3861: 
2017-04-20 17:05:17 #log @Dyno#3861: 
2017-04-20 17:05:57 #log @Dyno#3861: 
2017-04-20 18:07:13 #log @Dyno#3861: 
2017-04-20 18:07:13 #log @Dyno#3861: 
2017-04-20 18:07:14 #log @Dyno#3861: 
2017-04-20 18:07:42 #log @Dyno#3861: 
2017-04-20 18:56:07 #log @Dyno#3861: 
2017-04-20 19:12:34 #log @Dyno#3861: 
2017-04-23 19:52:35 #log @Dyno#3861: 
2017-04-23 21:25:18 #log @Dyno#3861: 
2017-04-24 21:44:07 #log @Dyno#3861: 
2017-04-24 21:44:07 #log @Dyno#3861: 
2017-04-24 21:44:08 #log @Dyno#3861: 
2017-04-24 21:52:21 #log @Dyno#3861: 
2017-04-24 21:52:21 #log @Dyno#3861: 
2017-04-24 21:52:23 #log @Dyno#3861: 
2017-04-24 21:52:23 #log @Dyno#3861: 
2017-04-24 21:52:24 #log @Dyno#3861: 
2017-04-24 21:52:27 #log @Dyno#3861: 
2017-04-24 21:52:28 #log @Dyno#3861: 
2017-04-24 21:53:13 #log @Dyno#3861: 
2017-04-24 21:55:20 #log @Dyno#3861: 
2017-04-24 21:56:40 #log @Dyno#3861: 
2017-04-24 22:20:46 #log @Dyno#3861: 
2017-04-24 22:21:04 #log @Dyno#3861: 
2017-04-24 22:21:42 #log @Dyno#3861: 
2017-04-24 22:24:08 #log @Dyno#3861: 
2017-04-24 22:24:29 #log @Dyno#3861: 
2017-04-24 22:32:46 #log @Dyno#3861: 
2017-04-24 22:33:32 #log @Dyno#3861: 
2017-04-24 22:47:02 #log @Dyno#3861: 
2017-04-24 22:51:12 #log @Dyno#3861: Deleted message from VyrenGames#3859 in #coords for talking in coords channel\n```gdsgfds```
2017-04-24 22:51:13 #log @Dyno#3861: Deleted message from VyrenGames#3859 in #coords for talking in coords channel\n```gfds```
2017-04-24 22:51:13 #log @Dyno#3861: Deleted message from VyrenGames#3859 in #coords for talking in coords channel\n```g```
2017-04-24 22:51:14 #log @Dyno#3861: Deleted message from VyrenGames#3859 in #coords for talking in coords channel\n```fds```
2017-04-24 22:51:14 #log @Dyno#3861: Deleted message from VyrenGames#3859 in #coords for talking in coords channel\n```g```
2017-04-24 22:51:18 #log @Dyno#3861: Deleted message from VyrenGames#3859 in #coords for talking in coords channel\n```dfs```
2017-04-24 22:51:18 #log @Dyno#3861: Deleted message from VyrenGames#3859 in #coords for talking in coords channel\n```g```
2017-04-24 22:51:19 #log @Dyno#3861: Deleted message from VyrenGames#3859 in #coords for talking in coords channel\n```dfgfdgdf```
2017-04-24 23:01:53 #log @Dyno#3861: Deleted message from VyrenGames#3859 in #coords for talking in coords channel\n```oh, thats a good one```
2017-05-26 23:34:40 #log @VyrenGames#3859: --updates add
2017-05-26 23:34:41 #log @Rust Updates#2700: :white_check_mark: Rust Updates - Rust Updates for the channel `log` are now enabled!
2017-05-31 18:41:35 #log @VyrenGames#3859: --commits add
2017-05-31 18:41:35 #log @Rust Updates#2700: :white_check_mark: Rust Commits - Rust Commits for the channel `log` are now enabled!
2017-05-31 19:40:20 #log @Rust Updates#2700: 
2017-05-31 19:52:16 #log @Rust Updates#2700: 
2017-05-31 19:56:15 #log @Rust Updates#2700: 
2017-06-01 00:41:13 #log @Rust Updates#2700: 
2017-06-01 02:51:12 #log @Rust Updates#2700: 
2017-06-01 02:55:13 #log @Rust Updates#2700: 
2017-06-01 03:27:30 #log @VyrenGames#3859: --commit remove
2017-06-01 03:27:58 #log @VyrenGames#3859: --commits remove
2017-06-01 03:27:59 #log @Rust Updates#2700: :white_check_mark: Rust Commits - Rust Commits feed has been removed from this Discord guild.
2017-06-01 18:58:14 #log @Rust Updates#2700: 
2017-06-01 18:58:14 #log @Rust Updates#2700: @​everyone
2017-06-01 19:30:33 #log @Rust Updates#2700: 
2017-06-01 19:30:33 #log @Rust Updates#2700: @​everyone
2017-06-02 08:58:02 #log @Rust Updates#2700: 
2017-06-02 08:58:03 #log @Rust Updates#2700: @​everyone
2017-06-04 14:15:14 #log @VyrenGames#3859: $log
2017-06-04 14:15:19 #log @VyrenGames#3859: $help
2017-06-15 01:11:47 #log @VyrenGames#3859: $modlog
2017-06-15 01:11:56 #log @VyrenGames#3859: $modset modlog
2017-06-15 01:11:56 #log @Red Magician#9411: ```\n$modset modlog [channel]\n\nSets a channel as mod log\n\nLeaving the channel parameter empty will deactivate it\n\n```
2017-01-04 03:36:31 #log @Dyno#3861: 
2017-01-04 03:37:14 #log @Dyno#3861: 
2017-01-04 03:56:24 #log @VyrenGames#3859: !hello
2017-01-04 03:56:27 #log @VyrenGames#3859: !test
2017-01-04 03:56:30 #log @VyrenGames#3859: !info
2017-01-04 03:56:30 #log @Dyno#3861: 
2017-01-04 03:57:47 #log @Dyno#3861: 
2017-01-04 03:58:30 #log @Dyno#3861: 
2017-01-04 03:58:34 #log @Dyno#3861: 
2017-01-04 03:58:43 #log @Dyno#3861: 
2017-01-04 03:58:45 #log @Dyno#3861: 
2017-01-04 03:59:32 #log @Dyno#3861: 
2017-01-04 04:01:56 #log @Dyno#3861: 
2017-01-04 04:02:21 #log @Dyno#3861: 
2017-01-04 04:02:30 #log @Dyno#3861: 
2017-01-04 04:02:31 #log @Dyno#3861: 
2017-01-04 04:02:39 #log @Dyno#3861: 
2017-01-04 04:02:40 #log @Dyno#3861: 
2017-01-04 04:05:34 #log @Dyno#3861: 
2017-01-04 04:21:52 #log @Dyno#3861: 
2017-01-04 04:24:44 #log @Dyno#3861: 
2017-01-04 04:24:45 #log @Dyno#3861: 
2017-01-04 04:25:40 #log @Dyno#3861: 
2017-01-04 04:35:17 #log @Dyno#3861: 
2017-01-04 04:35:46 #log @Dyno#3861: 
2017-01-04 04:41:42 #log @Dyno#3861: 
2017-01-04 05:24:03 #log @Dyno#3861: 
2017-01-04 22:35:56 #log @Dyno#3861: 
2017-01-04 22:36:02 #log @Dyno#3861: 
2017-01-04 22:36:09 #log @Dyno#3861: 
2017-01-04 22:49:24 #log @Dyno#3861: 
2017-01-04 22:50:22 #log @Dyno#3861: 
2017-01-04 22:50:23 #log @Dyno#3861: 
2017-01-04 22:51:49 #log @Dyno#3861: 
2017-01-04 22:51:53 #log @Dyno#3861: 
2017-01-04 22:52:04 #log @Dyno#3861: 
2017-01-04 22:52:07 #log @Dyno#3861: 
2017-01-04 22:52:18 #log @Dyno#3861: 
2017-01-04 22:52:25 #log @Dyno#3861: 
2017-01-04 22:52:35 #log @Dyno#3861: 
2017-01-08 04:41:19 #log @Dyno#3861: 
2017-01-08 04:41:41 #log @Dyno#3861: 
2017-01-08 04:43:08 #log @Dyno#3861: 
2017-01-08 04:43:21 #log @Dyno#3861: 
2017-01-08 18:04:20 #log @Dyno#3861: 
2017-01-08 18:04:27 #log @Dyno#3861: 
2017-01-08 19:18:34 #log @Dyno#3861: 
2017-01-08 19:55:05 #log @Dyno#3861: 
2017-01-08 20:01:02 #log @Dyno#3861: 
2017-01-08 20:01:09 #log @Dyno#3861: 
2017-01-08 20:01:10 #log @Dyno#3861: 
2017-01-08 20:01:21 #log @Dyno#3861: 
2017-01-08 20:01:54 #log @Dyno#3861: 
2017-01-08 20:02:00 #log @Dyno#3861: 
2017-01-08 20:02:27 #log @Dyno#3861: 
2017-01-08 22:36:11 #log @Dyno#3861: 
2017-01-08 22:44:58 #log @Dyno#3861: 
2017-01-08 22:45:02 #log @Dyno#3861: 
2017-01-09 01:12:05 #log @Dyno#3861: 
2017-01-09 01:12:10 #log @Dyno#3861: 
2017-01-09 01:15:32 #log @Dyno#3861: 
2017-01-09 01:15:56 #log @Dyno#3861: 
2017-01-09 03:10:15 #log @Dyno#3861: 
2017-01-09 03:11:36 #log @Dyno#3861: 
2017-01-24 04:07:50 #log @Dyno#3861: 
2017-01-24 04:08:05 #log @Dyno#3861: 
2017-01-24 04:15:52 #log @Dyno#3861: 
2017-01-24 04:15:52 #log @Dyno#3861: 
2017-01-24 04:15:52 #log @Dyno#3861: 
2017-01-24 04:36:26 #log @Dyno#3861: 
2017-01-24 04:36:27 #log @Dyno#3861: 
2017-01-24 04:36:27 #log @Dyno#3861: 
2017-01-24 04:37:33 #log @Dyno#3861: 
2017-01-24 05:07:26 #log @Dyno#3861: 
2017-01-24 05:08:00 #log @Dyno#3861: 
2017-01-24 19:40:11 #log @Dyno#3861: 
2017-01-24 19:40:11 #log @Dyno#3861: 
2017-01-26 03:07:44 #log @Dyno#3861: 
2017-01-26 03:07:57 #log @Dyno#3861: 
2017-01-26 15:44:38 #log @Dyno#3861: 
2017-01-26 15:45:05 #log @Dyno#3861: 
2017-01-26 15:45:14 #log @Dyno#3861: 
2017-01-26 15:45:20 #log @Dyno#3861: 
2017-01-27 03:30:08 #log @Dyno#3861: 
2017-01-27 03:59:09 #log @Dyno#3861: 
2017-02-01 02:04:34 #log @Dyno#3861: 
2017-02-01 02:10:38 #log @Dyno#3861: 
2017-02-01 02:10:39 #log @Dyno#3861: 
2017-02-01 02:10:39 #log @Dyno#3861: 
2017-02-01 02:10:48 #log @Dyno#3861: 
2017-02-01 02:10:58 #log @Dyno#3861: 
2017-02-01 02:15:38 #log @Dyno#3861: 
2017-02-01 02:15:43 #log @Dyno#3861: 
2017-02-01 02:15:45 #log @Dyno#3861: 
2017-02-01 02:15:59 #log @Dyno#3861: 
2017-02-01 02:16:11 #log @Dyno#3861: 
2017-02-01 02:16:19 #log @Dyno#3861: 
2017-02-01 02:16:24 #log @Dyno#3861: 
2017-02-01 02:24:09 #log @Dyno#3861: 
2017-02-01 02:29:35 #log @Dyno#3861: 
2017-02-01 15:46:49 #log @Dyno#3861: 
2017-02-01 16:43:49 #log @Dyno#3861: 
2017-02-03 02:46:34 #log @Dyno#3861: 
2017-02-03 03:43:42 #log @Dyno#3861: 
2017-02-03 03:43:42 #log @Dyno#3861: 
2017-02-03 03:43:43 #log @Dyno#3861: 
2017-02-03 03:44:35 #log @Dyno#3861: 
2017-02-03 03:44:35 #log @Dyno#3861: 
2017-02-03 03:44:36 #log @Dyno#3861: 
2017-02-03 03:44:54 #log @Dyno#3861: 
2017-02-03 03:44:55 #log @Dyno#3861: 
2017-02-03 03:45:05 #log @Dyno#3861: 
2017-02-03 03:45:05 #log @Dyno#3861: 
2017-02-03 03:45:06 #log @Dyno#3861: 
2017-02-07 13:20:17 #log @Dyno#3861: 
2017-02-07 13:20:26 #log @Dyno#3861: 
2017-02-07 13:43:39 #log @Dyno#3861: 
2017-02-07 13:43:49 #log @Dyno#3861: 
2017-02-12 17:06:18 #log @Dyno#3861: 
2017-02-12 17:06:18 #log @Dyno#3861: 
2017-02-12 17:06:19 #log @Dyno#3861: 
2017-02-12 17:31:52 #log @Dyno#3861: 
2017-02-12 17:37:52 #log @VyrenGames#3859: .logevents
2017-02-12 17:37:52 #log @Nadeko#8665: 
2017-02-12 17:38:14 #log @VyrenGames#3859: .logserver
2017-02-12 17:38:35 #log @VyrenGames#3859: .logserver enable
2017-02-12 17:38:36 #log @Nadeko#8665: 
2017-02-12 17:38:52 #log @Nadeko#8665: 
2017-02-12 17:38:52 #log @Dyno#3861: 
2017-02-12 17:39:20 #log @Dyno#3861: 
2017-02-12 17:39:20 #log @Nadeko#8665: 
2017-02-12 17:44:22 #log @Nadeko#8665: 
2017-02-12 17:44:22 #log @Dyno#3861: 
2017-02-12 17:44:27 #log @Nadeko#8665: 
2017-02-12 17:44:28 #log @Dyno#3861: 
2017-02-12 17:44:39 #log @VyrenGames#3859: .announce Useless spam
2017-02-12 17:44:39 #log @Nadeko#8665: 
2017-02-12 17:52:44 #log @VyrenGames#3859: https://nadekobot.readthedocs.io/en/latest/Commands%20List/
2017-02-12 17:53:11 #log @Nadeko#8665: 
2017-02-12 17:53:11 #log @Dyno#3861: 
2017-02-12 17:53:19 #log @Nadeko#8665: 
2017-02-12 17:53:20 #log @Dyno#3861: 
2017-02-12 18:50:48 #log @Nadeko#8665: 
2017-02-12 18:50:48 #log @Dyno#3861: 
2017-02-12 18:51:31 #log @Nadeko#8665: 
2017-02-12 18:51:31 #log @Dyno#3861: 
2017-02-12 18:59:43 #log @Nadeko#8665: 
2017-02-12 18:59:43 #log @Dyno#3861: 
2017-02-12 19:00:01 #log @Nadeko#8665: 
2017-02-12 19:00:01 #log @Dyno#3861: 
2017-02-12 19:00:14 #log @Nadeko#8665: 
2017-02-12 19:00:14 #log @Dyno#3861: 
2017-02-12 19:00:33 #log @Nadeko#8665: 
2017-02-12 19:00:34 #log @Dyno#3861: 
2017-02-12 19:08:17 #log @VyrenGames#3859: .log
2017-02-12 19:09:31 #log @VyrenGames#3859: .logserver disable
2017-02-12 19:09:31 #log @Nadeko#8665: 
2017-02-12 19:10:53 #log @Dyno#3861: 
2017-02-12 19:11:36 #log @Dyno#3861: 
2017-02-12 19:11:51 #log @Dyno#3861: 
2017-02-12 19:11:57 #log @Dyno#3861: 
2017-02-12 19:12:01 #log @Dyno#3861: 
2017-02-12 19:12:11 #log @Dyno#3861: 
2017-02-12 19:12:24 #log @Dyno#3861: 
2017-02-12 19:12:33 #log @Dyno#3861: 
2017-02-12 19:13:49 #log @Dyno#3861: 
2017-02-12 19:13:50 #log @Dyno#3861: 
2017-02-12 19:17:07 #log @Dyno#3861: 
2017-02-12 19:17:07 #log @Dyno#3861: 
2017-02-12 19:17:43 #log @Dyno#3861: 
2017-02-12 19:17:43 #log @Dyno#3861: 
2017-02-12 19:17:53 #log @Dyno#3861: 
2017-02-12 19:17:54 #log @Dyno#3861: 
2017-02-12 19:18:17 #log @Dyno#3861: 
2017-02-12 19:18:31 #log @Dyno#3861: 
2017-02-12 19:18:33 #log @Dyno#3861: 
2017-02-12 19:18:36 #log @Dyno#3861: 
2017-02-12 19:18:37 #log @Dyno#3861: 
2017-02-12 19:18:37 #log @Dyno#3861: 
2017-02-12 19:18:44 #log @Dyno#3861: 
2017-02-12 19:18:47 #log @Dyno#3861: 
2017-02-12 19:18:47 #log @Dyno#3861: 
2017-02-12 19:18:48 #log @Dyno#3861: 
2017-02-12 19:18:51 #log @Dyno#3861: 
2017-02-12 19:18:51 #log @Dyno#3861: 
2017-02-12 19:18:52 #log @Dyno#3861: 
2017-02-12 19:18:59 #log @Dyno#3861: 
2017-02-12 19:19:00 #log @Dyno#3861: 
2017-02-12 19:19:04 #log @Dyno#3861: 
2017-02-12 19:43:05 #log @Dyno#3861: 
2017-02-12 19:56:37 #log @Dyno#3861: 
2017-02-12 19:56:53 #log @Dyno#3861: 
2017-02-12 19:57:04 #log @Dyno#3861: 
2017-02-12 19:59:14 #log @Dyno#3861: 
2017-02-12 20:03:46 #log @Dyno#3861: 
2017-02-12 20:03:58 #log @Dyno#3861: 
2017-02-12 20:06:02 #log @Dyno#3861: 
2017-02-12 20:06:03 #log @Dyno#3861: 
2017-02-12 20:06:54 #log @Dyno#3861: 
2017-02-12 20:07:20 #log @Dyno#3861: 
2017-02-12 20:20:46 #log @Dyno#3861: 
2017-02-12 20:25:37 #log @Dyno#3861: 
2017-02-12 20:33:45 #log @Dyno#3861: 
2017-02-12 20:41:01 #log @Dyno#3861: 
2017-02-12 20:57:09 #log @Dyno#3861: 
2017-02-12 23:28:17 #log @Dyno#3861: 
2017-02-12 23:35:55 #log @Dyno#3861: 
2017-02-12 23:38:02 #log @Dyno#3861: 
2017-02-12 23:39:31 #log @Dyno#3861: 
2017-02-12 23:39:49 #log @Dyno#3861: 
2017-02-13 07:44:54 #log @Dyno#3861: 
2017-02-13 07:45:44 #log @Dyno#3861: 
2017-02-13 07:57:52 #log @Dyno#3861: 
2017-02-13 07:58:52 #log @Dyno#3861: 
2017-02-13 08:10:47 #log @Dyno#3861: 
2017-02-13 08:24:18 #log @Dyno#3861: 
2017-02-13 08:28:59 #log @Dyno#3861: 
2017-02-13 08:33:28 #log @Dyno#3861: 
2017-02-13 08:33:38 #log @Dyno#3861: 
2017-02-13 08:34:07 #log @Dyno#3861: 
2017-02-13 08:58:52 #log @Dyno#3861: 
2017-02-13 08:58:54 #log @Dyno#3861: 
2017-02-13 08:59:23 #log @Dyno#3861: 
2017-02-13 14:04:07 #log @Dyno#3861: 
2017-02-13 14:22:07 #log @Dyno#3861: 
2017-02-13 14:22:08 #log @Dyno#3861: 
2017-02-13 14:22:31 #log @Dyno#3861: 
2017-02-13 14:29:03 #log @Dyno#3861: 
2017-02-13 14:31:13 #log @Dyno#3861: 
2017-02-13 14:31:56 #log @Dyno#3861: 
2017-02-13 14:32:34 #log @Dyno#3861: 
2017-02-13 15:26:57 #log @Dyno#3861: 
2017-02-13 15:27:08 #log @Dyno#3861: 
2017-02-13 15:27:14 #log @Dyno#3861: 
2017-02-13 15:38:36 #log @Dyno#3861: 
2017-02-13 16:23:36 #log @Dyno#3861: 
2017-02-13 16:27:03 #log @Dyno#3861: 
2017-02-13 16:27:14 #log @Dyno#3861: 
2017-02-13 16:29:21 #log @Dyno#3861: 
2017-02-13 16:29:35 #log @Dyno#3861: 
2017-02-13 16:48:43 #log @Dyno#3861: 
2017-02-13 16:49:25 #log @Dyno#3861: 
2017-02-13 16:49:29 #log @Dyno#3861: 
2017-02-13 16:49:41 #log @Dyno#3861: 
2017-02-13 17:01:50 #log @Dyno#3861: 
2017-02-13 17:27:03 #log @Dyno#3861: 
2017-02-13 17:27:08 #log @Dyno#3861: 
2017-02-13 17:27:12 #log @Dyno#3861: 
2017-02-13 17:27:20 #log @Dyno#3861: 
2017-02-13 19:19:55 #log @Dyno#3861: 
2017-02-13 19:32:02 #log @Dyno#3861: 
2017-02-13 19:33:02 #log @Dyno#3861: 
2017-02-13 19:34:02 #log @Dyno#3861: 
2017-02-13 19:35:01 #log @Dyno#3861: 
2017-02-13 19:36:02 #log @Dyno#3861: 
2017-02-13 19:37:02 #log @Dyno#3861: 
2017-02-13 19:38:02 #log @Dyno#3861: 
2017-02-13 19:39:02 #log @Dyno#3861: 
2017-02-13 19:40:02 #log @Dyno#3861: 
2017-02-13 19:41:01 #log @Dyno#3861: 
2017-02-13 19:42:02 #log @Dyno#3861: 
2017-02-13 19:43:02 #log @Dyno#3861: 
2017-02-13 19:44:01 #log @Dyno#3861: 
2017-02-13 19:45:02 #log @Dyno#3861: 
2017-02-13 19:46:03 #log @Dyno#3861: 
2017-02-13 19:47:02 #log @Dyno#3861: 
2017-02-13 19:48:02 #log @Dyno#3861: 
2017-02-13 19:49:02 #log @Dyno#3861: 
2017-02-13 19:50:02 #log @Dyno#3861: 
2017-02-13 19:51:02 #log @Dyno#3861: 
2017-02-13 19:52:02 #log @Dyno#3861: 
2017-02-13 19:53:02 #log @Dyno#3861: 
2017-02-13 19:54:02 #log @Dyno#3861: 
2017-02-13 19:55:02 #log @Dyno#3861: 
2017-02-13 19:56:02 #log @Dyno#3861: 
2017-02-13 19:57:02 #log @Dyno#3861: 
2017-02-13 19:58:02 #log @Dyno#3861: 
2017-02-13 19:59:02 #log @Dyno#3861: 
2017-02-13 20:00:02 #log @Dyno#3861: 
2017-02-13 20:01:10 #log @Dyno#3861: 
2017-02-13 20:01:44 #log @Dyno#3861: 
2017-02-13 20:08:45 #log @Dyno#3861: 
2017-02-13 23:36:58 #log @Dyno#3861: 
2017-02-13 23:40:17 #log @Dyno#3861: 
2017-02-13 23:41:08 #log @Dyno#3861: 
2017-02-13 23:41:15 #log @Dyno#3861: 
2017-02-13 23:45:30 #log @Dyno#3861: 
2017-02-13 23:45:44 #log @Dyno#3861: 
2017-02-13 23:52:08 #log @Dyno#3861: 
2017-02-14 00:11:47 #log @Dyno#3861: 
2017-02-14 00:13:44 #log @Dyno#3861: 
2017-02-14 04:13:53 #log @Dyno#3861: 
2017-02-14 04:14:32 #log @Dyno#3861: 
2017-02-14 05:49:23 #log @Dyno#3861: 
2017-02-14 05:49:51 #log @Dyno#3861: 
2017-02-14 05:54:07 #log @Dyno#3861: 
2017-02-14 05:57:03 #log @Dyno#3861: 
2017-02-14 06:00:50 #log @Dyno#3861: 
2017-02-14 06:04:36 #log @Dyno#3861: 
2017-02-14 06:06:52 #log @Dyno#3861: 
2017-02-14 06:06:53 #log @Dyno#3861: 
2017-02-14 06:08:46 #log @Dyno#3861: 
2017-02-14 06:12:36 #log @Dyno#3861: 
2017-02-14 06:16:30 #log @Dyno#3861: 
2017-02-14 06:17:04 #log @Dyno#3861: 
2017-02-14 06:18:11 #log @Dyno#3861: 
2017-02-14 06:20:11 #log @Dyno#3861: 
2017-02-14 13:08:56 #log @Dyno#3861: 
2017-02-14 13:09:12 #log @Dyno#3861: 
2017-02-14 14:18:10 #log @Dyno#3861: 
2017-02-14 14:19:02 #log @Dyno#3861: 
2017-02-14 14:24:04 #log @Dyno#3861: 
2017-02-14 14:24:10 #log @Dyno#3861: 
2017-02-14 21:54:37 #log @Dyno#3861: 
2017-02-14 21:54:49 #log @Dyno#3861: 
2017-02-14 21:58:35 #log @Dyno#3861: 
2017-02-14 22:02:06 #log @Dyno#3861: 
2017-02-14 22:04:07 #log @Dyno#3861: 
2017-02-14 22:28:13 #log @Dyno#3861: 
2017-02-14 22:30:20 #log @Dyno#3861: 
2017-02-15 01:03:24 #log @Dyno#3861: 
2017-02-15 04:34:23 #log @Dyno#3861: 
2017-02-15 06:33:04 #log @Dyno#3861: 
2017-02-15 06:37:06 #log @Dyno#3861: 
2017-02-16 20:53:37 #log @Dyno#3861: 
2017-02-19 15:25:02 #log @Dyno#3861: 
2017-02-19 15:25:02 #log @Dyno#3861: 
2017-02-19 15:25:03 #log @Dyno#3861: 
2017-02-22 04:33:21 #log @Dyno#3861: 
2017-02-26 00:52:23 #log @Dyno#3861: 
2017-02-26 03:06:26 #log @Dyno#3861: 
2017-02-26 03:06:40 #log @Dyno#3861: 
2017-02-26 03:08:05 #log @Dyno#3861: 
2017-02-26 03:10:01 #log @Dyno#3861: 
2017-02-26 07:15:17 #log @Dyno#3861: 
2017-02-26 07:16:22 #log @Dyno#3861: 
2017-02-26 07:50:01 #log @Dyno#3861: 
2017-02-26 07:50:08 #log @Dyno#3861: 
2017-02-26 08:56:22 #log @Dyno#3861: 
2017-02-26 08:58:01 #log @Dyno#3861: 
2017-02-26 15:13:27 #log @Dyno#3861: 
2017-02-26 15:21:36 #log @Dyno#3861: 
2017-02-26 23:18:32 #log @Dyno#3861: 
2017-02-26 23:24:00 #log @Dyno#3861: 
2017-02-26 23:29:30 #log @Dyno#3861: 
2017-02-26 23:32:49 #log @Dyno#3861: 
2017-02-26 23:33:26 #log @Dyno#3861: 
2017-02-26 23:35:20 #log @Dyno#3861: 
2017-02-26 23:35:37 #log @Dyno#3861: 
2017-02-26 23:50:26 #log @Dyno#3861: 
2017-02-26 23:51:39 #log @Dyno#3861: 
2017-02-26 23:52:33 #log @Dyno#3861: 
2017-02-27 00:12:19 #log @Dyno#3861: 
2017-02-27 00:12:19 #log @Dyno#3861: 
2017-02-27 00:13:29 #log @Dyno#3861: 
2017-02-27 00:14:56 #log @Dyno#3861: 
2017-02-27 00:33:59 #log @Dyno#3861: 
2017-02-27 00:34:05 #log @Dyno#3861: 
2017-02-27 00:34:45 #log @Dyno#3861: 
2017-02-27 00:35:15 #log @Dyno#3861: 
2017-02-27 00:35:29 #log @Dyno#3861: 
2017-02-27 00:36:56 #log @Dyno#3861: 
2017-02-27 21:44:08 #log @Dyno#3861: 
2017-02-27 21:44:37 #log @Dyno#3861: 
2017-02-27 21:47:12 #log @Dyno#3861: 
2017-02-27 21:52:13 #log @Dyno#3861: 
2017-02-27 22:17:23 #log @Dyno#3861: 
2017-02-27 22:17:28 #log @Dyno#3861: 
2017-02-27 22:21:47 #log @Dyno#3861: 
2017-02-27 22:24:57 #log @Dyno#3861: 
2017-02-27 22:39:02 #log @Dyno#3861: 
2017-02-27 22:42:55 #log @Dyno#3861: 
2017-02-27 22:49:29 #log @Dyno#3861: 
2017-02-27 22:50:09 #log @Dyno#3861: 
2017-02-27 23:01:32 #log @Dyno#3861: 
2017-02-27 23:54:00 #log @Dyno#3861: 
2017-02-28 00:01:05 #log @Dyno#3861: 
2017-02-28 00:02:34 #log @Dyno#3861: 
2017-02-28 00:06:24 #log @Dyno#3861: 
2017-02-28 21:02:47 #log @Dyno#3861: 
2017-02-28 21:02:48 #log @Dyno#3861: 
2017-02-28 21:02:48 #log @Dyno#3861: 
2017-03-01 04:42:09 #log @Dyno#3861: 
2017-03-01 12:38:21 #log @Dyno#3861: 
2017-03-01 17:27:04 #log @Dyno#3861: 
2017-03-01 18:32:02 #log @Dyno#3861: 
2017-03-01 19:06:14 #log @Dyno#3861: 
2017-03-01 19:07:40 #log @Dyno#3861: 
2017-03-01 19:15:53 #log @Dyno#3861: 
2017-03-01 21:15:14 #log @Dyno#3861: 
2017-03-01 21:53:40 #log @Dyno#3861: 
2017-03-11 23:10:43 #log @Dyno#3861: 
2017-03-11 23:10:43 #log @Dyno#3861: 
2017-03-11 23:10:44 #log @Dyno#3861: 
2017-03-11 23:19:22 #log @Dyno#3861: 
2017-03-11 23:44:36 #log @Dyno#3861: 
2017-03-12 01:54:54 #log @Dyno#3861: 
2017-03-13 16:03:50 #log @Dyno#3861: 
2017-03-13 16:04:56 #log @Dyno#3861: 
2017-03-13 16:04:58 #log @Dyno#3861: 
2017-03-13 16:06:45 #log @Dyno#3861: 
2017-03-13 16:12:29 #log @Dyno#3861: 
2017-03-13 16:14:52 #log @Dyno#3861: 
2017-03-13 16:15:02 #log @Dyno#3861: 
2017-03-13 16:25:09 #log @Dyno#3861: 
2017-03-13 16:32:26 #log @Dyno#3861: 
2017-03-13 16:32:26 #log @Dyno#3861: 
2017-03-13 16:38:22 #log @Dyno#3861: 
2017-03-13 16:39:42 #log @Dyno#3861: 
2017-03-13 16:39:43 #log @Dyno#3861: 
2017-03-13 16:39:43 #log @Dyno#3861: 
2017-03-13 16:39:43 #log @Dyno#3861: 
2017-03-13 16:39:44 #log @Dyno#3861: 
2017-03-13 16:39:48 #log @Dyno#3861: 
2017-03-13 16:45:14 #log @VyrenGames#3859: this is a test
2017-03-13 16:45:17 #log @VyrenGames#3859: testing
2017-03-13 16:45:23 #log @VyrenGames#3859: hgdfhkshgkdfslgfds test gfdgfdsgfd
2017-03-13 16:45:24 #log @VyrenGames#3859: gfdsgfdsg
2017-03-13 16:45:24 #log @VyrenGames#3859: fdgf
2017-03-13 16:45:26 #log @VyrenGames#3859: dsgfdsgfdsghdfgjkldfs
2017-03-13 16:45:26 #log @VyrenGames#3859: gf
2017-03-13 16:45:27 #log @VyrenGames#3859: dsg
2017-03-13 16:45:27 #log @VyrenGames#3859: fds
2017-03-13 16:45:29 #log @VyrenGames#3859: gdfgfdggjgkdfjlgklfdhkls;gfds
2017-03-13 16:45:30 #log @VyrenGames#3859: gfdsgfds
2017-03-13 16:45:30 #log @VyrenGames#3859: gfds
2017-03-13 16:45:32 #log @VyrenGames#3859: gfdsgfdsgfdgkhgjkhjlhgkldf
2017-03-13 16:45:32 #log @VyrenGames#3859: gfd
2017-03-13 16:45:35 #log @VyrenGames#3859: g
2017-03-13 16:45:35 #log @VyrenGames#3859: fd
2017-03-13 16:45:35 #log @VyrenGames#3859: gdfgfdgdghkhdfjkslhkgdfs
2017-03-13 16:45:35 #log @VyrenGames#3859: gfdsgfds
2017-03-13 16:45:38 #log @VyrenGames#3859: gfdsgfdsgfdggksl;gkfdhskgjldfhjkslghfsgjfdgfdg
2017-03-13 16:45:40 #log @VyrenGames#3859: gfdgsglfkdsj;gjfldjsgk;dfsg
2017-03-13 16:45:41 #log @VyrenGames#3859: gfdsgjldfjsklgfds
2017-03-13 16:45:43 #log @VyrenGames#3859: gfdskgfdkshgkjldfhgfjkglfdsgfds
2017-03-13 16:45:47 #log @VyrenGames#3859: gfdsgfdshjkhkkjdhgdfklgfhgjkldfhgfkjgdfhgjjghkdjfghdfjkghfdg
2017-03-13 16:45:47 #log @VyrenGames#3859: dfgdfg
2017-03-13 16:45:48 #log @VyrenGames#3859: g
2017-03-13 16:45:49 #log @VyrenGames#3859: dfgdfgdfgdf
2017-03-13 16:45:56 #log @VyrenGames#3859: test gfdsgfdsgfdsgfdsgfdsget tested
2017-03-13 16:46:04 #log @VyrenGames#3859: dont remove this test m8
2017-03-13 16:46:10 #log @VyrenGames#3859: please, its just a test
2017-03-13 16:46:13 #log @VyrenGames#3859: fdgh
2017-03-13 16:46:14 #log @VyrenGames#3859: gfhgfdhgfdhgfd
2017-03-13 16:54:06 #log @Echo#2101: {replace:test}**@VyrenGames has just said a word on the banned list! They said:** triggerword
2017-03-13 17:07:54 #log @Dyno#3861: 
2017-03-13 17:08:15 #log @Dyno#3861: 
2017-03-13 17:10:26 #log @Dyno#3861: 
2017-03-13 17:25:28 #log @Dyno#3861: 
2017-03-13 17:25:34 #log @Dyno#3861: 
2017-03-13 17:25:37 #log @Dyno#3861: 
2017-03-13 17:25:41 #log @Dyno#3861: 
2017-03-13 17:25:44 #log @Dyno#3861: 
2017-03-13 17:25:54 #log @Dyno#3861: 
2017-03-13 17:25:55 #log @Dyno#3861: 
2017-03-13 17:25:55 #log @Dyno#3861: 
2017-03-13 17:25:56 #log @Dyno#3861: 
2017-03-13 17:26:00 #log @Dyno#3861: 
2017-03-13 17:26:01 #log @Dyno#3861: 
2017-03-13 17:26:04 #log @Dyno#3861: 
2017-03-13 17:26:05 #log @Dyno#3861: 
2017-03-13 17:26:06 #log @Dyno#3861: 
2017-03-13 17:26:06 #log @Dyno#3861: 
2017-03-13 17:26:06 #log @Dyno#3861: 
2017-03-13 17:26:07 #log @Dyno#3861: 
2017-03-13 17:26:08 #log @Dyno#3861: 
2017-03-13 17:26:14 #log @Dyno#3861: 
2017-03-13 17:26:15 #log @Dyno#3861: 
2017-03-13 17:26:17 #log @Dyno#3861: 
2017-03-13 17:26:18 #log @Dyno#3861: 
2017-03-13 17:26:18 #log @Dyno#3861: 
2017-03-13 17:26:20 #log @Dyno#3861: 
2017-03-13 17:26:22 #log @Dyno#3861: 
2017-03-13 17:26:23 #log @Dyno#3861: 
2017-03-13 17:26:27 #log @Dyno#3861: 
2017-03-13 17:26:29 #log @Dyno#3861: 
2017-03-13 17:26:30 #log @Dyno#3861: 
2017-03-13 17:26:31 #log @Dyno#3861: 
2017-03-13 17:26:32 #log @Dyno#3861: 
2017-03-13 17:26:33 #log @Dyno#3861: 
2017-03-19 17:21:06 #log @Dyno#3861: 
2017-03-20 00:06:12 #log @Dyno#3861: 
2017-03-20 00:06:25 #log @Dyno#3861: 
2017-03-20 19:13:48 #log @Dyno#3861: 
2017-03-20 19:27:36 #log @Dyno#3861: 
2017-03-24 04:16:38 #log @Dyno#3861: 
2017-03-25 15:16:02 #log @Dyno#3861: 
2017-03-25 15:16:02 #log @Dyno#3861: 
2017-03-25 15:16:03 #log @Dyno#3861: 
2017-03-25 15:16:32 #log @Dyno#3861: 
2017-03-25 15:16:33 #log @Dyno#3861: 
2017-03-25 15:16:33 #log @Dyno#3861: 
2017-03-25 15:31:57 #log @Dyno#3861: 
2017-03-25 15:35:04 #log @Dyno#3861: 
2017-03-25 15:35:06 #log @Dyno#3861: 
2017-03-25 15:35:06 #log @Dyno#3861: 
2017-03-25 15:35:07 #log @Dyno#3861: 
2017-03-25 15:37:06 #log @Dyno#3861: 
2017-03-25 15:38:56 #log @Dyno#3861: 
2017-03-25 15:59:08 #log @Dyno#3861: 
2017-03-25 15:59:46 #log @Dyno#3861: 
2017-03-25 16:23:37 #log @Dyno#3861: 
2017-03-25 16:23:37 #log @Dyno#3861: 
2017-03-25 16:23:38 #log @Dyno#3861: 
2017-03-25 16:24:02 #log @Dyno#3861: 
2017-03-25 16:24:08 #log @Dyno#3861: 
2017-03-25 16:24:08 #log @Dyno#3861: 
2017-03-25 16:25:04 #log @Dyno#3861: 
2017-03-25 16:25:20 #log @Dyno#3861: 
2017-03-27 23:14:21 #log @Dyno#3861: 
2017-03-27 23:18:03 #log @Dyno#3861: 
2017-03-27 23:18:03 #log @Dyno#3861: 
2017-03-28 19:03:22 #log @Dyno#3861: 
2017-03-30 23:05:32 #log @Dyno#3861: 
2017-03-30 23:05:52 #log @Dyno#3861: 
2017-03-30 23:09:58 #log @Dyno#3861: 
2017-03-30 23:09:59 #log @Dyno#3861: 
2017-03-30 23:09:59 #log @Dyno#3861: 
2017-03-30 23:29:09 #log @Dyno#3861: 
2017-03-30 23:29:14 #log @Dyno#3861: 
2017-03-30 23:34:23 #log @Dyno#3861: 
2017-03-31 16:43:11 #log @Dyno#3861: 
2017-03-31 16:43:15 #log @Dyno#3861: 
2017-03-31 23:35:38 #log @Dyno#3861: 
2017-03-31 23:35:51 #log @Dyno#3861: 
2017-03-31 23:38:45 #log @Dyno#3861: 
2017-03-31 23:38:46 #log @Dyno#3861: 
2017-03-31 23:39:02 #log @Dyno#3861: 
2017-03-31 23:39:03 #log @Dyno#3861: 
2017-03-31 23:39:03 #log @Dyno#3861: 
2017-03-31 23:39:04 #log @Dyno#3861: 
2017-03-31 23:39:04 #log @Dyno#3861: 
2017-03-31 23:39:08 #log @Dyno#3861: 
2017-03-31 23:39:09 #log @Dyno#3861: 
2017-03-31 23:39:56 #log @Dyno#3861: 
2017-03-31 23:39:57 #log @Dyno#3861: 
2017-03-31 23:39:57 #log @Dyno#3861: 
2017-03-31 23:39:58 #log @Dyno#3861: 
2017-03-31 23:40:45 #log @Dyno#3861: 
2017-03-31 23:40:46 #log @Dyno#3861: 
2017-03-31 23:44:35 #log @Dyno#3861: 
2017-03-31 23:44:35 #log @Dyno#3861: 
2017-03-31 23:45:37 #log @Dyno#3861: 
2017-03-31 23:45:37 #log @Dyno#3861: 
2017-03-31 23:48:47 #log @Dyno#3861: 
2017-03-31 23:48:47 #log @Dyno#3861: 
2017-03-31 23:51:07 #log @Dyno#3861: 
2017-03-31 23:52:47 #log @Dyno#3861: 
2017-03-31 23:52:47 #log @Dyno#3861: 
2017-03-31 23:53:13 #log @Dyno#3861: 
2017-03-31 23:53:14 #log @Dyno#3861: 
2017-03-31 23:53:22 #log @Dyno#3861: 
2017-03-31 23:53:22 #log @Dyno#3861: 
2017-03-31 23:57:07 #log @Dyno#3861: 
2017-03-31 23:57:08 #log @Dyno#3861: 
2017-04-01 00:00:42 #log @Dyno#3861: 
2017-04-01 00:00:43 #log @Dyno#3861: 
2017-04-01 00:01:01 #log @Dyno#3861: 
2017-04-01 00:01:05 #log @Dyno#3861: 
2017-04-01 00:05:20 #log @Dyno#3861: 
2017-04-01 00:05:20 #log @Dyno#3861: 
2017-04-01 00:08:54 #log @Dyno#3861: 
2017-04-01 00:08:54 #log @Dyno#3861: 
2017-04-01 00:08:55 #log @Dyno#3861: 
2017-04-01 00:08:58 #log @Dyno#3861: 
2017-04-01 00:12:34 #log @Dyno#3861: 
2017-04-01 00:12:35 #log @Dyno#3861: 
2017-04-01 00:13:45 #log @Dyno#3861: 
2017-04-01 00:13:55 #log @Dyno#3861: 
2017-04-01 00:16:11 #log @Dyno#3861: 
2017-04-01 00:17:12 #log @Dyno#3861: 
2017-04-01 00:17:12 #log @Dyno#3861: 
2017-04-01 00:19:17 #log @Dyno#3861: 
2017-04-01 00:21:57 #log @Dyno#3861: 
2017-04-01 00:21:57 #log @Dyno#3861: 
2017-04-01 00:22:01 #log @Dyno#3861: 
2017-04-01 00:22:12 #log @Dyno#3861: 
2017-04-01 00:22:17 #log @Dyno#3861: 
2017-04-01 00:56:49 #log @Dyno#3861: 
2017-04-01 17:45:02 #log @Dyno#3861: 
2017-04-01 17:48:28 #log @Dyno#3861: 
2017-04-01 17:50:12 #log @Dyno#3861: 
2017-04-01 17:50:20 #log @Dyno#3861: 
2017-04-01 17:50:23 #log @Dyno#3861: 
2017-04-01 17:50:29 #log @Dyno#3861: 
2017-04-01 17:58:56 #log @Dyno#3861: 
2017-04-01 17:58:59 #log @Dyno#3861: 
2017-04-01 17:59:04 #log @Dyno#3861: 
2017-04-01 17:59:23 #log @Dyno#3861: 
2017-04-01 17:59:33 #log @Dyno#3861: 
2017-04-01 17:59:49 #log @Dyno#3861: 
2017-04-01 17:59:51 #log @Dyno#3861: 
2017-04-01 17:59:55 #log @Dyno#3861: 
2017-04-01 17:59:58 #log @Dyno#3861: 
2017-04-03 17:33:19 #log @Dyno#3861: 
2017-04-04 19:31:35 #log @Dyno#3861: 
2017-04-08 22:51:15 #log @Dyno#3861: 
2017-04-08 22:51:36 #log @Dyno#3861: 
2017-04-10 19:49:58 #log @Dyno#3861: 
2017-04-11 19:27:35 #log @Dyno#3861: 
2017-04-18 21:59:16 #log @Dyno#3861: 
2017-04-20 17:02:37 #log @Dyno#3861: 
2017-04-20 17:02:37 #log @Dyno#3861: 
2017-04-20 17:02:38 #log @Dyno#3861: 
2017-04-20 17:04:17 #log @Dyno#3861: 
2017-04-20 17:04:36 #log @Dyno#3861: 
2017-04-20 17:05:17 #log @Dyno#3861: 
2017-04-20 17:05:57 #log @Dyno#3861: 
2017-04-20 18:07:13 #log @Dyno#3861: 
2017-04-20 18:07:13 #log @Dyno#3861: 
2017-04-20 18:07:14 #log @Dyno#3861: 
2017-04-20 18:07:42 #log @Dyno#3861: 
2017-04-20 18:56:07 #log @Dyno#3861: 
2017-04-20 19:12:34 #log @Dyno#3861: 
2017-04-23 19:52:35 #log @Dyno#3861: 
2017-04-23 21:25:18 #log @Dyno#3861: 
2017-04-24 21:44:07 #log @Dyno#3861: 
2017-04-24 21:44:07 #log @Dyno#3861: 
2017-04-24 21:44:08 #log @Dyno#3861: 
2017-04-24 21:52:21 #log @Dyno#3861: 
2017-04-24 21:52:21 #log @Dyno#3861: 
2017-04-24 21:52:23 #log @Dyno#3861: 
2017-04-24 21:52:23 #log @Dyno#3861: 
2017-04-24 21:52:24 #log @Dyno#3861: 
2017-04-24 21:52:27 #log @Dyno#3861: 
2017-04-24 21:52:28 #log @Dyno#3861: 
2017-04-24 21:53:13 #log @Dyno#3861: 
2017-04-24 21:55:20 #log @Dyno#3861: 
2017-04-24 21:56:40 #log @Dyno#3861: 
2017-04-24 22:20:46 #log @Dyno#3861: 
2017-04-24 22:21:04 #log @Dyno#3861: 
2017-04-24 22:21:42 #log @Dyno#3861: 
2017-04-24 22:24:08 #log @Dyno#3861: 
2017-04-24 22:24:29 #log @Dyno#3861: 
2017-04-24 22:32:46 #log @Dyno#3861: 
2017-04-24 22:33:32 #log @Dyno#3861: 
2017-04-24 22:47:02 #log @Dyno#3861: 
2017-04-24 22:51:12 #log @Dyno#3861: Deleted message from VyrenGames#3859 in #coords for talking in coords channel\n```gdsgfds```
2017-04-24 22:51:13 #log @Dyno#3861: Deleted message from VyrenGames#3859 in #coords for talking in coords channel\n```gfds```
2017-04-24 22:51:13 #log @Dyno#3861: Deleted message from VyrenGames#3859 in #coords for talking in coords channel\n```g```
2017-04-24 22:51:14 #log @Dyno#3861: Deleted message from VyrenGames#3859 in #coords for talking in coords channel\n```fds```
2017-04-24 22:51:14 #log @Dyno#3861: Deleted message from VyrenGames#3859 in #coords for talking in coords channel\n```g```
2017-04-24 22:51:18 #log @Dyno#3861: Deleted message from VyrenGames#3859 in #coords for talking in coords channel\n```dfs```
2017-04-24 22:51:18 #log @Dyno#3861: Deleted message from VyrenGames#3859 in #coords for talking in coords channel\n```g```
2017-04-24 22:51:19 #log @Dyno#3861: Deleted message from VyrenGames#3859 in #coords for talking in coords channel\n```dfgfdgdf```
2017-04-24 23:01:53 #log @Dyno#3861: Deleted message from VyrenGames#3859 in #coords for talking in coords channel\n```oh, thats a good one```
2017-05-26 23:34:40 #log @VyrenGames#3859: --updates add
2017-05-26 23:34:41 #log @Rust Updates#2700: :white_check_mark: Rust Updates - Rust Updates for the channel `log` are now enabled!
2017-05-31 18:41:35 #log @VyrenGames#3859: --commits add
2017-05-31 18:41:35 #log @Rust Updates#2700: :white_check_mark: Rust Commits - Rust Commits for the channel `log` are now enabled!
2017-05-31 19:40:20 #log @Rust Updates#2700: 
2017-05-31 19:52:16 #log @Rust Updates#2700: 
2017-05-31 19:56:15 #log @Rust Updates#2700: 
2017-06-01 00:41:13 #log @Rust Updates#2700: 
2017-06-01 02:51:12 #log @Rust Updates#2700: 
2017-06-01 02:55:13 #log @Rust Updates#2700: 
2017-06-01 03:27:30 #log @VyrenGames#3859: --commit remove
2017-06-01 03:27:58 #log @VyrenGames#3859: --commits remove
2017-06-01 03:27:59 #log @Rust Updates#2700: :white_check_mark: Rust Commits - Rust Commits feed has been removed from this Discord guild.
2017-06-01 18:58:14 #log @Rust Updates#2700: 
2017-06-01 18:58:14 #log @Rust Updates#2700: @​everyone
2017-06-01 19:30:33 #log @Rust Updates#2700: 
2017-06-01 19:30:33 #log @Rust Updates#2700: @​everyone
2017-06-02 08:58:02 #log @Rust Updates#2700: 
2017-06-02 08:58:03 #log @Rust Updates#2700: @​everyone
2017-06-04 14:15:14 #log @VyrenGames#3859: $log
2017-06-04 14:15:19 #log @VyrenGames#3859: $help
2017-06-15 01:11:47 #log @VyrenGames#3859: $modlog
2017-06-15 01:11:56 #log @VyrenGames#3859: $modset modlog
2017-06-15 01:11:56 #log @Red Magician#9411: ```\n$modset modlog [channel]\n\nSets a channel as mod log\n\nLeaving the channel parameter empty will deactivate it\n\n```
