2017-02-27 21:44:29 #music @VyrenGames#3859: !!playlist
2017-02-27 21:44:36 #music @VyrenGames#3859: !!playlist https://www.youtube.com/playlist?list=PLgpWRQLtXHqlYa7gkPQoJX-9Qvt4GCv4C
2017-02-27 21:44:37 #music @Nadeko#8665: ✅ Playlist queue complete.
2017-02-27 21:44:40 #music @VyrenGames#3859: !!smch
2017-02-27 21:44:41 #music @Nadeko#8665: 
2017-02-27 21:45:01 #music @VyrenGames#3859: !!save Jessica Jones
2017-02-27 21:45:01 #music @Nadeko#8665: 
2017-02-27 21:45:16 #music @VyrenGames#3859: !!load 3
2017-02-27 21:45:17 #music @Nadeko#8665: ✅ Done loading playlist **Gaming Mix Alpha**.
2017-02-27 21:47:04 #music @Nadeko#8665: 
2017-02-27 22:17:15 #music @VyrenGames#3859: !!smch
2017-02-27 22:17:15 #music @Nadeko#8665: 
2017-02-27 22:17:27 #music @VyrenGames#3859: !!load 3
2017-02-27 22:17:27 #music @Nadeko#8665: ✅ Done loading playlist **Gaming Mix Alpha**.
2017-02-27 22:19:35 #music @VyrenGames#3859: !!smch
2017-02-27 22:19:35 #music @Nadeko#8665: 
2017-02-27 22:19:52 #music @VyrenGames#3859: +hangman
2017-02-27 22:20:07 #music @VyrenGames#3859: >hangman
2017-02-27 22:20:07 #music @Nadeko#8665: 
2017-02-27 22:20:11 #music @VyrenGames#3859: a
2017-02-27 22:20:11 #music @Nadeko#8665: 
2017-02-27 22:20:13 #music @VyrenGames#3859: e
2017-02-27 22:20:13 #music @Nadeko#8665: 
2017-02-27 22:20:48 #music @VyrenGames#3859: !!sh
2017-02-27 22:20:48 #music @Nadeko#8665: 
2017-02-27 22:21:00 #music @VyrenGames#3859: !!lq
2017-02-27 22:21:02 #music @Nadeko#8665: 
2017-02-27 22:21:02 #music @VyrenGames#3859: i
2017-02-27 22:21:02 #music @Nadeko#8665: 
2017-02-27 22:21:10 #music @Nadeko#8665: 
2017-02-27 22:21:10 #music @VyrenGames#3859: !!fp
2017-02-27 22:21:14 #music @VyrenGames#3859: o
2017-02-27 22:21:15 #music @Nadeko#8665: 
2017-02-27 22:21:26 #music @VyrenGames#3859: u
2017-02-27 22:21:26 #music @Nadeko#8665: 
2017-02-27 22:22:06 #music @VyrenGames#3859: !!np
2017-02-27 22:22:06 #music @Nadeko#8665: 
2017-02-27 22:23:25 #music @VyrenGames#3859: q
2017-02-27 22:23:25 #music @Nadeko#8665: 
2017-02-27 22:23:30 #music @VyrenGames#3859: b
2017-02-27 22:23:30 #music @Nadeko#8665: 
2017-02-27 22:23:35 #music @VyrenGames#3859: p
2017-02-27 22:23:35 #music @Nadeko#8665: 
2017-02-27 22:23:39 #music @VyrenGames#3859: m
2017-02-27 22:23:39 #music @Nadeko#8665: 
2017-02-27 22:23:41 #music @VyrenGames#3859: n
2017-02-27 22:23:41 #music @Nadeko#8665: 
2017-02-27 22:23:43 #music @VyrenGames#3859: t
2017-02-27 22:23:43 #music @Nadeko#8665: 
2017-02-27 22:23:57 #music @VyrenGames#3859: r
2017-02-27 22:23:57 #music @Nadeko#8665: 
2017-02-27 22:24:09 #music @VyrenGames#3859: s
2017-02-27 22:24:09 #music @Nadeko#8665: 
2017-02-27 22:32:04 #music @Nadeko#8665: 
2017-02-27 22:34:38 #music @VyrenGames#3859: -h >hangman
2017-02-27 22:34:38 #music @Nadeko#8665: 
2017-02-27 22:34:53 #music @VyrenGames#3859: >hangman test
2017-02-27 22:34:53 #music @Nadeko#8665: 
2017-02-27 22:35:01 #music @VyrenGames#3859: >
2017-02-27 22:35:04 #music @Nadeko#8665: 
2017-02-27 22:35:04 #music @VyrenGames#3859: >hangman list
2017-02-27 22:35:08 #music @VyrenGames#3859: >hangmanlist
2017-02-27 22:35:08 #music @Nadeko#8665: 
2017-02-27 22:36:45 #music @VyrenGames#3859: !!np
2017-02-27 22:36:45 #music @Nadeko#8665: 
2017-02-27 22:36:51 #music @VyrenGames#3859: !!np
2017-02-27 22:36:51 #music @Nadeko#8665: 
2017-02-27 22:36:55 #music @VyrenGames#3859: !!skip
2017-02-27 22:36:57 #music @VyrenGames#3859: !!lq
2017-02-27 22:36:58 #music @Nadeko#8665: 
2017-02-27 22:37:12 #music @VyrenGames#3859: !!next
2017-02-27 22:37:22 #music @VyrenGames#3859: >hangman
2017-02-27 22:37:22 #music @Nadeko#8665: 
2017-02-27 22:37:32 #music @VyrenGames#3859: .die
2017-02-27 22:37:32 #music @Nadeko#8665: 
2017-02-27 22:38:13 #music @VyrenGames#3859: !!load 3
2017-02-27 22:38:35 #music @VyrenGames#3859: !!load 3
2017-02-27 22:38:35 #music @Nadeko#8665: ✅ Done loading playlist **Gaming Mix Alpha**.
2017-02-27 22:38:47 #music @Nadeko#8665: 
2017-02-27 22:38:47 #music @VyrenGames#3859: !!fp
2017-02-27 22:38:51 #music @VyrenGames#3859: !!smch
2017-02-27 22:38:51 #music @Nadeko#8665: 
2017-02-27 22:38:53 #music @VyrenGames#3859: !!skip
2017-02-27 22:38:58 #music @VyrenGames#3859: !!sh
2017-02-27 22:38:58 #music @Nadeko#8665: 
2017-02-27 22:39:00 #music @VyrenGames#3859: !!next
2017-02-27 22:39:09 #music @VyrenGames#3859: !!lq
2017-02-27 22:39:09 #music @Nadeko#8665: 
2017-02-27 22:39:29 #music @VyrenGames#3859: !!lq
2017-02-27 22:39:29 #music @Nadeko#8665: 
2017-02-27 22:39:54 #music @VyrenGames#3859: !!lq
2017-02-27 22:39:55 #music @Nadeko#8665: 
2017-02-27 22:39:57 #music @VyrenGames#3859: !!lq
2017-02-27 22:39:57 #music @Nadeko#8665: 
2017-02-27 22:39:59 #music @VyrenGames#3859: !!lq
2017-02-27 22:39:59 #music @Nadeko#8665: 
2017-02-27 22:40:01 #music @VyrenGames#3859: !!lq
2017-02-27 22:40:01 #music @Nadeko#8665: 
2017-02-27 22:40:02 #music @VyrenGames#3859: !!lq
2017-02-27 22:40:02 #music @Nadeko#8665: 
2017-02-27 22:40:43 #music @VyrenGames#3859: >hangman
2017-02-27 22:40:43 #music @Nadeko#8665: 
2017-02-27 22:40:47 #music @VyrenGames#3859: a
2017-02-27 22:40:47 #music @Nadeko#8665: 
2017-02-27 22:40:47 #music @VyrenGames#3859: e
2017-02-27 22:40:48 #music @Nadeko#8665: 
2017-02-27 22:40:52 #music @VyrenGames#3859: c
2017-02-27 22:40:52 #music @Nadeko#8665: 
2017-02-27 22:40:53 #music @VyrenGames#3859: s
2017-02-27 22:40:53 #music @Nadeko#8665: 
2017-02-27 22:40:56 #music @VyrenGames#3859: i
2017-02-27 22:40:56 #music @Nadeko#8665: 
2017-02-27 22:40:56 #music @VyrenGames#3859: o
2017-02-27 22:40:57 #music @Nadeko#8665: 
2017-02-27 22:40:58 #music @VyrenGames#3859: u
2017-02-27 22:40:58 #music @Nadeko#8665: 
2017-02-27 22:41:08 #music @VyrenGames#3859: >hangman test
2017-02-27 22:41:08 #music @Nadeko#8665: 
2017-02-27 22:41:13 #music @VyrenGames#3859: s
2017-02-27 22:41:13 #music @Nadeko#8665: 
2017-02-27 22:41:13 #music @VyrenGames#3859: p
2017-02-27 22:41:13 #music @Nadeko#8665: 
2017-02-27 22:41:13 #music @VyrenGames#3859: a
2017-02-27 22:41:13 #music @Nadeko#8665: 
2017-02-27 22:41:14 #music @VyrenGames#3859: c
2017-02-27 22:41:14 #music @Nadeko#8665: 
2017-02-27 22:41:14 #music @VyrenGames#3859: e
2017-02-27 22:41:19 #music @Nadeko#8665: 
2017-02-27 22:41:20 #music @VyrenGames#3859: e
2017-02-27 22:41:20 #music @Nadeko#8665: 
2017-02-27 22:41:54 #music @VyrenGames#3859: t
2017-02-27 22:41:54 #music @Nadeko#8665: 
2017-02-27 22:41:54 #music @Nadeko#8665: 
2017-02-27 22:42:53 #music @VyrenGames#3859: !!np
2017-02-27 22:42:54 #music @Nadeko#8665: 
2017-02-27 22:43:03 #music @VyrenGames#3859: !!slots
2017-02-27 22:43:05 #music @VyrenGames#3859: >slots
2017-02-27 22:43:10 #music @VyrenGames#3859: ?>slot
2017-02-27 22:43:12 #music @VyrenGames#3859: >slot
2017-02-27 23:01:31 #music @Nadeko#8665: 
2017-02-27 23:44:22 #music @VyrenGames#3859: !!np
2017-02-27 23:44:22 #music @Nadeko#8665: 
2017-02-27 23:44:32 #music @VyrenGames#3859: !!skip
2017-02-27 23:44:36 #music @VyrenGames#3859: !!sh
2017-02-27 23:44:37 #music @Nadeko#8665: 
2017-02-27 23:44:40 #music @VyrenGames#3859: !!next
2017-02-27 23:44:44 #music @VyrenGames#3859: !lq
2017-02-27 23:44:47 #music @VyrenGames#3859: !!lq
2017-02-27 23:44:47 #music @Nadeko#8665: 
2017-02-27 23:44:56 #music @VyrenGames#3859: !!lq
2017-02-27 23:44:56 #music @Nadeko#8665: 
2017-02-27 23:45:06 #music @VyrenGames#3859: !!np
2017-02-27 23:45:07 #music @Nadeko#8665: 
2017-02-27 23:45:15 #music @VyrenGames#3859: !!next
2017-02-27 23:45:27 #music @VyrenGames#3859: !!
2017-02-27 23:50:22 #music @VyrenGames#3859: !!np
2017-02-27 23:50:22 #music @Nadeko#8665: 
2017-02-27 23:50:22 #music @Mee6#4876: GG @VyrenGames, you just advanced to **level 7** !
2017-02-28 00:01:24 #music @VyrenGames#3859: !!lq
2017-02-28 00:01:24 #music @Nadeko#8665: 
2017-02-28 00:01:25 #music @Nadeko#8665: 
2017-02-28 00:02:09 #music @VyrenGames#3859: !!np
2017-02-28 00:02:09 #music @Nadeko#8665: 
2017-02-28 00:02:16 #music @VyrenGames#3859: !!np
2017-02-28 00:02:16 #music @Nadeko#8665: 
2017-02-28 00:04:39 #music @VyrenGames#3859: .die
2017-02-28 00:04:40 #music @Nadeko#8665: 
2017-02-28 22:54:37 #music @VyrenGames#3859: !!smch
2017-02-28 22:54:37 #music @Nadeko#8665: 
2017-02-28 22:54:46 #music @VyrenGames#3859: !!load 3
2017-02-28 22:54:46 #music @Nadeko#8665: ✅ Done loading playlist **Gaming Mix Alpha**.
2017-02-28 22:54:52 #music @VyrenGames#3859: !!smch
2017-02-28 22:54:52 #music @Nadeko#8665: 
2017-02-28 22:55:15 #music @VyrenGames#3859: !!lq
2017-02-28 22:55:16 #music @Nadeko#8665: 
2017-02-28 22:55:23 #music @VyrenGames#3859: !!fp
2017-02-28 22:55:23 #music @Nadeko#8665: 
2017-02-28 22:57:56 #music @VyrenGames#3859: !!lq
2017-02-28 22:57:57 #music @Nadeko#8665: 
2017-02-28 23:13:49 #music @Nadeko#8665: 
2017-02-28 23:18:14 #music @VyrenGames#3859: !!lq
2017-02-28 23:18:14 #music @Nadeko#8665: 
2017-03-01 00:21:08 #music @VyrenGames#3859: !!smch
2017-03-01 00:21:08 #music @Nadeko#8665: 
2017-03-01 00:21:11 #music @VyrenGames#3859: !!fp
2017-03-01 00:21:11 #music @Nadeko#8665: 
2017-03-01 00:21:13 #music @VyrenGames#3859: !!lq
2017-03-01 00:21:14 #music @Nadeko#8665: 
2017-03-01 00:21:25 #music @VyrenGames#3859: !!sh
2017-03-01 00:21:25 #music @Nadeko#8665: 
2017-03-01 00:21:28 #music @VyrenGames#3859: !!lq
2017-03-01 00:21:28 #music @Nadeko#8665: 
2017-03-01 00:22:10 #music @VyrenGames#3859: !!lq
2017-03-01 00:22:10 #music @Nadeko#8665: 
2017-03-01 00:42:24 #music @VyrenGames#3859: !!skip 60
2017-03-01 00:42:34 #music @VyrenGames#3859: !!goto 60
2017-03-01 00:42:34 #music @Nadeko#8665: 
2017-03-01 00:42:34 #music @Nadeko#8665: 
2017-03-01 00:42:35 #music @Nadeko#8665: 
2017-03-01 00:47:47 #music @VyrenGames#3859: !!lq
2017-03-01 00:47:47 #music @Nadeko#8665: 
2017-03-01 00:47:53 #music @VyrenGames#3859: !!next
2017-03-01 00:48:03 #music @VyrenGames#3859: !!skip
2017-03-01 00:48:07 #music @VyrenGames#3859: !!next
2017-03-01 00:48:09 #music @VyrenGames#3859: !!np
2017-03-01 00:48:09 #music @Nadeko#8665: 
2017-03-01 00:48:16 #music @VyrenGames#3859: !!goto 12
2017-03-01 00:48:16 #music @Nadeko#8665: 
2017-03-01 00:48:27 #music @VyrenGames#3859: !!next
2017-03-13 16:18:44 #music @Dyno#3861: ***Now Playing:*** Lindsey Stirling - Prism - ***4m 11s***\n<https://www.youtube.com/watch?v=5xO6AWFHVps>
2017-03-13 16:23:04 #music @Dyno#3861: ***Now Playing:*** Roundtable Rival - Lindsey Stirling - ***3m 39s***\n<https://www.youtube.com/watch?v=jvipPYFebWc>
2017-03-13 16:26:44 #music @Dyno#3861: ***Now Playing:*** Lindsey Stirling - Hold My Heart feat. ZZ Ward - ***3m 53s***\n<https://www.youtube.com/watch?v=uCTWBHP6lV0>
2017-03-13 16:30:40 #music @Dyno#3861: ***Now Playing:*** Ke$ha - Cannibal - ***3m 14s***\n<https://www.youtube.com/watch?v=2UrA9zBSY8c>
2017-03-13 16:33:58 #music @Dyno#3861: ***Now Playing:*** Kesha-Boots & Boys+Lyrics & Download - ***3m 12s***\n<https://www.youtube.com/watch?v=iyI6elPRbhM>
2017-03-13 16:37:13 #music @Dyno#3861: ***Now Playing:*** Ke$ha - TiK ToK - ***3m 35s***\n<https://www.youtube.com/watch?v=iP6XpLQM2Cs>
2017-03-13 16:39:04 #music @VyrenGames#3859: help me
2017-03-13 16:39:04 #music @Echo#2101: Hey VyrenGames needs your help in #music.
2017-03-13 16:39:09 #music @VyrenGames#3859: i need help
2017-03-13 16:39:10 #music @Echo#2101: Hey VyrenGames needs your help in #music.
2017-03-13 16:40:50 #music @Dyno#3861: ***Now Playing:*** Lindsey Stirling - Prism - ***4m 10s***\n<https://www.youtube.com/watch?v=5xO6AWFHVps>
2017-03-13 16:46:24 #music @Dyno#3861: ***Now Playing:*** Roundtable Rival - Lindsey Stirling - ***3m 39s***\n<https://www.youtube.com/watch?v=jvipPYFebWc>
2017-03-13 16:50:13 #music @Dyno#3861: ***Now Playing:*** Lindsey Stirling - Hold My Heart feat. ZZ Ward - ***3m 53s***\n<https://www.youtube.com/watch?v=uCTWBHP6lV0>
2017-03-13 16:54:09 #music @Dyno#3861: ***Now Playing:*** Ke$ha - Cannibal - ***3m 15s***\n<https://www.youtube.com/watch?v=2UrA9zBSY8c>
2017-03-13 16:57:27 #music @Dyno#3861: ***Now Playing:*** Kesha-Boots & Boys+Lyrics & Download - ***3m 12s***\n<https://www.youtube.com/watch?v=iyI6elPRbhM>
2017-03-13 17:00:47 #music @Dyno#3861: ***Now Playing:*** Ke$ha - TiK ToK - ***3m 35s***\n<https://www.youtube.com/watch?v=iP6XpLQM2Cs>
2017-03-13 17:04:25 #music @Dyno#3861: ***Now Playing:*** Lindsey Stirling - Prism - ***4m 11s***\n<https://www.youtube.com/watch?v=5xO6AWFHVps>
2017-03-13 17:08:43 #music @Dyno#3861: ***Now Playing:*** Roundtable Rival - Lindsey Stirling - ***3m 39s***\n<https://www.youtube.com/watch?v=jvipPYFebWc>
2017-03-13 17:12:24 #music @Dyno#3861: ***Now Playing:*** Lindsey Stirling - Hold My Heart feat. ZZ Ward - ***3m 53s***\n<https://www.youtube.com/watch?v=uCTWBHP6lV0>
2017-03-13 17:16:18 #music @Dyno#3861: ***Now Playing:*** Ke$ha - Cannibal - ***3m 15s***\n<https://www.youtube.com/watch?v=2UrA9zBSY8c>
2017-03-13 17:19:36 #music @Dyno#3861: ***Now Playing:*** Kesha-Boots & Boys+Lyrics & Download - ***3m 12s***\n<https://www.youtube.com/watch?v=iyI6elPRbhM>
2017-03-13 17:22:51 #music @Dyno#3861: ***Now Playing:*** Ke$ha - TiK ToK - ***3m 35s***\n<https://www.youtube.com/watch?v=iP6XpLQM2Cs>
2017-03-25 15:38:56 #music @Dyno#3861: ***Now Playing:*** Emily Osment - 1-800 Clap Your Hands (The Water Is Rising) (Lyrics Video) HD - ***3m 30s***\n<https://www.youtube.com/watch?v=LBo9joVd4yg>
2017-03-25 15:42:35 #music @Dyno#3861: ***Now Playing:*** Ke$ha - TiK ToK - ***3m 35s***\n<https://www.youtube.com/watch?v=iP6XpLQM2Cs>
2017-03-25 15:46:26 #music @Dyno#3861: ***Now Playing:*** Lindsey Stirling - Prism - ***4m 11s***\n<https://www.youtube.com/watch?v=5xO6AWFHVps>
2017-03-25 15:51:07 #music @Dyno#3861: ***Now Playing:*** Roundtable Rival - Lindsey Stirling - ***3m 39s***\n<https://www.youtube.com/watch?v=jvipPYFebWc>
2017-03-25 15:54:52 #music @Dyno#3861: ***Now Playing:*** Lindsey Stirling - Hold My Heart feat. ZZ Ward - ***3m 53s***\n<https://www.youtube.com/watch?v=uCTWBHP6lV0>
2017-03-25 15:59:07 #music @Dyno#3861: ***Now Playing:*** Ke$ha - Cannibal - ***3m 15s***\n<https://www.youtube.com/watch?v=2UrA9zBSY8c>
2017-03-31 23:35:19 #music @VyrenGames#3859: !!lpl
2017-03-31 23:35:27 #music @VyrenGames#3859: !!pls
2017-03-31 23:35:28 #music @Nadeko#8665: 
2017-03-31 23:35:49 #music @VyrenGames#3859: !!load 1
2017-03-31 23:35:49 #music @Nadeko#8665: Playlist queue complete.
2017-03-31 23:36:47 #music @VyrenGames#3859: !!q
2017-03-31 23:37:46 #music @VyrenGames#3859: !lq
2017-03-31 23:37:56 #music @VyrenGames#3859: !!ql
2017-03-31 23:38:40 #music @VyrenGames#3859: !!lq
2017-03-31 23:38:43 #music @Nadeko#8665: 
2017-03-31 23:38:44 #music @VyrenGames#3859: !!n
2017-03-31 23:38:54 #music @VyrenGames#3859: !!sh
2017-03-31 23:38:54 #music @Nadeko#8665: 
2017-03-31 23:38:58 #music @VyrenGames#3859: !!rpl
2017-03-31 23:38:58 #music @Nadeko#8665: 
2017-03-31 23:39:01 #music @Mee6#4876: GG @VyrenGames, you just advanced to **level 12** !
2017-03-31 23:39:05 #music @VyrenGames#3859: !!fp
2017-03-31 23:39:05 #music @Nadeko#8665: 
2017-03-31 23:39:24 #music @VyrenGames#3859: !!lq
2017-03-31 23:39:24 #music @Nadeko#8665: 
2017-03-31 23:39:55 #music @VyrenGames#3859: !!n
2017-03-31 23:40:34 #music @VyrenGames#3859: !goto 45
2017-03-31 23:40:44 #music @VyrenGames#3859: !!goto 60
2017-03-31 23:40:44 #music @Nadeko#8665: 
2017-03-31 23:40:51 #music @VyrenGames#3859: !!np
2017-03-31 23:40:51 #music @Nadeko#8665: 
2017-03-31 23:41:38 #music @VyrenGames#3859: !!smch
2017-03-31 23:41:39 #music @Nadeko#8665: 
2017-03-31 23:45:36 #music @VyrenGames#3859: !!next
2017-03-31 23:45:42 #music @VyrenGames#3859: !!np
2017-03-31 23:45:43 #music @Nadeko#8665: 
2017-03-31 23:53:12 #music @VyrenGames#3859: !!n
2017-03-31 23:53:21 #music @VyrenGames#3859: !!n
2017-04-01 00:16:11 #music @Dyno#3861: ***Now Playing:*** Coldplay - Atlas (Hunger Games: Catching Fire)(Lyric) - ***4m 0s***\n<https://www.youtube.com/watch?v=Lh3TokLzzmw>
2017-04-01 00:21:56 #music @Nadeko#8665: 
2017-04-01 00:21:57 #music @Nadeko#8665: 
2017-04-01 17:48:28 #music @Dyno#3861: ***Now Playing:*** Kesha-Boots & Boys+Lyrics & Download - ***3m 12s***\n<https://www.youtube.com/watch?v=iyI6elPRbhM>
2017-04-01 17:50:17 #music @VyrenGames#3859: !stop
2017-04-01 17:50:18 #music @Dyno#3861: :fire: You should be in a voice channel first.
2017-04-01 17:50:23 #music @VyrenGames#3859: !stop
2017-05-11 17:14:16 #music @Dyno#3861: ***Now Playing:*** Kesha-Boots & Boys+Lyrics & Download - ***3m 12s***\n<https://www.youtube.com/watch?v=iyI6elPRbhM>
2017-05-11 17:15:16 #music @Dyno#3861: ***Now Playing:*** Emily Osment - 1-800 Clap Your Hands (The Water Is Rising) (Lyrics Video) HD - ***3m 30s***\n<https://www.youtube.com/watch?v=LBo9joVd4yg>
2017-05-11 17:19:00 #music @Dyno#3861: ***Now Playing:*** Ke$ha - Cannibal - ***3m 14s***\n<https://www.youtube.com/watch?v=2UrA9zBSY8c>
2017-05-11 17:31:34 #music @VyrenGames#3859: -smch
2017-05-11 17:31:51 #music @VyrenGames#3859: !!smch
2017-05-11 17:31:51 #music @Nadeko#8665: 
2017-02-27 21:44:29 #music @VyrenGames#3859: !!playlist
2017-02-27 21:44:36 #music @VyrenGames#3859: !!playlist https://www.youtube.com/playlist?list=PLgpWRQLtXHqlYa7gkPQoJX-9Qvt4GCv4C
2017-02-27 21:44:37 #music @Nadeko#8665: ✅ Playlist queue complete.
2017-02-27 21:44:40 #music @VyrenGames#3859: !!smch
2017-02-27 21:44:41 #music @Nadeko#8665: 
2017-02-27 21:45:01 #music @VyrenGames#3859: !!save Jessica Jones
2017-02-27 21:45:01 #music @Nadeko#8665: 
2017-02-27 21:45:16 #music @VyrenGames#3859: !!load 3
2017-02-27 21:45:17 #music @Nadeko#8665: ✅ Done loading playlist **Gaming Mix Alpha**.
2017-02-27 21:47:04 #music @Nadeko#8665: 
2017-02-27 22:17:15 #music @VyrenGames#3859: !!smch
2017-02-27 22:17:15 #music @Nadeko#8665: 
2017-02-27 22:17:27 #music @VyrenGames#3859: !!load 3
2017-02-27 22:17:27 #music @Nadeko#8665: ✅ Done loading playlist **Gaming Mix Alpha**.
2017-02-27 22:19:35 #music @VyrenGames#3859: !!smch
2017-02-27 22:19:35 #music @Nadeko#8665: 
2017-02-27 22:19:52 #music @VyrenGames#3859: +hangman
2017-02-27 22:20:07 #music @VyrenGames#3859: >hangman
2017-02-27 22:20:07 #music @Nadeko#8665: 
2017-02-27 22:20:11 #music @VyrenGames#3859: a
2017-02-27 22:20:11 #music @Nadeko#8665: 
2017-02-27 22:20:13 #music @VyrenGames#3859: e
2017-02-27 22:20:13 #music @Nadeko#8665: 
2017-02-27 22:20:48 #music @VyrenGames#3859: !!sh
2017-02-27 22:20:48 #music @Nadeko#8665: 
2017-02-27 22:21:00 #music @VyrenGames#3859: !!lq
2017-02-27 22:21:02 #music @Nadeko#8665: 
2017-02-27 22:21:02 #music @VyrenGames#3859: i
2017-02-27 22:21:02 #music @Nadeko#8665: 
2017-02-27 22:21:10 #music @Nadeko#8665: 
2017-02-27 22:21:10 #music @VyrenGames#3859: !!fp
2017-02-27 22:21:14 #music @VyrenGames#3859: o
2017-02-27 22:21:15 #music @Nadeko#8665: 
2017-02-27 22:21:26 #music @VyrenGames#3859: u
2017-02-27 22:21:26 #music @Nadeko#8665: 
2017-02-27 22:22:06 #music @VyrenGames#3859: !!np
2017-02-27 22:22:06 #music @Nadeko#8665: 
2017-02-27 22:23:25 #music @VyrenGames#3859: q
2017-02-27 22:23:25 #music @Nadeko#8665: 
2017-02-27 22:23:30 #music @VyrenGames#3859: b
2017-02-27 22:23:30 #music @Nadeko#8665: 
2017-02-27 22:23:35 #music @VyrenGames#3859: p
2017-02-27 22:23:35 #music @Nadeko#8665: 
2017-02-27 22:23:39 #music @VyrenGames#3859: m
2017-02-27 22:23:39 #music @Nadeko#8665: 
2017-02-27 22:23:41 #music @VyrenGames#3859: n
2017-02-27 22:23:41 #music @Nadeko#8665: 
2017-02-27 22:23:43 #music @VyrenGames#3859: t
2017-02-27 22:23:43 #music @Nadeko#8665: 
2017-02-27 22:23:57 #music @VyrenGames#3859: r
2017-02-27 22:23:57 #music @Nadeko#8665: 
2017-02-27 22:24:09 #music @VyrenGames#3859: s
2017-02-27 22:24:09 #music @Nadeko#8665: 
2017-02-27 22:32:04 #music @Nadeko#8665: 
2017-02-27 22:34:38 #music @VyrenGames#3859: -h >hangman
2017-02-27 22:34:38 #music @Nadeko#8665: 
2017-02-27 22:34:53 #music @VyrenGames#3859: >hangman test
2017-02-27 22:34:53 #music @Nadeko#8665: 
2017-02-27 22:35:01 #music @VyrenGames#3859: >
2017-02-27 22:35:04 #music @Nadeko#8665: 
2017-02-27 22:35:04 #music @VyrenGames#3859: >hangman list
2017-02-27 22:35:08 #music @VyrenGames#3859: >hangmanlist
2017-02-27 22:35:08 #music @Nadeko#8665: 
2017-02-27 22:36:45 #music @VyrenGames#3859: !!np
2017-02-27 22:36:45 #music @Nadeko#8665: 
2017-02-27 22:36:51 #music @VyrenGames#3859: !!np
2017-02-27 22:36:51 #music @Nadeko#8665: 
2017-02-27 22:36:55 #music @VyrenGames#3859: !!skip
2017-02-27 22:36:57 #music @VyrenGames#3859: !!lq
2017-02-27 22:36:58 #music @Nadeko#8665: 
2017-02-27 22:37:12 #music @VyrenGames#3859: !!next
2017-02-27 22:37:22 #music @VyrenGames#3859: >hangman
2017-02-27 22:37:22 #music @Nadeko#8665: 
2017-02-27 22:37:32 #music @VyrenGames#3859: .die
2017-02-27 22:37:32 #music @Nadeko#8665: 
2017-02-27 22:38:13 #music @VyrenGames#3859: !!load 3
2017-02-27 22:38:35 #music @VyrenGames#3859: !!load 3
2017-02-27 22:38:35 #music @Nadeko#8665: ✅ Done loading playlist **Gaming Mix Alpha**.
2017-02-27 22:38:47 #music @Nadeko#8665: 
2017-02-27 22:38:47 #music @VyrenGames#3859: !!fp
2017-02-27 22:38:51 #music @VyrenGames#3859: !!smch
2017-02-27 22:38:51 #music @Nadeko#8665: 
2017-02-27 22:38:53 #music @VyrenGames#3859: !!skip
2017-02-27 22:38:58 #music @VyrenGames#3859: !!sh
2017-02-27 22:38:58 #music @Nadeko#8665: 
2017-02-27 22:39:00 #music @VyrenGames#3859: !!next
2017-02-27 22:39:09 #music @VyrenGames#3859: !!lq
2017-02-27 22:39:09 #music @Nadeko#8665: 
2017-02-27 22:39:29 #music @VyrenGames#3859: !!lq
2017-02-27 22:39:29 #music @Nadeko#8665: 
2017-02-27 22:39:54 #music @VyrenGames#3859: !!lq
2017-02-27 22:39:55 #music @Nadeko#8665: 
2017-02-27 22:39:57 #music @VyrenGames#3859: !!lq
2017-02-27 22:39:57 #music @Nadeko#8665: 
2017-02-27 22:39:59 #music @VyrenGames#3859: !!lq
2017-02-27 22:39:59 #music @Nadeko#8665: 
2017-02-27 22:40:01 #music @VyrenGames#3859: !!lq
2017-02-27 22:40:01 #music @Nadeko#8665: 
2017-02-27 22:40:02 #music @VyrenGames#3859: !!lq
2017-02-27 22:40:02 #music @Nadeko#8665: 
2017-02-27 22:40:43 #music @VyrenGames#3859: >hangman
2017-02-27 22:40:43 #music @Nadeko#8665: 
2017-02-27 22:40:47 #music @VyrenGames#3859: a
2017-02-27 22:40:47 #music @Nadeko#8665: 
2017-02-27 22:40:47 #music @VyrenGames#3859: e
2017-02-27 22:40:48 #music @Nadeko#8665: 
2017-02-27 22:40:52 #music @VyrenGames#3859: c
2017-02-27 22:40:52 #music @Nadeko#8665: 
2017-02-27 22:40:53 #music @VyrenGames#3859: s
2017-02-27 22:40:53 #music @Nadeko#8665: 
2017-02-27 22:40:56 #music @VyrenGames#3859: i
2017-02-27 22:40:56 #music @Nadeko#8665: 
2017-02-27 22:40:56 #music @VyrenGames#3859: o
2017-02-27 22:40:57 #music @Nadeko#8665: 
2017-02-27 22:40:58 #music @VyrenGames#3859: u
2017-02-27 22:40:58 #music @Nadeko#8665: 
2017-02-27 22:41:08 #music @VyrenGames#3859: >hangman test
2017-02-27 22:41:08 #music @Nadeko#8665: 
2017-02-27 22:41:13 #music @VyrenGames#3859: s
2017-02-27 22:41:13 #music @Nadeko#8665: 
2017-02-27 22:41:13 #music @VyrenGames#3859: p
2017-02-27 22:41:13 #music @Nadeko#8665: 
2017-02-27 22:41:13 #music @VyrenGames#3859: a
2017-02-27 22:41:13 #music @Nadeko#8665: 
2017-02-27 22:41:14 #music @VyrenGames#3859: c
2017-02-27 22:41:14 #music @Nadeko#8665: 
2017-02-27 22:41:14 #music @VyrenGames#3859: e
2017-02-27 22:41:19 #music @Nadeko#8665: 
2017-02-27 22:41:20 #music @VyrenGames#3859: e
2017-02-27 22:41:20 #music @Nadeko#8665: 
2017-02-27 22:41:54 #music @VyrenGames#3859: t
2017-02-27 22:41:54 #music @Nadeko#8665: 
2017-02-27 22:41:54 #music @Nadeko#8665: 
2017-02-27 22:42:53 #music @VyrenGames#3859: !!np
2017-02-27 22:42:54 #music @Nadeko#8665: 
2017-02-27 22:43:03 #music @VyrenGames#3859: !!slots
2017-02-27 22:43:05 #music @VyrenGames#3859: >slots
2017-02-27 22:43:10 #music @VyrenGames#3859: ?>slot
2017-02-27 22:43:12 #music @VyrenGames#3859: >slot
2017-02-27 23:01:31 #music @Nadeko#8665: 
2017-02-27 23:44:22 #music @VyrenGames#3859: !!np
2017-02-27 23:44:22 #music @Nadeko#8665: 
2017-02-27 23:44:32 #music @VyrenGames#3859: !!skip
2017-02-27 23:44:36 #music @VyrenGames#3859: !!sh
2017-02-27 23:44:37 #music @Nadeko#8665: 
2017-02-27 23:44:40 #music @VyrenGames#3859: !!next
2017-02-27 23:44:44 #music @VyrenGames#3859: !lq
2017-02-27 23:44:47 #music @VyrenGames#3859: !!lq
2017-02-27 23:44:47 #music @Nadeko#8665: 
2017-02-27 23:44:56 #music @VyrenGames#3859: !!lq
2017-02-27 23:44:56 #music @Nadeko#8665: 
2017-02-27 23:45:06 #music @VyrenGames#3859: !!np
2017-02-27 23:45:07 #music @Nadeko#8665: 
2017-02-27 23:45:15 #music @VyrenGames#3859: !!next
2017-02-27 23:45:27 #music @VyrenGames#3859: !!
2017-02-27 23:50:22 #music @VyrenGames#3859: !!np
2017-02-27 23:50:22 #music @Nadeko#8665: 
2017-02-27 23:50:22 #music @Mee6#4876: GG @VyrenGames, you just advanced to **level 7** !
2017-02-28 00:01:24 #music @VyrenGames#3859: !!lq
2017-02-28 00:01:24 #music @Nadeko#8665: 
2017-02-28 00:01:25 #music @Nadeko#8665: 
2017-02-28 00:02:09 #music @VyrenGames#3859: !!np
2017-02-28 00:02:09 #music @Nadeko#8665: 
2017-02-28 00:02:16 #music @VyrenGames#3859: !!np
2017-02-28 00:02:16 #music @Nadeko#8665: 
2017-02-28 00:04:39 #music @VyrenGames#3859: .die
2017-02-28 00:04:40 #music @Nadeko#8665: 
2017-02-28 22:54:37 #music @VyrenGames#3859: !!smch
2017-02-28 22:54:37 #music @Nadeko#8665: 
2017-02-28 22:54:46 #music @VyrenGames#3859: !!load 3
2017-02-28 22:54:46 #music @Nadeko#8665: ✅ Done loading playlist **Gaming Mix Alpha**.
2017-02-28 22:54:52 #music @VyrenGames#3859: !!smch
2017-02-28 22:54:52 #music @Nadeko#8665: 
2017-02-28 22:55:15 #music @VyrenGames#3859: !!lq
2017-02-28 22:55:16 #music @Nadeko#8665: 
2017-02-28 22:55:23 #music @VyrenGames#3859: !!fp
2017-02-28 22:55:23 #music @Nadeko#8665: 
2017-02-28 22:57:56 #music @VyrenGames#3859: !!lq
2017-02-28 22:57:57 #music @Nadeko#8665: 
2017-02-28 23:13:49 #music @Nadeko#8665: 
2017-02-28 23:18:14 #music @VyrenGames#3859: !!lq
2017-02-28 23:18:14 #music @Nadeko#8665: 
2017-03-01 00:21:08 #music @VyrenGames#3859: !!smch
2017-03-01 00:21:08 #music @Nadeko#8665: 
2017-03-01 00:21:11 #music @VyrenGames#3859: !!fp
2017-03-01 00:21:11 #music @Nadeko#8665: 
2017-03-01 00:21:13 #music @VyrenGames#3859: !!lq
2017-03-01 00:21:14 #music @Nadeko#8665: 
2017-03-01 00:21:25 #music @VyrenGames#3859: !!sh
2017-03-01 00:21:25 #music @Nadeko#8665: 
2017-03-01 00:21:28 #music @VyrenGames#3859: !!lq
2017-03-01 00:21:28 #music @Nadeko#8665: 
2017-03-01 00:22:10 #music @VyrenGames#3859: !!lq
2017-03-01 00:22:10 #music @Nadeko#8665: 
2017-03-01 00:42:24 #music @VyrenGames#3859: !!skip 60
2017-03-01 00:42:34 #music @VyrenGames#3859: !!goto 60
2017-03-01 00:42:34 #music @Nadeko#8665: 
2017-03-01 00:42:34 #music @Nadeko#8665: 
2017-03-01 00:42:35 #music @Nadeko#8665: 
2017-03-01 00:47:47 #music @VyrenGames#3859: !!lq
2017-03-01 00:47:47 #music @Nadeko#8665: 
2017-03-01 00:47:53 #music @VyrenGames#3859: !!next
2017-03-01 00:48:03 #music @VyrenGames#3859: !!skip
2017-03-01 00:48:07 #music @VyrenGames#3859: !!next
2017-03-01 00:48:09 #music @VyrenGames#3859: !!np
2017-03-01 00:48:09 #music @Nadeko#8665: 
2017-03-01 00:48:16 #music @VyrenGames#3859: !!goto 12
2017-03-01 00:48:16 #music @Nadeko#8665: 
2017-03-01 00:48:27 #music @VyrenGames#3859: !!next
2017-03-13 16:18:44 #music @Dyno#3861: ***Now Playing:*** Lindsey Stirling - Prism - ***4m 11s***\n<https://www.youtube.com/watch?v=5xO6AWFHVps>
2017-03-13 16:23:04 #music @Dyno#3861: ***Now Playing:*** Roundtable Rival - Lindsey Stirling - ***3m 39s***\n<https://www.youtube.com/watch?v=jvipPYFebWc>
2017-03-13 16:26:44 #music @Dyno#3861: ***Now Playing:*** Lindsey Stirling - Hold My Heart feat. ZZ Ward - ***3m 53s***\n<https://www.youtube.com/watch?v=uCTWBHP6lV0>
2017-03-13 16:30:40 #music @Dyno#3861: ***Now Playing:*** Ke$ha - Cannibal - ***3m 14s***\n<https://www.youtube.com/watch?v=2UrA9zBSY8c>
2017-03-13 16:33:58 #music @Dyno#3861: ***Now Playing:*** Kesha-Boots & Boys+Lyrics & Download - ***3m 12s***\n<https://www.youtube.com/watch?v=iyI6elPRbhM>
2017-03-13 16:37:13 #music @Dyno#3861: ***Now Playing:*** Ke$ha - TiK ToK - ***3m 35s***\n<https://www.youtube.com/watch?v=iP6XpLQM2Cs>
2017-03-13 16:39:04 #music @VyrenGames#3859: help me
2017-03-13 16:39:04 #music @Echo#2101: Hey VyrenGames needs your help in #music.
2017-03-13 16:39:09 #music @VyrenGames#3859: i need help
2017-03-13 16:39:10 #music @Echo#2101: Hey VyrenGames needs your help in #music.
2017-03-13 16:40:50 #music @Dyno#3861: ***Now Playing:*** Lindsey Stirling - Prism - ***4m 10s***\n<https://www.youtube.com/watch?v=5xO6AWFHVps>
2017-03-13 16:46:24 #music @Dyno#3861: ***Now Playing:*** Roundtable Rival - Lindsey Stirling - ***3m 39s***\n<https://www.youtube.com/watch?v=jvipPYFebWc>
2017-03-13 16:50:13 #music @Dyno#3861: ***Now Playing:*** Lindsey Stirling - Hold My Heart feat. ZZ Ward - ***3m 53s***\n<https://www.youtube.com/watch?v=uCTWBHP6lV0>
2017-03-13 16:54:09 #music @Dyno#3861: ***Now Playing:*** Ke$ha - Cannibal - ***3m 15s***\n<https://www.youtube.com/watch?v=2UrA9zBSY8c>
2017-03-13 16:57:27 #music @Dyno#3861: ***Now Playing:*** Kesha-Boots & Boys+Lyrics & Download - ***3m 12s***\n<https://www.youtube.com/watch?v=iyI6elPRbhM>
2017-03-13 17:00:47 #music @Dyno#3861: ***Now Playing:*** Ke$ha - TiK ToK - ***3m 35s***\n<https://www.youtube.com/watch?v=iP6XpLQM2Cs>
2017-03-13 17:04:25 #music @Dyno#3861: ***Now Playing:*** Lindsey Stirling - Prism - ***4m 11s***\n<https://www.youtube.com/watch?v=5xO6AWFHVps>
2017-03-13 17:08:43 #music @Dyno#3861: ***Now Playing:*** Roundtable Rival - Lindsey Stirling - ***3m 39s***\n<https://www.youtube.com/watch?v=jvipPYFebWc>
2017-03-13 17:12:24 #music @Dyno#3861: ***Now Playing:*** Lindsey Stirling - Hold My Heart feat. ZZ Ward - ***3m 53s***\n<https://www.youtube.com/watch?v=uCTWBHP6lV0>
2017-03-13 17:16:18 #music @Dyno#3861: ***Now Playing:*** Ke$ha - Cannibal - ***3m 15s***\n<https://www.youtube.com/watch?v=2UrA9zBSY8c>
2017-03-13 17:19:36 #music @Dyno#3861: ***Now Playing:*** Kesha-Boots & Boys+Lyrics & Download - ***3m 12s***\n<https://www.youtube.com/watch?v=iyI6elPRbhM>
2017-03-13 17:22:51 #music @Dyno#3861: ***Now Playing:*** Ke$ha - TiK ToK - ***3m 35s***\n<https://www.youtube.com/watch?v=iP6XpLQM2Cs>
2017-03-25 15:38:56 #music @Dyno#3861: ***Now Playing:*** Emily Osment - 1-800 Clap Your Hands (The Water Is Rising) (Lyrics Video) HD - ***3m 30s***\n<https://www.youtube.com/watch?v=LBo9joVd4yg>
2017-03-25 15:42:35 #music @Dyno#3861: ***Now Playing:*** Ke$ha - TiK ToK - ***3m 35s***\n<https://www.youtube.com/watch?v=iP6XpLQM2Cs>
2017-03-25 15:46:26 #music @Dyno#3861: ***Now Playing:*** Lindsey Stirling - Prism - ***4m 11s***\n<https://www.youtube.com/watch?v=5xO6AWFHVps>
2017-03-25 15:51:07 #music @Dyno#3861: ***Now Playing:*** Roundtable Rival - Lindsey Stirling - ***3m 39s***\n<https://www.youtube.com/watch?v=jvipPYFebWc>
2017-03-25 15:54:52 #music @Dyno#3861: ***Now Playing:*** Lindsey Stirling - Hold My Heart feat. ZZ Ward - ***3m 53s***\n<https://www.youtube.com/watch?v=uCTWBHP6lV0>
2017-03-25 15:59:07 #music @Dyno#3861: ***Now Playing:*** Ke$ha - Cannibal - ***3m 15s***\n<https://www.youtube.com/watch?v=2UrA9zBSY8c>
2017-03-31 23:35:19 #music @VyrenGames#3859: !!lpl
2017-03-31 23:35:27 #music @VyrenGames#3859: !!pls
2017-03-31 23:35:28 #music @Nadeko#8665: 
2017-03-31 23:35:49 #music @VyrenGames#3859: !!load 1
2017-03-31 23:35:49 #music @Nadeko#8665: Playlist queue complete.
2017-03-31 23:36:47 #music @VyrenGames#3859: !!q
2017-03-31 23:37:46 #music @VyrenGames#3859: !lq
2017-03-31 23:37:56 #music @VyrenGames#3859: !!ql
2017-03-31 23:38:40 #music @VyrenGames#3859: !!lq
2017-03-31 23:38:43 #music @Nadeko#8665: 
2017-03-31 23:38:44 #music @VyrenGames#3859: !!n
2017-03-31 23:38:54 #music @VyrenGames#3859: !!sh
2017-03-31 23:38:54 #music @Nadeko#8665: 
2017-03-31 23:38:58 #music @VyrenGames#3859: !!rpl
2017-03-31 23:38:58 #music @Nadeko#8665: 
2017-03-31 23:39:01 #music @Mee6#4876: GG @VyrenGames, you just advanced to **level 12** !
2017-03-31 23:39:05 #music @VyrenGames#3859: !!fp
2017-03-31 23:39:05 #music @Nadeko#8665: 
2017-03-31 23:39:24 #music @VyrenGames#3859: !!lq
2017-03-31 23:39:24 #music @Nadeko#8665: 
2017-03-31 23:39:55 #music @VyrenGames#3859: !!n
2017-03-31 23:40:34 #music @VyrenGames#3859: !goto 45
2017-03-31 23:40:44 #music @VyrenGames#3859: !!goto 60
2017-03-31 23:40:44 #music @Nadeko#8665: 
2017-03-31 23:40:51 #music @VyrenGames#3859: !!np
2017-03-31 23:40:51 #music @Nadeko#8665: 
2017-03-31 23:41:38 #music @VyrenGames#3859: !!smch
2017-03-31 23:41:39 #music @Nadeko#8665: 
2017-03-31 23:45:36 #music @VyrenGames#3859: !!next
2017-03-31 23:45:42 #music @VyrenGames#3859: !!np
2017-03-31 23:45:43 #music @Nadeko#8665: 
2017-03-31 23:53:12 #music @VyrenGames#3859: !!n
2017-03-31 23:53:21 #music @VyrenGames#3859: !!n
2017-04-01 00:16:11 #music @Dyno#3861: ***Now Playing:*** Coldplay - Atlas (Hunger Games: Catching Fire)(Lyric) - ***4m 0s***\n<https://www.youtube.com/watch?v=Lh3TokLzzmw>
2017-04-01 00:21:56 #music @Nadeko#8665: 
2017-04-01 00:21:57 #music @Nadeko#8665: 
2017-04-01 17:48:28 #music @Dyno#3861: ***Now Playing:*** Kesha-Boots & Boys+Lyrics & Download - ***3m 12s***\n<https://www.youtube.com/watch?v=iyI6elPRbhM>
2017-04-01 17:50:17 #music @VyrenGames#3859: !stop
2017-04-01 17:50:18 #music @Dyno#3861: :fire: You should be in a voice channel first.
2017-04-01 17:50:23 #music @VyrenGames#3859: !stop
2017-05-11 17:14:16 #music @Dyno#3861: ***Now Playing:*** Kesha-Boots & Boys+Lyrics & Download - ***3m 12s***\n<https://www.youtube.com/watch?v=iyI6elPRbhM>
2017-05-11 17:15:16 #music @Dyno#3861: ***Now Playing:*** Emily Osment - 1-800 Clap Your Hands (The Water Is Rising) (Lyrics Video) HD - ***3m 30s***\n<https://www.youtube.com/watch?v=LBo9joVd4yg>
2017-05-11 17:19:00 #music @Dyno#3861: ***Now Playing:*** Ke$ha - Cannibal - ***3m 14s***\n<https://www.youtube.com/watch?v=2UrA9zBSY8c>
2017-05-11 17:31:34 #music @VyrenGames#3859: -smch
2017-05-11 17:31:51 #music @VyrenGames#3859: !!smch
2017-05-11 17:31:51 #music @Nadeko#8665: 
