2017-02-28 21:52:33 #games @VyrenGames#3859: >trivia
2017-02-28 21:52:34 #games @Nadeko#8665: 
2017-02-28 21:53:04 #games @Nadeko#8665: 
2017-02-28 21:53:06 #games @Nadeko#8665: 
2017-02-28 21:53:37 #games @Nadeko#8665: 
2017-02-28 21:53:39 #games @Nadeko#8665: 
2017-02-28 21:54:09 #games @Nadeko#8665: 
2017-02-28 21:54:11 #games @Nadeko#8665: 
2017-02-28 21:54:42 #games @Nadeko#8665: 
2017-02-28 21:54:44 #games @Nadeko#8665: 
2017-02-28 21:55:14 #games @Nadeko#8665: 
2017-02-28 21:55:16 #games @Nadeko#8665: 
2017-02-28 21:55:46 #games @Nadeko#8665: 
2017-02-28 21:55:48 #games @Nadeko#8665: 
2017-02-28 21:56:19 #games @Nadeko#8665: 
2017-02-28 21:56:21 #games @Nadeko#8665: 
2017-02-28 21:56:51 #games @Nadeko#8665: 
2017-02-28 21:56:53 #games @Nadeko#8665: 
2017-02-28 21:57:22 #games @VyrenGames#3859: >tq
2017-02-28 21:57:22 #games @Nadeko#8665: 
2017-02-28 21:57:23 #games @Nadeko#8665: 
2017-02-28 21:57:25 #games @Nadeko#8665: 
2017-03-31 23:52:10 #games @VyrenGames#3859: >ttt
2017-03-31 23:52:10 #games @Nadeko#8665: 
2017-03-31 23:52:15 #games @VyrenGames#3859: >ttt
2017-03-31 23:52:15 #games @Nadeko#8665: 
2017-06-04 07:51:11 #games @VyrenGames#3859: $trivia general
2017-06-04 07:51:12 #games @Red Magician#9411: **Question number 1!**\n\nThe Sheffield Shield is competed for in which sport?
2017-06-04 07:51:28 #games @Red Magician#9411: Oh really? It's CRICKET of course.
2017-06-04 07:51:31 #games @Red Magician#9411: **Question number 2!**\n\nWhat did Sir Galahad search for
2017-06-04 07:51:47 #games @Red Magician#9411: I know this one! The Holy Grail?!
2017-06-04 07:51:50 #games @Red Magician#9411: **Question number 3!**\n\nWhat martial arts name means gentle way
2017-06-04 07:52:06 #games @Red Magician#9411: Easy: Judo.
2017-06-04 07:52:09 #games @Red Magician#9411: **Question number 4!**\n\nThe motor theft crime abbreviated in the UK to TWOC (hence the slang verb 'twocking') stands for what?
2017-06-04 07:52:24 #games @Red Magician#9411: Oh really? It's Taking Without Owner's Consent of course.
2017-06-04 07:52:28 #games @Red Magician#9411: **Question number 5!**\n\nIn Greek mythology which monster is half goat, lion and snake?
2017-06-04 07:52:44 #games @Red Magician#9411: Easy: Chimera.
2017-06-04 07:52:47 #games @Red Magician#9411: **Question number 6!**\n\nPepe le Pew is what type of cartoon animal?
2017-06-04 07:53:03 #games @Red Magician#9411: Easy: Skunk.
2017-06-04 07:53:06 #games @Red Magician#9411: **Question number 7!**\n\nWhat is the closest star to the Earth?
2017-06-04 07:53:13 #games @Red Magician#9411: Guys...? Well, I guess I'll stop then.
2017-06-04 13:39:47 #games @VyrenGames#3859: B
2017-06-04 13:39:57 #games @VyrenGames#3859: $trivia
2017-06-04 13:39:58 #games @Red Magician#9411: ```\n$trivia <list_name>\n\nStart a trivia session with the specified list\n\nCommands:\n  list Shows available trivia lists\n  stop Stops an ongoing trivia session\n\nType $trivia command for more info on a command.\nYou can also type $trivia category for more info on a category.\n```
2017-06-04 13:40:11 #games @VyrenGames#3859: $trivia list
2017-06-04 13:40:11 #games @Red Magician#9411: ```diff\n+ Available trivia lists\n\n2015, 2016, anime, artandliterature, boombeach, cars, clashroyale, computers, disney, dota2abilities, dota2items, elements, entertainment, finalfantasy, games, general, greekmyth, harrypotter, leagueoflegends, leagueults, nba, overwatch, pokemon, slogans, starwars, uscapitals, warcraft, worldcapitals, worldflags\n```
2017-06-04 13:41:07 #games @VyrenGames#3859: $trivia General
2017-06-04 13:41:07 #games @Red Magician#9411: That trivia list doesn't exist.
2017-06-04 13:41:21 #games @VyrenGames#3859: $trivia general
2017-06-04 13:41:22 #games @Red Magician#9411: **Question number 1!**\n\nThe famous Ancient Roman marble statue 'Venus Callipyge' or 'Callipygian Venus' literally and artistically represents "Venus/Aphrodite of the beautiful..."?
2017-06-04 13:41:38 #games @Red Magician#9411: Oh really? It's Buttocks of course.
2017-06-04 13:41:41 #games @Red Magician#9411: **Question number 2!**\n\nWhat is the capital of Sweden?
2017-06-04 13:41:49 #games @VyrenGames#3859: Pakistan
2017-06-04 13:41:57 #games @Red Magician#9411: Easy: Stockholm.
2017-06-04 13:42:01 #games @Red Magician#9411: **Question number 3!**\n\nWho wrote/directed the movies The Hateful Eight and Inglourious Basterds?
2017-06-04 13:42:17 #games @Red Magician#9411: I know this one! Quentin Tarantino!
2017-06-04 13:42:20 #games @Red Magician#9411: **Question number 4!**\n\nWho is the "black sheep" in Family Guy?
2017-06-04 13:42:32 #games @VyrenGames#3859: Bart
2017-06-04 13:42:35 #games @VyrenGames#3859: Barry
2017-06-04 13:42:36 #games @Red Magician#9411: I know this one! Meg!
2017-06-04 13:42:38 #games @VyrenGames#3859: Barney
2017-06-04 13:42:39 #games @Red Magician#9411: **Question number 5!**\n\nWhat hugely popular cereal crop has varieties including Arborio (Italy), Ambemohar (India), Doongara (Australia), and Uruchimai (Japan)?
2017-06-04 13:42:41 #games @VyrenGames#3859: Meg
2017-06-04 13:42:50 #games @VyrenGames#3859: ?
2017-06-04 13:42:54 #games @VyrenGames#3859: No idea
2017-06-04 13:42:55 #games @Red Magician#9411: I know this one! Rice!
2017-06-04 13:42:58 #games @Red Magician#9411: **Question number 6!**\n\nIn what country was Osama bin Laden found in 2011?
2017-06-04 13:43:06 #games @VyrenGames#3859: Iran
2017-06-04 13:43:13 #games @VyrenGames#3859: Seria
2017-06-04 13:43:15 #games @Red Magician#9411: Easy: Pakistan.
2017-06-04 13:43:16 #games @VyrenGames#3859: Siria
2017-06-04 13:43:18 #games @Red Magician#9411: **Question number 7!**\n\nWhat's the chemical symbol of salt?
2017-06-04 13:43:26 #games @VyrenGames#3859: NaCl
2017-06-04 13:43:26 #games @Red Magician#9411: You got it VyrenGames! **+1** to you!
2017-06-04 13:43:29 #games @Red Magician#9411: **Question number 8!**\n\nWho had a 1985 hit with Saving All My Love For You?
2017-06-04 13:43:45 #games @Red Magician#9411: Easy: WHITNEY HOUSTON.
2017-06-04 13:43:49 #games @Red Magician#9411: **Question number 9!**\n\nWhich of the original Spice Girls was the only one with a 'spice' nickname?
2017-06-04 13:44:05 #games @Red Magician#9411: Oh really? It's Geri Halliwell of course.
2017-06-04 13:44:08 #games @Red Magician#9411: **Question number 10!**\n\nWhat is removed from natural yogurt to produce Greek yogurt (also called labneh [Arabic] and strained yogurt)?
2017-06-04 13:44:17 #games @VyrenGames#3859: Fat
2017-06-04 13:44:20 #games @VyrenGames#3859: Glutin
2017-06-04 13:44:23 #games @VyrenGames#3859: Sugar
2017-06-04 13:44:24 #games @Red Magician#9411: Easy: Whey.
2017-06-04 13:44:26 #games @VyrenGames#3859: Salt
2017-06-04 13:44:27 #games @Red Magician#9411: **Question number 11!**\n\nThe classical composers Bach, Brahms, Handel, Strauss, and Schumann are all what nationality?
2017-06-04 13:44:28 #games @VyrenGames#3859: Fun
2017-06-04 13:44:35 #games @VyrenGames#3859: German
2017-06-04 13:44:36 #games @Red Magician#9411: You got it VyrenGames! **+1** to you!
2017-06-04 13:44:39 #games @Red Magician#9411: **Question number 12!**\n\nWhat is the national animal of Finland?
2017-06-04 13:44:47 #games @VyrenGames#3859: Goat
2017-06-04 13:44:53 #games @VyrenGames#3859: Fish
2017-06-04 13:44:55 #games @Red Magician#9411: Oh really? It's Brown bear of course.
2017-06-04 13:44:59 #games @Red Magician#9411: **Question number 13!**\n\nThe 2015 Star Wars sequel is subtitled 'The Force...'?
2017-06-04 13:45:11 #games @VyrenGames#3859: The force awakens
2017-06-04 13:45:11 #games @Red Magician#9411: You got it VyrenGames! **+1** to you!
2017-06-04 13:45:15 #games @Red Magician#9411: **Question number 14!**\n\n"I've been dead once, already. It's very liberating." is from which movie?
2017-06-04 13:45:31 #games @Red Magician#9411: Easy: Batman.
2017-06-04 13:45:34 #games @Red Magician#9411: **Question number 15!**\n\nWhat's the band that has won the most Grammy awards?
2017-06-04 13:45:50 #games @Red Magician#9411: I know this one! U2!
2017-06-04 13:45:53 #games @Red Magician#9411: **Question number 16!**\n\nTurkish Van, Chartreux, Scottish Fold and Ragdoll are types of...?
2017-06-04 13:46:08 #games @Red Magician#9411: Easy: Cats.
2017-06-04 13:46:12 #games @Red Magician#9411: **Question number 17!**\n\nWhich real city is taken by Gotham city in Batman movies?
2017-06-04 13:46:28 #games @Red Magician#9411: Easy: Chicago.
2017-06-04 13:46:31 #games @Red Magician#9411: **Question number 18!**\n\nWhat African nation is known in parts of Asia by the local names of two of its famous cities Marrakech and Fes?
2017-06-04 13:46:47 #games @VyrenGames#3859: Madagascar
2017-06-04 13:46:47 #games @Red Magician#9411: I know this one! Morocco!
2017-06-04 13:46:50 #games @Red Magician#9411: **Question number 19!**\n\n"Taipei" is the capital city of which country?
2017-06-04 13:46:57 #games @VyrenGames#3859: Japan
2017-06-04 13:47:02 #games @VyrenGames#3859: China
2017-06-04 13:47:05 #games @Red Magician#9411: Easy: Taiwan.
2017-06-04 13:47:09 #games @Red Magician#9411: **Question number 20!**\n\nWhat is the 'lead' in pencils made from?
2017-06-04 13:47:09 #games @VyrenGames#3859: Taiwan
2017-06-04 13:47:17 #games @VyrenGames#3859: Graphite
2017-06-04 13:47:17 #games @Red Magician#9411: You got it VyrenGames! **+1** to you!
2017-06-04 13:47:20 #games @Red Magician#9411: **Question number 21!**\n\nSinger Beyonce Knowles married which rapper in 2008?
2017-06-04 13:47:33 #games @VyrenGames#3859: Chance
2017-06-04 13:47:35 #games @Red Magician#9411: Oh really? It's Jay-Z of course.
2017-06-04 13:47:38 #games @VyrenGames#3859: Drake
2017-06-04 13:47:39 #games @Red Magician#9411: **Question number 22!**\n\nWho is the only man (at 2009) to have won motorbike and F1 car World Championships?
2017-06-04 13:47:42 #games @VyrenGames#3859: Josh
2017-06-04 13:47:55 #games @Red Magician#9411: Easy: JOHN SURTEES.
2017-06-04 13:47:57 #games @VyrenGames#3859: Doe
2017-06-04 13:47:58 #games @Red Magician#9411: **Question number 23!**\n\nSir Christopher Wren designed which famous London cathedral?
2017-06-04 13:48:14 #games @Red Magician#9411: Easy: St Paul’s.
2017-06-04 13:48:17 #games @Red Magician#9411: **Question number 24!**\n\nThe cup, or bowl, Jesus was said to have used at the Last Supper is known as 'The Holy ...'?
2017-06-04 13:48:30 #games @VyrenGames#3859: The holy Grail
2017-06-04 13:48:30 #games @Red Magician#9411: You got it VyrenGames! **+1** to you!
2017-06-04 13:48:33 #games @Red Magician#9411: **Question number 25!**\n\nHow many deserts are in or extend into the United States?
2017-06-04 13:48:42 #games @VyrenGames#3859: One
2017-06-04 13:48:44 #games @VyrenGames#3859: 1
2017-06-04 13:48:46 #games @VyrenGames#3859: 2
2017-06-04 13:48:47 #games @VyrenGames#3859: 3
2017-06-04 13:48:48 #games @Red Magician#9411: Easy: Five.
2017-06-04 13:48:49 #games @VyrenGames#3859: 4
2017-06-04 13:48:51 #games @Red Magician#9411: **Question number 26!**\n\nWhat is the name given to a word or phrase that reads the same backward and forward?
2017-06-04 13:48:51 #games @VyrenGames#3859: 5
2017-06-04 13:49:08 #games @Red Magician#9411: I know this one! Palindrome!
2017-06-04 13:49:08 #games @VyrenGames#3859: palindrome
2017-06-04 13:49:11 #games @Red Magician#9411: **Question number 27!**\n\nHow many planets are between Earth and the sun?
2017-06-04 13:49:19 #games @VyrenGames#3859: To
2017-06-04 13:49:22 #games @VyrenGames#3859: Two
2017-06-04 13:49:22 #games @Red Magician#9411: You got it VyrenGames! **+1** to you!
2017-06-04 13:49:24 #games @VyrenGames#3859: 2
2017-06-04 13:49:26 #games @Red Magician#9411: **Question number 28!**\n\nIn what movie does Arnold Schwarzenegger go to Mars?
2017-06-04 13:49:42 #games @Red Magician#9411: Easy: Total Recall.
2017-06-04 13:49:45 #games @Red Magician#9411: **Question number 29!**\n\nWho won the 2012 Champions League?
2017-06-04 13:50:01 #games @Red Magician#9411: Easy: Chelsea.
2017-06-04 13:50:04 #games @Red Magician#9411: **Question number 30!**\n\nWhat is the Spanish name for the South American capital which means 'good air'?
2017-06-04 13:50:21 #games @Red Magician#9411: I know this one! Buenos Aires!
2017-06-04 13:50:24 #games @Red Magician#9411: **Question number 31!**\n\nPepe le Pew is what type of cartoon animal?
2017-06-04 13:50:40 #games @Red Magician#9411: I know this one! Skunk!
2017-06-04 13:50:43 #games @Red Magician#9411: **Question number 32!**\n\nHinge, Saddle, Pivot and Gliding are all types of what in the human body?
2017-06-04 13:50:59 #games @Red Magician#9411: Easy: Joint.
2017-06-04 13:51:03 #games @Red Magician#9411: **Question number 33!**\n\nComplete the name of the American Football team: 'Washington ...........'?
2017-06-04 13:51:19 #games @Red Magician#9411: Easy: REDSKINS.
2017-06-04 13:51:22 #games @Red Magician#9411: **Question number 34!**\n\nIn US TV cartoon sitcom Family Guy which Griffin family member is the anthropomorphic dog?
2017-06-04 13:51:23 #games @Red Magician#9411: Guys...? Well, I guess I'll stop then.
2017-02-28 21:52:33 #games @VyrenGames#3859: >trivia
2017-02-28 21:52:34 #games @Nadeko#8665: 
2017-02-28 21:53:04 #games @Nadeko#8665: 
2017-02-28 21:53:06 #games @Nadeko#8665: 
2017-02-28 21:53:37 #games @Nadeko#8665: 
2017-02-28 21:53:39 #games @Nadeko#8665: 
2017-02-28 21:54:09 #games @Nadeko#8665: 
2017-02-28 21:54:11 #games @Nadeko#8665: 
2017-02-28 21:54:42 #games @Nadeko#8665: 
2017-02-28 21:54:44 #games @Nadeko#8665: 
2017-02-28 21:55:14 #games @Nadeko#8665: 
2017-02-28 21:55:16 #games @Nadeko#8665: 
2017-02-28 21:55:46 #games @Nadeko#8665: 
2017-02-28 21:55:48 #games @Nadeko#8665: 
2017-02-28 21:56:19 #games @Nadeko#8665: 
2017-02-28 21:56:21 #games @Nadeko#8665: 
2017-02-28 21:56:51 #games @Nadeko#8665: 
2017-02-28 21:56:53 #games @Nadeko#8665: 
2017-02-28 21:57:22 #games @VyrenGames#3859: >tq
2017-02-28 21:57:22 #games @Nadeko#8665: 
2017-02-28 21:57:23 #games @Nadeko#8665: 
2017-02-28 21:57:25 #games @Nadeko#8665: 
2017-03-31 23:52:10 #games @VyrenGames#3859: >ttt
2017-03-31 23:52:10 #games @Nadeko#8665: 
2017-03-31 23:52:15 #games @VyrenGames#3859: >ttt
2017-03-31 23:52:15 #games @Nadeko#8665: 
2017-06-04 07:51:11 #games @VyrenGames#3859: $trivia general
2017-06-04 07:51:12 #games @Red Magician#9411: **Question number 1!**\n\nThe Sheffield Shield is competed for in which sport?
2017-06-04 07:51:28 #games @Red Magician#9411: Oh really? It's CRICKET of course.
2017-06-04 07:51:31 #games @Red Magician#9411: **Question number 2!**\n\nWhat did Sir Galahad search for
2017-06-04 07:51:47 #games @Red Magician#9411: I know this one! The Holy Grail?!
2017-06-04 07:51:50 #games @Red Magician#9411: **Question number 3!**\n\nWhat martial arts name means gentle way
2017-06-04 07:52:06 #games @Red Magician#9411: Easy: Judo.
2017-06-04 07:52:09 #games @Red Magician#9411: **Question number 4!**\n\nThe motor theft crime abbreviated in the UK to TWOC (hence the slang verb 'twocking') stands for what?
2017-06-04 07:52:24 #games @Red Magician#9411: Oh really? It's Taking Without Owner's Consent of course.
2017-06-04 07:52:28 #games @Red Magician#9411: **Question number 5!**\n\nIn Greek mythology which monster is half goat, lion and snake?
2017-06-04 07:52:44 #games @Red Magician#9411: Easy: Chimera.
2017-06-04 07:52:47 #games @Red Magician#9411: **Question number 6!**\n\nPepe le Pew is what type of cartoon animal?
2017-06-04 07:53:03 #games @Red Magician#9411: Easy: Skunk.
2017-06-04 07:53:06 #games @Red Magician#9411: **Question number 7!**\n\nWhat is the closest star to the Earth?
2017-06-04 07:53:13 #games @Red Magician#9411: Guys...? Well, I guess I'll stop then.
2017-06-04 13:39:47 #games @VyrenGames#3859: B
2017-06-04 13:39:57 #games @VyrenGames#3859: $trivia
2017-06-04 13:39:58 #games @Red Magician#9411: ```\n$trivia <list_name>\n\nStart a trivia session with the specified list\n\nCommands:\n  list Shows available trivia lists\n  stop Stops an ongoing trivia session\n\nType $trivia command for more info on a command.\nYou can also type $trivia category for more info on a category.\n```
2017-06-04 13:40:11 #games @VyrenGames#3859: $trivia list
2017-06-04 13:40:11 #games @Red Magician#9411: ```diff\n+ Available trivia lists\n\n2015, 2016, anime, artandliterature, boombeach, cars, clashroyale, computers, disney, dota2abilities, dota2items, elements, entertainment, finalfantasy, games, general, greekmyth, harrypotter, leagueoflegends, leagueults, nba, overwatch, pokemon, slogans, starwars, uscapitals, warcraft, worldcapitals, worldflags\n```
2017-06-04 13:41:07 #games @VyrenGames#3859: $trivia General
2017-06-04 13:41:07 #games @Red Magician#9411: That trivia list doesn't exist.
2017-06-04 13:41:21 #games @VyrenGames#3859: $trivia general
2017-06-04 13:41:22 #games @Red Magician#9411: **Question number 1!**\n\nThe famous Ancient Roman marble statue 'Venus Callipyge' or 'Callipygian Venus' literally and artistically represents "Venus/Aphrodite of the beautiful..."?
2017-06-04 13:41:38 #games @Red Magician#9411: Oh really? It's Buttocks of course.
2017-06-04 13:41:41 #games @Red Magician#9411: **Question number 2!**\n\nWhat is the capital of Sweden?
2017-06-04 13:41:49 #games @VyrenGames#3859: Pakistan
2017-06-04 13:41:57 #games @Red Magician#9411: Easy: Stockholm.
2017-06-04 13:42:01 #games @Red Magician#9411: **Question number 3!**\n\nWho wrote/directed the movies The Hateful Eight and Inglourious Basterds?
2017-06-04 13:42:17 #games @Red Magician#9411: I know this one! Quentin Tarantino!
2017-06-04 13:42:20 #games @Red Magician#9411: **Question number 4!**\n\nWho is the "black sheep" in Family Guy?
2017-06-04 13:42:32 #games @VyrenGames#3859: Bart
2017-06-04 13:42:35 #games @VyrenGames#3859: Barry
2017-06-04 13:42:36 #games @Red Magician#9411: I know this one! Meg!
2017-06-04 13:42:38 #games @VyrenGames#3859: Barney
2017-06-04 13:42:39 #games @Red Magician#9411: **Question number 5!**\n\nWhat hugely popular cereal crop has varieties including Arborio (Italy), Ambemohar (India), Doongara (Australia), and Uruchimai (Japan)?
2017-06-04 13:42:41 #games @VyrenGames#3859: Meg
2017-06-04 13:42:50 #games @VyrenGames#3859: ?
2017-06-04 13:42:54 #games @VyrenGames#3859: No idea
2017-06-04 13:42:55 #games @Red Magician#9411: I know this one! Rice!
2017-06-04 13:42:58 #games @Red Magician#9411: **Question number 6!**\n\nIn what country was Osama bin Laden found in 2011?
2017-06-04 13:43:06 #games @VyrenGames#3859: Iran
2017-06-04 13:43:13 #games @VyrenGames#3859: Seria
2017-06-04 13:43:15 #games @Red Magician#9411: Easy: Pakistan.
2017-06-04 13:43:16 #games @VyrenGames#3859: Siria
2017-06-04 13:43:18 #games @Red Magician#9411: **Question number 7!**\n\nWhat's the chemical symbol of salt?
2017-06-04 13:43:26 #games @VyrenGames#3859: NaCl
2017-06-04 13:43:26 #games @Red Magician#9411: You got it VyrenGames! **+1** to you!
2017-06-04 13:43:29 #games @Red Magician#9411: **Question number 8!**\n\nWho had a 1985 hit with Saving All My Love For You?
2017-06-04 13:43:45 #games @Red Magician#9411: Easy: WHITNEY HOUSTON.
2017-06-04 13:43:49 #games @Red Magician#9411: **Question number 9!**\n\nWhich of the original Spice Girls was the only one with a 'spice' nickname?
2017-06-04 13:44:05 #games @Red Magician#9411: Oh really? It's Geri Halliwell of course.
2017-06-04 13:44:08 #games @Red Magician#9411: **Question number 10!**\n\nWhat is removed from natural yogurt to produce Greek yogurt (also called labneh [Arabic] and strained yogurt)?
2017-06-04 13:44:17 #games @VyrenGames#3859: Fat
2017-06-04 13:44:20 #games @VyrenGames#3859: Glutin
2017-06-04 13:44:23 #games @VyrenGames#3859: Sugar
2017-06-04 13:44:24 #games @Red Magician#9411: Easy: Whey.
2017-06-04 13:44:26 #games @VyrenGames#3859: Salt
2017-06-04 13:44:27 #games @Red Magician#9411: **Question number 11!**\n\nThe classical composers Bach, Brahms, Handel, Strauss, and Schumann are all what nationality?
2017-06-04 13:44:28 #games @VyrenGames#3859: Fun
2017-06-04 13:44:35 #games @VyrenGames#3859: German
2017-06-04 13:44:36 #games @Red Magician#9411: You got it VyrenGames! **+1** to you!
2017-06-04 13:44:39 #games @Red Magician#9411: **Question number 12!**\n\nWhat is the national animal of Finland?
2017-06-04 13:44:47 #games @VyrenGames#3859: Goat
2017-06-04 13:44:53 #games @VyrenGames#3859: Fish
2017-06-04 13:44:55 #games @Red Magician#9411: Oh really? It's Brown bear of course.
2017-06-04 13:44:59 #games @Red Magician#9411: **Question number 13!**\n\nThe 2015 Star Wars sequel is subtitled 'The Force...'?
2017-06-04 13:45:11 #games @VyrenGames#3859: The force awakens
2017-06-04 13:45:11 #games @Red Magician#9411: You got it VyrenGames! **+1** to you!
2017-06-04 13:45:15 #games @Red Magician#9411: **Question number 14!**\n\n"I've been dead once, already. It's very liberating." is from which movie?
2017-06-04 13:45:31 #games @Red Magician#9411: Easy: Batman.
2017-06-04 13:45:34 #games @Red Magician#9411: **Question number 15!**\n\nWhat's the band that has won the most Grammy awards?
2017-06-04 13:45:50 #games @Red Magician#9411: I know this one! U2!
2017-06-04 13:45:53 #games @Red Magician#9411: **Question number 16!**\n\nTurkish Van, Chartreux, Scottish Fold and Ragdoll are types of...?
2017-06-04 13:46:08 #games @Red Magician#9411: Easy: Cats.
2017-06-04 13:46:12 #games @Red Magician#9411: **Question number 17!**\n\nWhich real city is taken by Gotham city in Batman movies?
2017-06-04 13:46:28 #games @Red Magician#9411: Easy: Chicago.
2017-06-04 13:46:31 #games @Red Magician#9411: **Question number 18!**\n\nWhat African nation is known in parts of Asia by the local names of two of its famous cities Marrakech and Fes?
2017-06-04 13:46:47 #games @VyrenGames#3859: Madagascar
2017-06-04 13:46:47 #games @Red Magician#9411: I know this one! Morocco!
2017-06-04 13:46:50 #games @Red Magician#9411: **Question number 19!**\n\n"Taipei" is the capital city of which country?
2017-06-04 13:46:57 #games @VyrenGames#3859: Japan
2017-06-04 13:47:02 #games @VyrenGames#3859: China
2017-06-04 13:47:05 #games @Red Magician#9411: Easy: Taiwan.
2017-06-04 13:47:09 #games @Red Magician#9411: **Question number 20!**\n\nWhat is the 'lead' in pencils made from?
2017-06-04 13:47:09 #games @VyrenGames#3859: Taiwan
2017-06-04 13:47:17 #games @VyrenGames#3859: Graphite
2017-06-04 13:47:17 #games @Red Magician#9411: You got it VyrenGames! **+1** to you!
2017-06-04 13:47:20 #games @Red Magician#9411: **Question number 21!**\n\nSinger Beyonce Knowles married which rapper in 2008?
2017-06-04 13:47:33 #games @VyrenGames#3859: Chance
2017-06-04 13:47:35 #games @Red Magician#9411: Oh really? It's Jay-Z of course.
2017-06-04 13:47:38 #games @VyrenGames#3859: Drake
2017-06-04 13:47:39 #games @Red Magician#9411: **Question number 22!**\n\nWho is the only man (at 2009) to have won motorbike and F1 car World Championships?
2017-06-04 13:47:42 #games @VyrenGames#3859: Josh
2017-06-04 13:47:55 #games @Red Magician#9411: Easy: JOHN SURTEES.
2017-06-04 13:47:57 #games @VyrenGames#3859: Doe
2017-06-04 13:47:58 #games @Red Magician#9411: **Question number 23!**\n\nSir Christopher Wren designed which famous London cathedral?
2017-06-04 13:48:14 #games @Red Magician#9411: Easy: St Paul’s.
2017-06-04 13:48:17 #games @Red Magician#9411: **Question number 24!**\n\nThe cup, or bowl, Jesus was said to have used at the Last Supper is known as 'The Holy ...'?
2017-06-04 13:48:30 #games @VyrenGames#3859: The holy Grail
2017-06-04 13:48:30 #games @Red Magician#9411: You got it VyrenGames! **+1** to you!
2017-06-04 13:48:33 #games @Red Magician#9411: **Question number 25!**\n\nHow many deserts are in or extend into the United States?
2017-06-04 13:48:42 #games @VyrenGames#3859: One
2017-06-04 13:48:44 #games @VyrenGames#3859: 1
2017-06-04 13:48:46 #games @VyrenGames#3859: 2
2017-06-04 13:48:47 #games @VyrenGames#3859: 3
2017-06-04 13:48:48 #games @Red Magician#9411: Easy: Five.
2017-06-04 13:48:49 #games @VyrenGames#3859: 4
2017-06-04 13:48:51 #games @Red Magician#9411: **Question number 26!**\n\nWhat is the name given to a word or phrase that reads the same backward and forward?
2017-06-04 13:48:51 #games @VyrenGames#3859: 5
2017-06-04 13:49:08 #games @Red Magician#9411: I know this one! Palindrome!
2017-06-04 13:49:08 #games @VyrenGames#3859: palindrome
2017-06-04 13:49:11 #games @Red Magician#9411: **Question number 27!**\n\nHow many planets are between Earth and the sun?
2017-06-04 13:49:19 #games @VyrenGames#3859: To
2017-06-04 13:49:22 #games @VyrenGames#3859: Two
2017-06-04 13:49:22 #games @Red Magician#9411: You got it VyrenGames! **+1** to you!
2017-06-04 13:49:24 #games @VyrenGames#3859: 2
2017-06-04 13:49:26 #games @Red Magician#9411: **Question number 28!**\n\nIn what movie does Arnold Schwarzenegger go to Mars?
2017-06-04 13:49:42 #games @Red Magician#9411: Easy: Total Recall.
2017-06-04 13:49:45 #games @Red Magician#9411: **Question number 29!**\n\nWho won the 2012 Champions League?
2017-06-04 13:50:01 #games @Red Magician#9411: Easy: Chelsea.
2017-06-04 13:50:04 #games @Red Magician#9411: **Question number 30!**\n\nWhat is the Spanish name for the South American capital which means 'good air'?
2017-06-04 13:50:21 #games @Red Magician#9411: I know this one! Buenos Aires!
2017-06-04 13:50:24 #games @Red Magician#9411: **Question number 31!**\n\nPepe le Pew is what type of cartoon animal?
2017-06-04 13:50:40 #games @Red Magician#9411: I know this one! Skunk!
2017-06-04 13:50:43 #games @Red Magician#9411: **Question number 32!**\n\nHinge, Saddle, Pivot and Gliding are all types of what in the human body?
2017-06-04 13:50:59 #games @Red Magician#9411: Easy: Joint.
2017-06-04 13:51:03 #games @Red Magician#9411: **Question number 33!**\n\nComplete the name of the American Football team: 'Washington ...........'?
2017-06-04 13:51:19 #games @Red Magician#9411: Easy: REDSKINS.
2017-06-04 13:51:22 #games @Red Magician#9411: **Question number 34!**\n\nIn US TV cartoon sitcom Family Guy which Griffin family member is the anthropomorphic dog?
2017-06-04 13:51:23 #games @Red Magician#9411: Guys...? Well, I guess I'll stop then.
