2017-06-15 01:22:17 #temp @VyrenGames#3859: g
2017-06-15 01:29:23 #temp @VyrenGames#3859: nope
2017-06-15 01:29:33 #temp @VyrenGames#3859: this stays
2017-06-15 01:31:39 #temp @VyrenGames#3859: $cleanup bot
2017-06-15 01:31:40 #temp @Red Magician#9411: ```\n$cleanup bot <number>\n\nCleans up command messages and messages from the bot\n\n```
2017-06-15 01:31:44 #temp @VyrenGames#3859: $cleanup bot
2017-06-15 01:31:44 #temp @Red Magician#9411: ```\n$cleanup bot <number>\n\nCleans up command messages and messages from the bot\n\n```
2017-06-15 01:22:17 #temp @VyrenGames#3859: g
2017-06-15 01:29:23 #temp @VyrenGames#3859: nope
2017-06-15 01:29:33 #temp @VyrenGames#3859: this stays
2017-06-15 01:31:39 #temp @VyrenGames#3859: $cleanup bot
2017-06-15 01:31:40 #temp @Red Magician#9411: ```\n$cleanup bot <number>\n\nCleans up command messages and messages from the bot\n\n```
2017-06-15 01:31:44 #temp @VyrenGames#3859: $cleanup bot
2017-06-15 01:31:44 #temp @Red Magician#9411: ```\n$cleanup bot <number>\n\nCleans up command messages and messages from the bot\n\n```
2017-06-23 15:42:56 #temp @VyrenGames#3859: gfdgfdgfd
2017-06-23 15:42:57 #temp @VyrenGames#3859: gfdg
2017-06-23 15:42:57 #temp @VyrenGames#3859: fd
2017-06-23 15:42:57 #temp @VyrenGames#3859: gfd
2017-06-23 15:42:57 #temp @VyrenGames#3859: g
2017-06-23 15:42:57 #temp @VyrenGames#3859: fd
2017-06-23 15:42:58 #temp @VyrenGames#3859: gfd
2017-06-23 15:42:59 #temp @VyrenGames#3859: gfd
2017-06-23 15:43:12 #temp @VyrenGames#3859: jhgfjhfjh
2017-06-23 15:43:13 #temp @VyrenGames#3859: fhf
2017-06-23 15:43:13 #temp @VyrenGames#3859: hf
2017-06-23 15:43:13 #temp @VyrenGames#3859: hf
2017-06-23 15:43:14 #temp @VyrenGames#3859: hgf
2017-06-23 15:43:17 #temp @VyrenGames#3859: hgjhgfjhgjgf
2017-06-23 16:19:56 #temp @VyrenGames#3859: $sysinfo
2017-06-23 16:19:58 #temp @Red Magician#9411: `Error in command 'sysinfo'. Check your console or logs for details.`
