2017-08-01 14:21:45 #mc-yesdogs-crafty @Goldking4291#4291: lil you gonna give me tempban ?
2017-08-01 14:22:19 #mc-yesdogs-crafty @Liltinyten#1096: I cant
2017-08-01 14:22:33 #mc-yesdogs-crafty @Goldking4291#4291: lol
2017-08-01 14:22:52 #mc-yesdogs-crafty @Liltinyten#1096: Ur not builder in the lobby Server so you will only have it in SW
2017-08-01 14:23:12 #mc-yesdogs-crafty @Goldking4291#4291: lol im finewhit that
2017-08-01 14:30:18 #mc-yesdogs-crafty @Goldking4291#4291: i cant use it in sw
2017-08-01 14:30:35 #mc-yesdogs-crafty @Liltinyten#1096: Come back
2017-08-01 14:30:42 #mc-yesdogs-crafty @Goldking4291#4291: okw
2017-08-01 15:42:11 #mc-yesdogs-crafty @Maia#6728: oh wow, it's already august? here I thought we had at least 5 more days of september
2017-08-01 15:42:32 #mc-yesdogs-crafty @Maia#6728 edited message from 2017-08-01 15:42:11 (oh wow, it's already august? here I thought we had at least 5 more days of september) to read: oh wow, it's already august? here I thought we had at least 5 more days of july
2017-08-01 15:43:04 #mc-yesdogs-crafty @Maia#6728: (my brain time travels with the calender, let that be a sign that I ain't good at days)
2017-08-01 15:43:36 #mc-yesdogs-crafty @yesdog#7006: lol i still somehow feel like it should be march
2017-08-01 15:43:56 #mc-yesdogs-crafty @Maia#6728: doesn't feel like we've past the half way point of 2017 xD
2017-08-01 16:29:13 #mc-yesdogs-crafty @VyrenGames#3859: Ikr. Fall always feels like the longest season. Probably because of school.
2017-08-01 16:29:51 #mc-yesdogs-crafty @VyrenGames#3859 edited message from 2017-08-01 16:29:13 (Ikr. Fall always feels like the longest season. Probably because of school.) to read: Ikr. Spring and summer just fly by in no time at all! Fall always feels like the longest season. Probably because of school.
2017-08-01 16:29:58 #mc-yesdogs-crafty @VyrenGames#3859 edited message from 2017-08-01 16:29:13 (Ikr. Spring and summer just fly by in no time at all! Fall always feels like the longest season. Probably because of school.) to read: Ikr! Spring and summer just fly by in no time at all! Fall always feels like the longest season. Probably because of school.
2017-08-01 16:30:19 #mc-yesdogs-crafty @VyrenGames#3859 edited message from 2017-08-01 16:29:13 (Ikr! Spring and summer just fly by in no time at all! Fall always feels like the longest season. Probably because of school.) to read: Ikr! Spring and summer just fly by in no time at all! Then fall always feels like the longest season. Probably because of school.
2017-08-01 16:30:45 #mc-yesdogs-crafty @VyrenGames#3859: $ping
2017-08-01 16:30:45 #mc-yesdogs-crafty @Red Magician#9411: Pong.
2017-08-01 16:30:57 #mc-yesdogs-crafty @VyrenGames#3859: $cogs
2017-08-01 16:30:57 #mc-yesdogs-crafty @Red Magician#9411: ```diff\n+ Loaded\nactivitylog, alias, audio, customcom, datadog, dota, downloader, drawing, duel, economy, fetch, fourinarow, gamelist, games, general, getfortune, identicon, image, lib_calebj, markov, massdm, mod, owner, pokedex, reactpoll, redportal, rndstatus, roller, rpsls, science, serverquotes, smartreact, steam, streams, survey, sysinfo, trivia, whoplays, wikipedia\n\n- Unloaded\nreactmenu\n```
