2017-06-09 01:03:40 #announcements @HeyitsJim#5590: @​everyone We were down for updates; We're going back up now.
2017-06-09 02:01:20 #announcements @HeyitsJim#5590: @​everyone No longer down for updates
2017-06-18 01:11:08 #announcements @BlackBerry4465#9512: i still can t spawn in anythimg jim plz help
2017-06-18 01:38:03 #announcements @BlackBerry4465#9512 deleted message from 2017-06-18 01:11:08 (i still can t spawn in anythimg jim plz help)
2017-06-18 21:11:55 #announcements @VyrenGames#3859: nice, i like it
2017-06-18 21:12:00 #announcements @VyrenGames#3859 deleted message from 2017-06-18 21:11:55 (nice, i like it)
2017-06-19 06:18:19 #announcements @VyrenGames#3859: @​everyone If there are chat commands you'll be using often, you can bind them to keys using `bind <key> chat.say "<command>"`
2017-06-19 06:18:32 #announcements @VyrenGames#3859 edited message from 2017-06-19 06:18:19 (@​everyone If there are chat commands you'll be using often, you can bind them to keys using `bind <key> chat.say "<command>"`) to read: @​everyone If there are chat commands you'll be using often, you can bind them to keys using `bind <key> chat.say "<command>"` in the console
2017-06-19 06:18:35 #announcements @VyrenGames#3859 edited message from 2017-06-19 06:18:19 (@​everyone If there are chat commands you'll be using often, you can bind them to keys using `bind <key> chat.say "<command>"` in the console) to read: @​everyone If there are chat commands you'll be using often, you can bind them to keys using `bind <key> chat.say "<command>"` in the console.
2017-06-19 16:36:30 #announcements @CaptainJim#5590: @​everyone Sorry about the barrage of reboots on Sunday. We are back up now with a new permissions system, a new description, and some new plugins. Enjoy!
2017-06-19 16:36:55 #announcements @cncman30#6626: :ok_hand:
2017-06-21 20:55:42 #announcements @VyrenGames#3859: >addWidget
2017-06-21 20:55:42 #announcements @WidgetBot#9092: ​Channel `announcements` in the guild `Flat-Top Ruins` has been added. For more information visit https://widgetbot.voakie.com/help/ or type `>help`
2017-06-21 20:55:55 #announcements @VyrenGames#3859: >getWidget
2017-06-21 20:55:55 #announcements @WidgetBot#9092: @VyrenGames, ​I sent you a PM!
2017-06-21 20:55:58 #announcements @VyrenGames#3859: $cleanup after 326399964672688131
2017-06-21 20:55:58 #announcements @VyrenGames#3859 deleted message from 2017-06-21 20:55:42 (>addWidget)
2017-06-21 20:55:58 #announcements @WidgetBot#9092 deleted message from 2017-06-21 20:55:42 (​Channel `announcements` in the guild `Flat-Top Ruins` has been added. For more information visit https://widgetbot.voakie.com/help/ or type `>help`)
2017-06-21 20:55:58 #announcements @VyrenGames#3859 deleted message from 2017-06-21 20:55:55 (>getWidget)
2017-06-21 20:55:58 #announcements @WidgetBot#9092 deleted message from 2017-06-21 20:55:55 (@VyrenGames, ​I sent you a PM!)
2017-06-21 20:55:58 #announcements @VyrenGames#3859 deleted message from 2017-06-21 20:55:58 ($cleanup after 326399964672688131)
2017-06-23 00:15:44 #announcements @CaptainJim#5590: @everone Map Change! We've updated for the update and now we're back up with a larger map! I chose a barren one in a last ditch effort to increase loading and restart times. If you don't like it, let me know. We can switch next wipe. Enjoy!
2017-06-23 00:15:59 #announcements @CaptainJim#5590 edited message from 2017-06-23 00:15:44 (@everone Map Change! We've updated for the update and now we're back up with a larger map! I chose a barren one in a last ditch effort to increase loading and restart times. If you don't like it, let me know. We can switch next wipe. Enjoy!) to read: @​everyone  Map Change! We've updated for the update and now we're back up with a larger map! I chose a barren one in a last ditch effort to increase loading and restart times. If you don't like it, let me know. We can switch next wipe. Enjoy!
2017-06-23 14:39:05 #announcements @CaptainJim#5590: @​everyone Added wipe time to title bar. \nChanged to wipe every 7 days.
2017-06-29 20:47:47 #announcements @CaptainJim#5590: @​everyone We wiped, we changed maps, we're booting now. Enjoy.
2017-07-30 03:57:02 #announcements @CaptainJim#5590: @​everyone Kits plugin is fixed
