2017-06-16 12:03:59 #rust-updates @Rust Updates#2700: 
2017-06-16 12:03:59 #rust-updates @Rust Updates#2700 edited message from 2017-06-16 12:03:59 () to read: 
2017-06-16 12:03:59 #rust-updates @Rust Updates#2700: @​everyone
2017-06-22 16:52:23 #rust-updates @Rust Updates#2700: 
2017-06-22 16:52:24 #rust-updates @Rust Updates#2700 edited message from 2017-06-22 16:52:23 () to read: 
2017-06-22 16:52:24 #rust-updates @Rust Updates#2700: @​here
2017-06-22 16:52:24 #rust-updates @Rust Updates#2700: 
2017-06-22 16:52:24 #rust-updates @Rust Updates#2700 edited message from 2017-06-22 16:52:24 () to read: 
2017-06-22 16:52:24 #rust-updates @Rust Updates#2700: @​here
2017-06-23 13:28:23 #rust-updates @Rust Updates#2700: 
2017-06-23 13:28:23 #rust-updates @Rust Updates#2700 edited message from 2017-06-23 13:28:23 () to read: 
2017-06-23 13:28:23 #rust-updates @Rust Updates#2700: @​here
2017-06-23 13:28:23 #rust-updates @Rust Updates#2700: 
2017-06-23 13:28:24 #rust-updates @Rust Updates#2700 edited message from 2017-06-23 13:28:23 () to read: 
2017-06-23 13:28:24 #rust-updates @Rust Updates#2700: @​here
2017-06-26 14:10:24 #rust-updates @Rust Updates#2700: 
2017-06-26 14:10:24 #rust-updates @Rust Updates#2700 edited message from 2017-06-26 14:10:24 () to read: 
2017-06-26 14:10:24 #rust-updates @Rust Updates#2700: @​here
2017-06-29 19:38:23 #rust-updates @Rust Updates#2700: 
2017-06-29 19:38:23 #rust-updates @Rust Updates#2700 edited message from 2017-06-29 19:38:23 () to read: 
2017-06-29 19:38:23 #rust-updates @Rust Updates#2700: @​here
2017-07-03 19:47:39 #rust-updates @Rust Updates#2700: 
2017-07-03 19:47:39 #rust-updates @Rust Updates#2700 edited message from 2017-07-03 19:47:39 () to read: 
2017-07-03 19:47:39 #rust-updates @Rust Updates#2700: @​here
2017-07-03 19:47:40 #rust-updates @Rust Updates#2700: 
2017-07-03 19:47:40 #rust-updates @Rust Updates#2700 edited message from 2017-07-03 19:47:40 () to read: 
2017-07-03 19:47:40 #rust-updates @Rust Updates#2700: @​here
2017-07-06 20:34:41 #rust-updates @Rust Updates#2700: @​here
2017-07-06 20:34:41 #rust-updates @Rust Updates#2700 edited message from 2017-07-06 20:34:41 (@​here) to read: @​here
2017-07-06 20:34:41 #rust-updates @Rust Updates#2700: @​here
2017-07-06 20:34:41 #rust-updates @Rust Updates#2700 edited message from 2017-07-06 20:34:41 (@​here) to read: @​here
2017-07-13 19:10:50 #rust-updates @Rust Updates#2700: @​here
2017-07-13 19:10:50 #rust-updates @Rust Updates#2700 edited message from 2017-07-13 19:10:50 (@​here) to read: @​here
2017-07-13 20:47:31 #rust-updates @Rust Updates#2700: @​here
2017-07-13 20:47:31 #rust-updates @Rust Updates#2700 edited message from 2017-07-13 20:47:31 (@​here) to read: @​here
2017-07-13 21:01:31 #rust-updates @Rust Updates#2700: @​here
2017-07-13 21:01:31 #rust-updates @Rust Updates#2700 edited message from 2017-07-13 21:01:31 (@​here) to read: @​here
2017-07-20 17:53:28 #rust-updates @Rust Updates#2700: @​here
2017-07-20 17:53:29 #rust-updates @Rust Updates#2700 edited message from 2017-07-20 17:53:28 (@​here) to read: @​here
2017-07-20 18:33:28 #rust-updates @Rust Updates#2700: @​here
2017-07-20 18:33:29 #rust-updates @Rust Updates#2700 edited message from 2017-07-20 18:33:28 (@​here) to read: @​here
2017-07-27 19:59:26 #rust-updates @Rust Updates#2700: @​here
2017-07-27 19:59:26 #rust-updates @Rust Updates#2700 edited message from 2017-07-27 19:59:26 (@​here) to read: @​here
2017-07-27 20:33:26 #rust-updates @Rust Updates#2700: @​here
2017-07-27 20:33:26 #rust-updates @Rust Updates#2700 edited message from 2017-07-27 20:33:26 (@​here) to read: @​here
