2017-06-15 13:23:57 #music @UnL34sHd#8574: sime how
2017-06-15 13:24:03 #music @UnL34sHd#8574 edited message from 2017-06-15 13:23:57 (sime how) to read: some how
2017-06-15 13:31:08 #music @UnL34sHd#8574: i still have my money
2017-06-15 13:32:54 #music @UnL34sHd#8574:  (attachment saved to 324904103190724608_unknown.png)
2017-06-22 14:54:51 #music @Dawn#5970: umm
2017-06-22 14:55:00 #music @Dawn#5970: how do i join the default text channel?
2017-06-22 14:55:09 #music @VyrenGames#3859: ?
2017-06-22 14:55:15 #music @Dawn#5970: nvm
2017-06-22 14:55:23 #music @Dawn#5970: so drop will be b4 6?
2017-06-22 14:55:31 #music @VyrenGames#3859: maybe
2017-06-22 14:55:40 #music @VyrenGames#3859: it'll be as soon a C gets home
2017-06-22 14:55:45 #music @VyrenGames#3859 edited message from 2017-06-22 14:55:40 (it'll be as soon a C gets home) to read: it'll be as soon as C gets home
2017-06-22 14:55:46 #music @Dawn#5970: could i get a drop on both my characters?
2017-06-22 14:55:53 #music @Dawn#5970: sorry that im asking for stuff
2017-06-22 14:56:31 #music @VyrenGames#3859: sure,
2017-06-22 14:56:33 #music @VyrenGames#3859 edited message from 2017-06-22 14:56:31 (sure,) to read: sure
2017-06-22 14:56:51 #music @Dawn#5970: sweat
2017-06-22 14:56:56 #music @Dawn#5970: i mean sweet
2017-06-22 14:56:59 #music @VyrenGames#3859: lol
2017-06-22 14:57:03 #music @Dawn#5970: god damn my spelling
2017-06-22 14:57:04 #music @VyrenGames#3859: i was about to say...
2017-06-22 14:57:11 #music @Dawn#5970: so just message me when the drop is
2017-06-22 14:57:20 #music @VyrenGames#3859: yep, can-do
2017-06-22 14:57:24 #music @Dawn#5970: cool
2017-06-22 14:57:25 #music @Dawn#5970: thx
2017-06-22 14:57:29 #music @VyrenGames#3859: np
2017-06-22 14:57:32 #music @Dawn#5970: btw
2017-06-22 14:57:39 #music @VyrenGames#3859: ya?
2017-06-22 14:57:43 #music @Dawn#5970: does any1 know how to make a esports team logo?
2017-06-22 14:57:48 #music @Dawn#5970: i need 1 for my cs team
2017-06-22 14:57:56 #music @VyrenGames#3859: not a clue
2017-06-22 14:58:01 #music @Dawn#5970: ok
2017-06-22 14:58:08 #music @Dawn#5970: cani change my discord pic tho?
2017-06-22 14:58:29 #music @Dawn#5970: i mean is that possible?
2017-06-22 14:58:33 #music @VyrenGames#3859: yep
2017-06-22 14:58:39 #music @VyrenGames#3859: same place you change your name
2017-06-23 05:01:13 #music @KriegerFever#0590: @VyrenGames  just uploaded the pics from our photo shoot
