2017-06-09 02:04:11 Member role add: 'new role' role was added to @Sen#1089
2017-06-09 02:04:13 Member role remove: The 'new role' role was removed from @Sen#1089
2017-06-09 02:04:14 Member role add: 'new role' role was added to @Sen#1089
2017-06-09 02:04:14 Member role remove: The 'new role' role was removed from @Sen#1089
2017-06-09 02:04:15 Member role add: 'new role' role was added to @Sen#1089
2017-06-09 02:04:16 Member role remove: The 'new role' role was removed from @Sen#1089
2017-06-15 01:15:09 Channel created: log
2017-06-15 01:24:07 Channel rename: log renamed to mod-log
2017-06-15 01:24:07 Channel topic: log topic was set to ""
2017-06-15 01:24:25 Channel topic: mod-log topic was set to "Log for @Red Discord"
2017-06-15 01:25:52 Channel topic: mod-log topic was set to "Log for @Red Magician's moderation action"
2017-06-15 01:26:31 Channel topic: mod-log topic was set to "Log for @Red Magician's moderation actions"
2017-06-16 13:39:43 Role position: 'new role' changed from 1 to 8
2017-06-16 13:39:43 Role position: 'Admin' changed from 8 to 9
2017-06-16 13:39:43 Role renamed: 'new role' to 'Bot Moderator'
2017-06-16 13:41:22 Role position: 'Bot Moderator' changed from 8 to 2
2017-06-16 13:41:22 Role position: 'Friend' changed from 2 to 3
2017-06-16 13:41:22 Role position: 'Member' changed from 3 to 4
2017-06-16 13:41:22 Role position: 'Leader' changed from 4 to 5
2017-06-16 13:41:22 Role position: 'Magician' changed from 5 to 6
2017-06-16 13:41:22 Role position: 'analytics-bot' changed from 6 to 7
2017-06-16 13:41:22 Role position: 'Bots' changed from 7 to 8
2017-06-16 13:41:40 Member role add: 'Bot Moderator' role was added to @CaptainJim#5590
2017-06-16 13:41:42 Member role add: 'Bot Moderator' role was added to @cncman30#6626
2017-06-16 13:41:46 Member role add: 'Bot Moderator' role was added to @Grapes#5121
2017-06-16 13:41:59 Member role add: 'Bot Moderator' role was added to @TroyFoxxin#9341
2017-06-16 13:42:20 Member role add: 'Bot Moderator' role was added to @UnL34sHd#8574
2017-06-16 13:42:25 Member role add: 'Bot Moderator' role was added to @Wojak#0946
2017-06-16 13:42:29 Member role add: 'Bot Moderator' role was added to @Zͨeͪpͬhͦyͫrͣ#4118
2017-06-16 13:43:42 Role mentionable: 'Bot Moderator' is now mentionable
2017-06-17 02:19:27 Member join: @Bot#6668 (id 215537612457246722)
2017-06-17 02:23:38 Member role add: 'Member' role was added to @Bot#6668
2017-06-17 02:32:10 Member username: '@Bot#6668' (id 215537612457246722) changed username from 'Bot' to 'kys'
2017-06-17 07:03:20 Role permissions: '@everyone' changed from 102223937 to 102223936
2017-06-17 07:09:37 Role permissions: 'Admin' changed from 2146958463 to 2146958591
2017-06-20 22:44:04 Member ban: @kys#6668 (id 215537612457246722)
2017-06-20 22:44:04 Member leave: @kys#6668 (id 215537612457246722)
2017-06-20 22:44:48 Role permissions: 'Leader' changed from 376949831 to 376949827
2017-06-20 22:44:48 Member leave: @Grapes#5121 (id 216601537881964544)
2017-06-20 22:44:55 Member unban: @kys#6668 (id 215537612457246722)
2017-06-20 22:47:46 Member join: @kys#6668 (id 215537612457246722)
2017-06-20 22:48:17 Member username: '@kys#6668' (id 215537612457246722) changed username from 'kys' to 'Zach'
2017-06-20 22:49:02 Member role add: 'Member' role was added to @Zach#4614
2017-06-20 23:15:55 Member join: @Grapes#5121 (id 216601537881964544)
2017-06-20 23:17:45 Member role add: 'Member' role was added to @Grapes#5121
2017-06-20 23:17:46 Member role add: 'Leader' role was added to @Grapes#5121
2017-06-20 23:17:46 Member role remove: The 'Member' role was removed from @Grapes#5121
2017-06-20 23:18:01 Member role add: 'Member' role was added to @Grapes#5121
2017-06-20 23:18:04 Member role remove: The 'Member' role was removed from @Grapes#5121
2017-06-21 15:30:35 Member join: @RyuScorch#5970 (id 285170135776624640)
2017-06-21 15:38:47 Member role add: 'Member' role was added to @RyuScorch#5970
2017-06-21 23:48:14 Role permissions: '@everyone' changed from 102223936 to 102219840
2017-06-22 14:47:25 Member username: '@RyuScorch#5970' (id 285170135776624640) changed username from 'RyuScorch' to 'Dawn'
2017-06-22 15:01:08 Channel created: Counter-Strike
2017-06-22 15:01:14 Channel position: Counter-Strike moved from 10 to 6
2017-06-22 15:01:14 Channel position: Team 1 moved from 6 to 7
2017-06-22 15:01:14 Channel position: Team 2 moved from 7 to 8
2017-06-22 15:01:19 Channel position: GTA V moved from 5 to 2
2017-06-22 15:01:19 Channel position: Star Wars: The Old Republic moved from 2 to 3
2017-06-22 15:01:19 Channel position: Star Trek Online moved from 3 to 4
2017-06-22 15:01:19 Channel position: Borderlands 2 moved from 4 to 5
2017-06-22 15:17:11 Role permissions: '@everyone' changed from 102219840 to 102220864
2017-06-22 17:44:30 Member username: '@Dawn#5970' (id 285170135776624640) changed username from 'Dawn' to 'WOJAK IS A SQWEEKER XD'
2017-06-22 18:30:08 Member username: '@WOJAK IS A SQWEEKER XD#5970' (id 285170135776624640) changed username from 'WOJAK IS A SQWEEKER XD' to 'DawnGODDAMNMYPICTURESDON'TWORK'
2017-06-22 18:45:00 Member join: @nebula.far#5024 (id 327518189778894859)
2017-06-22 19:33:33 Member role add: 'Member' role was added to @nebula.far#5024
2017-06-22 21:45:47 Member role add: 'Member' role was added to @Grapes#5121
2017-06-23 15:12:22 Role position: 'Friend' changed from 3 to 2
2017-06-23 15:12:22 Role position: 'Member' changed from 4 to 3
2017-06-23 15:12:22 Role position: 'Leader' changed from 5 to 4
2017-06-23 15:12:22 Role position: 'Magician' changed from 6 to 5
2017-06-23 15:12:22 Role position: 'analytics-bot' changed from 7 to 6
2017-06-23 15:12:22 Role position: 'Bots' changed from 8 to 7
2017-06-23 15:12:22 Role position: 'Bot Moderator' changed from 2 to 8
2017-06-23 15:12:31 Role renamed: 'Bots' to 'Bot'
2017-06-23 18:22:24 Channel created: Tech Support
2017-06-23 18:22:34 Channel position: Tech Support moved from 10 to 9
2017-06-23 18:22:34 Channel position: AFK moved from 9 to 10
2017-06-23 19:23:39 Member username: '@DawnGODDAMNMYPICTURESDON'TWORK#5970' (id 285170135776624640) changed username from 'DawnGODDAMNMYPICTURESDON'TWORK' to 'Dawn'
2017-06-24 00:11:25 Member username: '@Zach#4614' (id 215537612457246722) changed username from 'Zach' to 'THE HOE'
2017-06-24 17:08:29 Member username: '@THE HOE#4614' (id 215537612457246722) changed username from 'THE HOE' to 'Zach'
2017-06-25 21:34:34 Channel rename: Counter-Strike renamed to Counter-Strike: Global Offensive
2017-06-26 16:47:36 Channel position: Counter-Strike: Global Offensive moved from 6 to 4
2017-06-26 16:47:36 Channel position: Star Trek Online moved from 4 to 5
2017-06-26 16:47:36 Channel position: Borderlands 2 moved from 5 to 6
2017-06-26 20:10:46 Member username: '@Dawn#5970' (id 285170135776624640) changed username from 'Dawn' to 'Scorchie'
2017-06-27 01:57:34 Member username: '@Scorchie#5970' (id 285170135776624640) changed username from 'Scorchie' to 'Dawn'
2017-06-27 01:57:40 Member role add: 'Bot Moderator' role was added to @Dawn#5970
2017-06-28 23:38:18 Channel created: Minecraft
2017-06-28 23:38:24 Channel position: Minecraft moved from 11 to 7
2017-06-28 23:38:24 Channel position: Team 1 moved from 7 to 8
2017-06-28 23:38:24 Channel position: Team 2 moved from 8 to 9
2017-06-28 23:38:24 Channel position: Tech Support moved from 9 to 10
2017-06-28 23:38:24 Channel position: AFK moved from 10 to 11
2017-07-05 23:12:38 Channel rename: GTA V renamed to Grand Theft Auto V
2017-07-06 04:00:06 Member username: '@Zͨeͪpͬhͦyͫrͣ#4118' (id 236361055541002242) changed username from 'Zͨeͪpͬhͦyͫrͣ' to 'Zephyr'
2017-07-06 15:13:17 Member username: '@Scorchie#5970' (id 285170135776624640) changed username from 'Scorchie' to 'RyuScorch'
2017-07-07 21:39:31 Member join: @EliteFalconV#3207 (id 232666665693741056)
2017-07-07 21:40:01 Member role add: 'Member' role was added to @EliteFalconV#3207
2017-07-13 04:15:17 Member username: '@Zach#4614' (id 215537612457246722) changed username from 'Zach' to 'Pat'
2017-07-14 00:00:38 Member username: '@Pat#4614' (id 215537612457246722) changed username from 'Pat' to 'ZACH'
2017-07-14 00:49:13 Member username: '@ZACH#4614' (id 215537612457246722) changed username from 'ZACH' to 'Son'
2017-07-14 00:49:20 Member nickname: '@Son#4614' (id 215537612457246722) changed nickname from 'None' to 'STOP SWITCHING CHANNELS DAMMIT'
2017-07-14 00:50:49 Member nickname: '@Son#4614' (id 215537612457246722) changed nickname from 'STOP SWITCHING CHANNELS DAMMIT' to 'Stop spamming ducking hell'
2017-07-14 01:22:13 Member nickname: '@Son#4614' (id 215537612457246722) changed nickname from 'Stop spamming ducking hell' to 'Lifetime Warrenty'
2017-07-14 01:22:47 Member nickname: '@Son#4614' (id 215537612457246722) changed nickname from 'Lifetime Warrenty' to 'Lifetime Warranty'
2017-07-15 00:25:40 Member username: '@Son#4614' (id 215537612457246722) changed username from 'Son' to 'NEED my daday'
2017-07-15 00:30:30 Member username: '@NEED my daday#4614' (id 215537612457246722) changed username from 'NEED my daday' to 'Zach (patjosey)'
2017-07-16 19:33:19 Member join: @Grapes#6549 (id 288051474737659904)
2017-07-16 19:33:45 Member username: '@BlackBerry4465#9512' (id 298993673713090564) changed username from 'BlackBerry4465' to 'LoveCock4465'
2017-07-16 19:35:14 Member username: '@LoveCock4465#9512' (id 298993673713090564) changed username from 'LoveCock4465' to 'KneeGrowBerry'
2017-07-16 20:22:28 Member role add: 'Leader' role was added to @Grapes#6549
2017-07-16 21:04:15 Member role add: 'Member' role was added to @Grapes#6549
2017-07-16 21:04:31 Member nickname: '@Grapes#5121' (id 216601537881964544) changed nickname from 'None' to 'Other Grapes'
2017-07-17 14:35:06 Member nickname: '@Grapes#5121' (id 216601537881964544) changed nickname from 'Other Grapes' to 'Winey 🍷'
2017-07-18 19:30:27 Member username: '@Grapes#5121' (id 216601537881964544) changed username from 'Grapes' to 'ItsGrrrrrrrapes'
2017-07-21 02:40:57 Member nickname: '@KneeGrowBerry#9512' (id 298993673713090564) changed nickname from 'None' to 'Sen'
2017-07-21 02:41:17 Member username: '@KneeGrowBerry#9512' (id 298993673713090564) changed username from 'KneeGrowBerry' to 'Sen'
2017-07-21 02:41:52 Member nickname: '@Sen#9512' (id 298993673713090564) changed nickname from 'Sen' to 'GayyFaggNamedSenn'
2017-07-21 02:42:16 Member username: '@Sen#9512' (id 298993673713090564) changed username from 'Sen' to 'GayyFaggNamedSenn'
2017-07-21 02:42:56 Member nickname: '@GayyFaggNamedSenn#9512' (id 298993673713090564) changed nickname from 'GayyFaggNamedSenn' to 'KneeGrowBerry4465'
2017-07-21 05:11:12 Member username: '@GayyFaggNamedSenn#9512' (id 298993673713090564) changed username from 'GayyFaggNamedSenn' to 'KneeGrowBerry4465'
2017-07-21 20:20:01 Member username: '@Zach (patjosey)#4614' (id 215537612457246722) changed username from 'Zach (patjosey)' to 'CNCMAN'
2017-07-21 20:20:19 Member username: '@CNCMAN#4614' (id 215537612457246722) changed username from 'CNCMAN' to 'Zach (patjosey)'
2017-07-22 16:17:05 Member join: @TofuDeliveryGuy#9035 (id 189101797254627328)
2017-07-22 16:17:25 Member role add: 'Friend' role was added to @TofuDeliveryGuy#9035
2017-07-22 16:17:25 Member role add: 'Friend' role was added to @TofuDeliveryGuy#9035
2017-07-22 16:17:25 Member role remove: The 'Member' role was removed from @TofuDeliveryGuy#9035
2017-07-22 16:17:26 Member role add: 'Member' role was added to @TofuDeliveryGuy#9035
2017-07-24 22:19:21 Member join: @Hazardez#5432 (id 87553593913151488)
2017-07-24 22:19:53 Member role add: 'Member' role was added to @Hazardez#5432
2017-07-25 00:21:43 Member leave: @Hazardez#5432 (id 87553593913151488)
2017-07-25 21:03:29 Member join: @Aweed24#3869 (id 183453011945848832)
2017-07-25 21:04:53 Member role add: 'Member' role was added to @Aweed24#3869
2017-07-28 14:51:56 Member username: '@RyuScorch#5970' (id 285170135776624640) changed username from 'RyuScorch' to '[Blocked User]'
2017-07-28 14:52:25 Member username: '@[Blocked User]#5970' (id 285170135776624640) changed username from '[Blocked User]' to 'Scorchie'
2017-07-28 20:00:27 Member username: '@Scorchie#5970' (id 285170135776624640) changed username from 'Scorchie' to 'RyuScorch'
2017-07-29 11:25:37 Member username: '@RyuScorch#5970' (id 285170135776624640) changed username from 'RyuScorch' to 'Scorchie'
2017-07-30 22:28:30 Member join: @Cullen#8350 (id 98205918197465088)
2017-07-30 22:28:56 Member role add: 'Member' role was added to @Cullen#8350
2017-07-31 00:19:22 Member nickname: '@Cullen#8350' (id 98205918197465088) changed nickname from 'None' to 'Azurite'
2017-07-31 00:38:12 Channel rename: Team 1 renamed to GTA Team 1
2017-07-31 00:38:21 Channel rename: Team 2 renamed to GTA Team 2
2017-07-31 07:50:12 Channel rename: AFK renamed to Busy (AFK, Music, Etc..)
2017-08-01 19:18:43 Channel rename: GTA Team 1 renamed to Team 1
2017-08-01 19:18:54 Channel rename: Team 1 renamed to GTA Team 1
2017-08-01 19:27:32 Channel rename: GTA Team 1 renamed to Team 1
2017-08-01 19:27:42 Channel rename: GTA Team 2 renamed to Team 2
