2017-02-25 07:12:53 #music @Dyno#3861: ***Now Playing:*** Lindsey Stirling - Hold My Heart feat. ZZ Ward - ***3m 53s***\n<https://www.youtube.com/watch?v=uCTWBHP6lV0>
2017-02-25 07:16:58 #music @Dyno#3861: ***Now Playing:*** Lindsey Stirling - Hold My Heart feat. ZZ Ward - ***3m 53s***\n<https://www.youtube.com/watch?v=uCTWBHP6lV0>
2017-02-25 07:21:02 #music @Dyno#3861: ***Now Playing:*** Lindsey Stirling - Hold My Heart feat. ZZ Ward - ***3m 53s***\n<https://www.youtube.com/watch?v=uCTWBHP6lV0>
2017-02-25 07:21:26 #music @Dyno#3861: ***Now Playing:*** Roundtable Rival - Lindsey Stirling - ***3m 39s***\n<https://www.youtube.com/watch?v=jvipPYFebWc>
2017-02-25 07:25:14 #music @Dyno#3861: ***Now Playing:*** Lindsey Stirling - Hold My Heart feat. ZZ Ward - ***3m 53s***\n<https://www.youtube.com/watch?v=uCTWBHP6lV0>
2017-02-25 07:29:17 #music @Dyno#3861: ***Now Playing:*** Roundtable Rival - Lindsey Stirling - ***3m 39s***\n<https://www.youtube.com/watch?v=jvipPYFebWc>
2017-02-25 07:33:08 #music @Dyno#3861: ***Now Playing:*** Lindsey Stirling - Hold My Heart feat. ZZ Ward - ***3m 53s***\n<https://www.youtube.com/watch?v=uCTWBHP6lV0>
2017-02-25 07:37:08 #music @Dyno#3861: ***Now Playing:*** Roundtable Rival - Lindsey Stirling - ***3m 38s***\n<https://www.youtube.com/watch?v=jvipPYFebWc>
2017-02-25 07:40:58 #music @Dyno#3861: ***Now Playing:*** Lindsey Stirling - Hold My Heart feat. ZZ Ward - ***3m 53s***\n<https://www.youtube.com/watch?v=uCTWBHP6lV0>
2017-02-25 07:44:59 #music @Dyno#3861: ***Now Playing:*** Roundtable Rival - Lindsey Stirling - ***3m 39s***\n<https://www.youtube.com/watch?v=jvipPYFebWc>
2017-02-25 07:48:46 #music @Dyno#3861: ***Now Playing:*** Lindsey Stirling - Hold My Heart feat. ZZ Ward - ***3m 53s***\n<https://www.youtube.com/watch?v=uCTWBHP6lV0>
2017-02-25 07:52:48 #music @Dyno#3861: ***Now Playing:*** Roundtable Rival - Lindsey Stirling - ***3m 39s***\n<https://www.youtube.com/watch?v=jvipPYFebWc>
2017-02-25 07:56:37 #music @Dyno#3861: ***Now Playing:*** Lindsey Stirling - Hold My Heart feat. ZZ Ward - ***3m 53s***\n<https://www.youtube.com/watch?v=uCTWBHP6lV0>
2017-02-25 08:00:50 #music @Dyno#3861: ***Now Playing:*** Roundtable Rival - Lindsey Stirling - ***3m 39s***\n<https://www.youtube.com/watch?v=jvipPYFebWc>
2017-02-25 08:04:37 #music @Dyno#3861: ***Now Playing:*** Lindsey Stirling - Hold My Heart feat. ZZ Ward - ***3m 53s***\n<https://www.youtube.com/watch?v=uCTWBHP6lV0>
2017-02-25 08:08:41 #music @Dyno#3861: ***Now Playing:*** Roundtable Rival - Lindsey Stirling - ***3m 38s***\n<https://www.youtube.com/watch?v=jvipPYFebWc>
2017-02-25 08:12:29 #music @Dyno#3861: ***Now Playing:*** Lindsey Stirling - Hold My Heart feat. ZZ Ward - ***3m 53s***\n<https://www.youtube.com/watch?v=uCTWBHP6lV0>
2017-02-25 08:16:30 #music @Dyno#3861: ***Now Playing:*** Roundtable Rival - Lindsey Stirling - ***3m 39s***\n<https://www.youtube.com/watch?v=jvipPYFebWc>
2017-02-25 08:20:21 #music @Dyno#3861: ***Now Playing:*** Lindsey Stirling - Hold My Heart feat. ZZ Ward - ***3m 53s***\n<https://www.youtube.com/watch?v=uCTWBHP6lV0>
2017-02-25 08:24:25 #music @Dyno#3861: ***Now Playing:*** Roundtable Rival - Lindsey Stirling - ***3m 39s***\n<https://www.youtube.com/watch?v=jvipPYFebWc>
2017-02-25 08:28:13 #music @Dyno#3861: ***Now Playing:*** Lindsey Stirling - Hold My Heart feat. ZZ Ward - ***3m 53s***\n<https://www.youtube.com/watch?v=uCTWBHP6lV0>
2017-02-25 08:32:18 #music @Dyno#3861: ***Now Playing:*** Roundtable Rival - Lindsey Stirling - ***3m 38s***\n<https://www.youtube.com/watch?v=jvipPYFebWc>
2017-02-26 00:53:18 #music @Dyno#3861: ***Now Playing:*** At the Speed of Light - Dimrain 47 ft. MC Brandon Larkin - ***4m 9s***\n<https://www.youtube.com/watch?v=v7OLby97Ejw>
2017-02-26 00:53:48 #music @Dyno#3861: ***Now Playing:*** Roundtable Rival - Lindsey Stirling - ***3m 39s***\n<https://www.youtube.com/watch?v=jvipPYFebWc>
2017-02-26 00:56:18 #music @Dyno#3861: ***Now Playing:*** Chicken Attack（中文字幕版） - ***3m 33s***\n<https://www.youtube.com/watch?v=m8CIZgEppnU>
2017-02-26 03:36:25 #music @Dyno#3861: ***Now Playing:*** At the Speed of Light - Dimrain 47 ft. MC Brandon Larkin - ***4m 8s***\n<https://www.youtube.com/watch?v=v7OLby97Ejw>
2017-02-26 04:19:53 #music @Dyno#3861: ***Now Playing:*** At the Speed of Light - Dimrain 47 ft. MC Brandon Larkin - ***4m 9s***\n<https://www.youtube.com/watch?v=v7OLby97Ejw>
2017-02-28 23:16:16 #music @VyrenGames#3859: !!playlist  https://www.youtube.com/playlist?list=PLKV0l2zaBdjvna6lmbgBDsqHT69LhLhm2
2017-02-28 23:16:17 #music @Nadeko#8665: ✅ Playlist queue complete.
2017-02-28 23:16:39 #music @VyrenGames#3859: !!dfv 40
2017-02-28 23:16:48 #music @VyrenGames#3859: !!dv 40
2017-02-28 23:16:48 #music @Nadeko#8665: 
2017-02-28 23:16:53 #music @VyrenGames#3859: !!v 40
2017-02-28 23:16:59 #music @VyrenGames#3859: !!vol 40
2017-02-28 23:16:59 #music @Nadeko#8665: 
2017-02-28 23:17:06 #music @VyrenGames#3859: !!vol 20
2017-02-28 23:17:06 #music @Nadeko#8665: 
2017-02-28 23:17:12 #music @VyrenGames#3859: !!dfv 100
2017-02-28 23:17:28 #music @VyrenGames#3859: !!dv 100
2017-02-28 23:17:28 #music @Nadeko#8665: 
2017-02-28 23:17:37 #music @VyrenGames#3859: !!v 100
2017-02-28 23:17:44 #music @VyrenGames#3859: !!vol 100
2017-02-28 23:17:44 #music @Nadeko#8665: 
2017-02-28 23:18:47 #music @VyrenGames#3859: !!vol 20
2017-02-28 23:18:47 #music @Nadeko#8665: 
2017-02-28 23:19:15 #music @VyrenGames#3859: !!next
2017-02-28 23:19:18 #music @VyrenGames#3859: !!lq
2017-02-28 23:19:18 #music @Nadeko#8665: 
2017-02-28 23:19:28 #music @VyrenGames#3859: !!s
2017-02-28 23:19:29 #music @Nadeko#8665: 
2017-02-28 23:19:41 #music @VyrenGames#3859: !!n
2017-02-28 23:21:01 #music @VyrenGames#3859: !!vol
2017-02-28 23:21:07 #music @VyrenGames#3859: !!vol 10
2017-02-28 23:21:07 #music @Nadeko#8665: 
2017-02-28 23:22:14 #music @VyrenGames#3859: !!dv 10
2017-02-28 23:22:15 #music @Nadeko#8665: 
2017-02-28 23:22:21 #music @VyrenGames#3859: !!lq
2017-02-28 23:22:22 #music @Nadeko#8665: 
2017-02-28 23:22:26 #music @VyrenGames#3859: !!fp
2017-02-28 23:22:26 #music @Nadeko#8665: 
2017-02-28 23:22:29 #music @VyrenGames#3859: !!sh
2017-02-28 23:22:29 #music @Nadeko#8665: 
2017-02-28 23:22:31 #music @VyrenGames#3859: !!lq
2017-02-28 23:22:31 #music @Nadeko#8665: 
2017-02-28 23:23:21 #music @VyrenGames#3859: !!smch
2017-02-28 23:23:21 #music @Nadeko#8665: 
2017-02-28 23:28:53 #music @Nadeko#8665: 
2017-02-28 23:33:27 #music @VyrenGames#3859: !!lq
2017-02-28 23:33:27 #music @Nadeko#8665: 
2017-03-01 00:19:00 #music @Nadeko#8665: 
2017-03-01 00:19:02 #music @VyrenGames#3859: !!smch
2017-03-01 00:19:03 #music @Nadeko#8665: 
2017-03-01 00:20:02 #music @VyrenGames#3859: !!fp
2017-03-01 00:20:09 #music @VyrenGames#3859: !!lq
2017-03-01 00:20:09 #music @Nadeko#8665: 
2017-03-01 00:20:12 #music @VyrenGames#3859: !!fp
2017-03-01 00:20:17 #music @VyrenGames#3859: !!q http://www.youtube.com/watch?v=bM7SZ5SBzyY
2017-03-01 00:20:17 #music @Nadeko#8665: 
2017-03-01 00:20:32 #music @VyrenGames#3859: !!fp
2017-03-01 00:20:32 #music @Nadeko#8665: 
2017-03-01 00:20:41 #music @VyrenGames#3859: !!lq
2017-03-01 00:20:42 #music @Nadeko#8665: 
2017-04-20 23:01:08 #music @UnL34sHd#8574: !!!help
2017-04-20 23:01:11 #music @UnL34sHd#8574: !!help
2017-04-20 23:01:26 #music @UnL34sHd#8574: !play https://www.youtube.com/watch?v=sbNJyhZJjDU
2017-04-20 23:01:29 #music @Dyno#3861: ***Now Playing:*** 【Trap】Kirby Dreamland Theme (Singularity & Mutrix Remix) [Free Download] - ***2m 13s***\n<https://www.youtube.com/watch?v=sbNJyhZJjDU>
2017-04-20 23:01:29 #music @Dyno#3861: Added undefined to the queue.
2017-04-20 23:03:44 #music @Dyno#3861: ***Now Playing:*** At the Speed of Light - Dimrain 47 ft. MC Brandon Larkin - ***4m 8s***\n<https://www.youtube.com/watch?v=v7OLby97Ejw>
2017-04-20 23:03:50 #music @UnL34sHd#8574: !stop
2017-04-20 23:07:52 #music @Dyno#3861: Queue concluded.
2017-04-21 01:53:24 #music @UnL34sHd#8574: !play https://www.youtube.com/watch?v=sbNJyhZJjDU
2017-04-21 01:53:27 #music @Dyno#3861: ***Now Playing:*** 【Trap】Kirby Dreamland Theme (Singularity & Mutrix Remix) [Free Download] - ***2m 13s***\n<https://www.youtube.com/watch?v=sbNJyhZJjDU>
2017-04-21 01:53:28 #music @Dyno#3861: Added undefined to the queue.
2017-04-21 01:54:08 #music @UnL34sHd#8574: !play https://www.youtube.com/watch?v=sbNJyhZJjDU
2017-05-10 21:36:11 #music @UnL34sHd#8574: https://www.youtube.com/watch?v=2_zZz33wKk8
2017-06-12 23:45:49 #music @UnL34sHd#8574:  (attachment saved to 323971184142057472_Shape_of_you_house_remix_drop.ogg)
2017-06-12 23:45:56 #music @UnL34sHd#8574: it is not the same as the youtube video
2017-06-12 23:46:17 #music @UnL34sHd#8574: this is only the drop thou
2017-06-14 13:22:05 #music @UnL34sHd#8574:  (attachment saved to 324538991988703232_EDM_Future_house_drop.ogg)
2017-06-14 13:23:21 #music @Wojak#0946: Nice
2017-06-14 13:23:29 #music @UnL34sHd#8574: there is more of that song
2017-06-14 13:23:38 #music @UnL34sHd#8574: i just didnt want to upload it all
2017-06-14 13:24:25 #music @Wojak#0946: u made it?
2017-06-14 14:56:40 #music @UnL34sHd#8574: yes
2017-06-14 14:56:53 #music @UnL34sHd#8574: srry 4 late response
2017-06-14 15:02:05 #music @Wojak#0946: lol nice
2017-06-22 14:54:51 #music @DawnGODDAMNMYPICTURESDON'TWORK#5970: umm
2017-06-22 14:55:00 #music @DawnGODDAMNMYPICTURESDON'TWORK#5970: how do i join the default text channel?
2017-06-22 14:55:09 #music @VyrenGames#3859: ?
2017-06-22 14:55:15 #music @DawnGODDAMNMYPICTURESDON'TWORK#5970: nvm
2017-06-22 14:55:23 #music @DawnGODDAMNMYPICTURESDON'TWORK#5970: so drop will be b4 6?
2017-06-22 14:55:31 #music @VyrenGames#3859: maybe
2017-06-22 14:55:40 #music @VyrenGames#3859: it'll be as soon as C gets home
2017-06-22 14:55:46 #music @DawnGODDAMNMYPICTURESDON'TWORK#5970: could i get a drop on both my characters?
2017-06-22 14:55:53 #music @DawnGODDAMNMYPICTURESDON'TWORK#5970: sorry that im asking for stuff
2017-06-22 14:56:31 #music @VyrenGames#3859: sure
2017-06-22 14:56:51 #music @DawnGODDAMNMYPICTURESDON'TWORK#5970: sweat
2017-06-22 14:56:56 #music @DawnGODDAMNMYPICTURESDON'TWORK#5970: i mean sweet
2017-06-22 14:56:59 #music @VyrenGames#3859: lol
2017-06-22 14:57:03 #music @DawnGODDAMNMYPICTURESDON'TWORK#5970: god damn my spelling
2017-06-22 14:57:04 #music @VyrenGames#3859: i was about to say...
2017-06-22 14:57:11 #music @DawnGODDAMNMYPICTURESDON'TWORK#5970: so just message me when the drop is
2017-06-22 14:57:20 #music @VyrenGames#3859: yep, can-do
2017-06-22 14:57:24 #music @DawnGODDAMNMYPICTURESDON'TWORK#5970: cool
2017-06-22 14:57:25 #music @DawnGODDAMNMYPICTURESDON'TWORK#5970: thx
2017-06-22 14:57:29 #music @VyrenGames#3859: np
2017-06-22 14:57:32 #music @DawnGODDAMNMYPICTURESDON'TWORK#5970: btw
2017-06-22 14:57:39 #music @VyrenGames#3859: ya?
2017-06-22 14:57:43 #music @DawnGODDAMNMYPICTURESDON'TWORK#5970: does any1 know how to make a esports team logo?
2017-06-22 14:57:48 #music @DawnGODDAMNMYPICTURESDON'TWORK#5970: i need 1 for my cs team
2017-06-22 14:57:56 #music @VyrenGames#3859: not a clue
2017-06-22 14:58:01 #music @DawnGODDAMNMYPICTURESDON'TWORK#5970: ok
2017-06-22 14:58:08 #music @DawnGODDAMNMYPICTURESDON'TWORK#5970: cani change my discord pic tho?
2017-06-22 14:58:29 #music @DawnGODDAMNMYPICTURESDON'TWORK#5970: i mean is that possible?
2017-06-22 14:58:33 #music @VyrenGames#3859: yep
2017-06-22 14:58:39 #music @VyrenGames#3859: same place you change your name
2017-06-23 05:01:13 #music @KriegerFever#0590: @VyrenGames  just uploaded the pics from our photo shoot
