2017-02-27 14:27:08 #announcements @TroyFoxxin#9341: Welcome to the announcements channel. Its understandable you may not want notifications going off every second some times. But still wanna be invited when something good happens like invite to play a game. You can lower your notifications to only @mentions, and set the announcements  channel to All. If all works right, your computer or mobile device will only alert you when someone is talking to you and use @mentions to get your attention or when someone uses the announcements channel. Please only use it as such and not spam on it or have a chat in it, use PMs or Public chat channels. Thank You! 😃
2017-02-27 14:27:12 #announcements @TroyFoxxin#9341: 
2017-02-27 15:12:02 #announcements @VyrenGames#3859: If you spam this channel, you WILL BE BLOCKED from sending messages in this channel.
2017-03-06 19:17:07 #announcements @cncman30#6626: We  still have unfinished science!
2017-03-06 23:05:58 #announcements @VyrenGames#3859: Indeed @​everyone! @cncman30 @CaptainJim and I just figured out how to pick people up from the water with a Buzzard, but there are still more projects yet to be completed!
2017-03-06 23:46:11 #announcements @VyrenGames#3859: https://dealien.gitbooks.io/science-project-to-do-list/content/
2017-03-06 23:48:32 #announcements @VyrenGames#3859: Current SCIENCE Projects: \n```\n* Put a Rhino on a train\n* Glitch into a train cabin\n* Pick up a Bus with a Cargobob\n* Come up with some fun, replayable challenges to do in freemode\n* Pick up a plane with a cargo bob\n```
2017-04-14 14:42:47 #announcements @cncman30#6626: Pick up a plane w a cargo bob
2017-04-14 18:07:22 #announcements @CaptainJim#5590: A rust server for science now exists. Still a few things to configure and I have no idea how many players it'll be able to handle. Nevertheless it is up and you should be able to find it in the server list under the title: \n\nMeera Vista Nerissa - For Science
2017-04-14 21:35:39 #announcements @VyrenGames#3859: 
2017-04-17 14:11:52 #announcements @TroyFoxxin#9341: Fan of SciFi & Star Wars? A new guide on how to get started with Star Wars the old Republic for free is on the web forum! http://www.snce.ml/p/forum.html  Join the light or dark side in different styles of combat and enjoy the story arch to its fullest with full voice overs and make choices that effect story.  @​everyone
2017-04-17 14:12:13 #announcements @TroyFoxxin#9341: 
2017-04-19 17:40:12 #announcements @CaptainJim#5590: MIRA VISTA NERISSA -FOR SCIENCE\n\n\nIs the server even up?\n\n\nIS IT UP!? It absolutely is up! Now with OXIDE (cheaty hax!) the server can be found in the modded section. The map is new again, sorry. I know it has changed a lot this week and last, but you can expect the server to be up and wipe free for at least the remainder of the month. The map I went with is barren (size:3000). This means that grass and bushes won't look as fancy. I challenge you to really notice that. The barren map should allow smoother play and increased player population. There were not issues with that before, but I'm trying to prepare for an influx of players should there be one. I have no idea what it takes to crash this out, it could be really easy. \n\n\nJust gonna get deleted anyway.\nVery very soon a wipe schedule needs to be created. This is something that effects every user on the server so I would appreciate as much feedback as possible before implementation on what you think would work. From what I have read a lot of servers have a bi-weekly or monthly wipe. Currently there is not an auto wipe schedule.
2017-04-19 17:40:27 #announcements @CaptainJim#5590: This announcement is really long. I don't even have rust installed!\n\nI am growing closer to creating a discord solely for this server. Maybe other rust servers in the future. After learning so much about rust though I am not really in the state of mind to dive into discord. There's a lot of useful functionality to take advantage of there. So if you would be interested in running a Discord for Meera Vista please let me know. Not something that needs to be started tomorrow, but I am searching. Just with Discord (It might not be that difficult) I'd like someone who can: Be co-owner and the sole individual responsible for changes and maintenance. Moving forward it is my intention to have a Discord bot that connects with the server to relay console information. I have looked at the plugin for Oxide, but not the bot for discord other than it exists so you'd be responsible for that side. There may be other bots or server functions to add as we grow. Mainly my goal is to create redundancy for server notifications. I.E If the server says it's going to restart then that will be reflected in the server text chat as well as a server notification channel in Discord.\n\n\nWait where's this live map all this shit started for in the first place?\n\nplayrust.io/map/?136.32.212.164:28015\n\nIt's right there, beaches! You can go to that link and see the map and any players that:\n\n1. Have chosen to share their location with you and\n2. Are logged in, not sleeping.\n\nFormal apology because you have to create an account or sign in with steam. I didn't notice that until I was done adding it. I did explore alternatives to see about getting around it, unfortunately one does not exist. There is a similar project I'll be keeping my eye on. Until then you can sign in with Steam, it's relatively quick and non-invasive.
2017-04-19 22:05:10 #announcements @VyrenGames#3859: http://playrust.io/map/?136.32.212.164:28015
2017-04-20 11:12:41 #announcements @VyrenGames#3859: @​everyone The Rust Discord server is up! \nhttps://discord.gg/fmBgRz9
2017-04-21 02:07:17 #announcements @TroyFoxxin#9341: gksu rm ~./
2017-04-26 16:50:14 #announcements @cncman30#6626: @​everyone Authority has been updated
2017-04-26 16:50:33 #announcements @cncman30#6626: Fixed crash on launch for steam ( I think)\nReverted 90m stealth to 15m which still works\nChanged give money back to money drop (Added something that should make it more safe but marked as risky still)\nMarked Stat editing as risky
2017-05-04 16:56:00 #announcements @cncman30#6626: @​everyone Menyoo has been updated
2017-05-04 16:56:31 #announcements @cncman30#6626: @​everyone Yes, the new Menyoo and Authority are SAFE. (You must download the new installer for the new changes to take effect)
2017-05-04 20:36:11 #announcements @Grapes#5121: GG
2017-05-05 20:18:37 #announcements @cncman30#6626: @​everyone   WARNING: There are many reports of  bans currently going on in GTA Online, it is recommended to refrain from using authority/menyoo
2017-05-05 21:15:08 #announcements @Grapes#5121: Lol
2017-05-05 23:31:07 #announcements @VyrenGames#3859: LMAO
2017-05-05 23:31:42 #announcements @VyrenGames#3859: I was gonna say that message was coming.
2017-05-06 00:26:44 #announcements @CaptainJim#5590: https://pastebin.com/uQE0XcWq
2017-05-14 16:34:32 #announcements @CaptainJim#5590: GTA V ONLINE SERVER STATUS:
2017-05-14 16:34:33 #announcements @CaptainJim#5590: https://support.rockstargames.com/hc/en-us/articles/200426246-GTA-Online-Server-Status-Latest-Updates
2017-05-15 19:14:12 #announcements @cncman30#6626: @​everyone Authority has been updated
2017-05-15 19:14:30 #announcements @cncman30#6626: 2.2.6\nFixed Bug that would crash if using auto inject (Injecting too early)\nFixed Attachment Protex\nSet Stance disabled by default\nAdded Config Option for Controller Open Binds (check gamepad.txt for string to use)
2017-05-16 01:38:16 #announcements @VyrenGames#3859: @​everyone It's (finally) 9:00 week for tech so I won't be around pretty much all week. And I'm 🤒 so yay 😦
2017-05-16 01:38:46 #announcements @cncman30#6626: nice
2017-05-16 01:39:58 #announcements @VyrenGames#3859: Ikr
2017-05-16 01:40:18 #announcements @VyrenGames#3859: 👍...
2017-05-26 20:09:16 #announcements @CaptainJim#5590: @​everyone  No mods no mods no mods
2017-05-26 20:33:10 #announcements @VyrenGames#3859: @​everyone Does anyone know who's been using my Bot Test server's web hook on CodePen?
2017-05-26 20:42:35 #announcements @cncman30#6626: @​everyone DO NOT LAUNCH MENYOO OR AUTHORITY! There is either a banwave going on or the menus are detected. To avoid being banned DO NOT LAUNCH! Wait for further information.
2017-06-03 01:05:45 #announcements @VyrenGames#3859: @​everyone I'm gonna be adding a Discord bot hosted from my own server at some point in the next few weeks. Just thought I'd let you know.
2017-06-03 01:08:51 #announcements @CaptainJim#5590: @​everyone Vyren doesn't want to tell you what his secret bot does! What a crook! Vote for Nixon instead!
2017-06-06 19:54:34 #announcements @cncman30#6626: Next time we have a big group in chat we need to do some science GODDAMMIT!
2017-06-10 01:18:11 #announcements @TroyFoxxin#9341: @​everyone Its been decided we are sick of sen. So Me, Cnc, and Jim, decided be gone with him. he has been banned across the board.
2017-06-10 01:29:29 #announcements @VyrenGames#3859: @​everyone Just to clarify, I just notified Sen of our decision. For the record, this is a direct transcript of my message to Sen: \n\n"Well, the council has voted as it were, and you've been banned from my crew. You are simply too pushy and never really seemed to care about anyone but yourself, and I can no longer tolerate your mistreatment of my fellow crew members or myself. \n\nWe've given you several warnings (too many, even for me), but you refuse to listen so we had no other choice. My apologies, but this is the way things have to be. Best of luck to you."
2017-06-12 11:59:58 #announcements @cncman30#6626: New gta update drops tomorrow. \nMake sure to remove any mods you have installed today.
2017-06-13 16:05:16 #announcements @VyrenGames#3859: @​everyone I'm not gonna look at this Discord server until I get home tomorrow. I'll bet there will be tons of spoilers. If you need to contact me, send me a DM instead.
2017-06-14 13:41:02 #announcements @VyrenGames#3859: @​everyone An announcement from discord..take care accepting friend requests from anyone you don't actually know xoxo ::\n\nLook out for a Discord user by the name of "Neztore" with the tag #6998 . He is going around sending friend requests to random Discord users, and those who accept his friend requests will have their accounts DDoSed and their groups exposed with the members inside it becoming a victim aswell. Spread the word and send this to as many discord servers as you can. If you see this user, DO NOT accept his friend request and immediately block him.\nOur team is currently working very hard to remove this user from our database, please stay safe.\n\n-Discord team
2017-06-14 14:25:06 #announcements @cncman30#6626: :ok_hand:
2017-06-14 14:28:03 #announcements @Zͨeͪpͬhͦyͫrͣ#4118: They can't just ban him?
2017-06-16 17:19:20 #announcements @cncman30#6626: Anyone that got there money wiped here's your chance to get it back.\nIma mod some accounts this weekend. Let me know before then so I can get u guys in.\nDoing this for free for crew members. \nThe ban risk is very low but there is always risk w modding.\nBut I have a good success rate just ask grapes, unl3ashed, troy'
2017-06-16 20:51:46 #announcements @UnL34sHd#8574: 100% Trusting @cncman30
2017-06-18 01:36:36 #announcements @cncman30#6626: Well forget that announcement\nRip menyoo, authority, force
2017-06-18 01:39:37 #announcements @Wojak#0946: Lmao
2017-06-18 06:41:24 #announcements @Zͨeͪpͬhͦyͫrͣ#4118: Are there any more menus
2017-06-18 06:41:39 #announcements @Zͨeͪpͬhͦyͫrͣ#4118: Shit it's 3am my bad
2017-06-18 14:31:04 #announcements @cncman30#6626: The skid GabenBS's Phoneix Menu just got shut down (PC)
2017-06-18 15:06:33 #announcements @CaptainJim#5590: @cncman30 Are we unable to mod at all today?
2017-06-18 15:29:54 #announcements @cncman30#6626: @CaptainJim im looking into other options but its not looking good
2017-06-18 16:02:08 #announcements @VyrenGames#3859: @​everyone My guess is that if Take-Two Interactive is shutting down mod menus, they're going to shut down ALL mod menus. They're taking this VERY seriously if they're sending official C&D notices to major mod makers, especially to OpenIV.
2017-06-18 18:08:12 #announcements @KriegerFever#0590: More importantly, I finally got my shoes in. (attachment saved to 326060547042705418_image.jpg)
2017-06-22 14:42:18 #announcements @VyrenGames#3859: Also planning on doing a stream at some point today, so if you're on voice chat **DO NOT** talk about modding post-GR update @​everyone
2017-06-22 16:30:40 #announcements @VyrenGames#3859: Alright @​everyone I'm gonna start a stream now, and im gonna set my bot to automatically tell y'all every time in this chat so we don't screw up everything. Remember, **do not** I repeat **DO NOT** talk about modding or anything on-stream. If you do, there's a chance that we'll be banned from the game and that I'll be banned from Twitch, so don't do that.
2017-06-22 16:34:54 #announcements @Zͨeͪpͬhͦyͫrͣ#4118: can you send a link to your twitch
2017-06-22 17:20:36 #announcements @DawnGODDAMNMYPICTURESDON'TWORK#5970: i got it
2017-06-22 17:20:45 #announcements @DawnGODDAMNMYPICTURESDON'TWORK#5970: twitch.tv/vyrengames
2017-06-22 21:08:05 #announcements @VyrenGames#3859: @​everyone The money drop is delayed until @CaptainJim gets here. @cncman30 is having technical difficulties because Jordan's Menu no longer does moneybads, and Nigger Menu is being difficult.
2017-06-22 21:08:21 #announcements @DawnGODDAMNMYPICTURESDON'TWORK#5970: ok
2017-06-22 21:35:48 #announcements @CaptainJim#5590: @​everyone Thanks, we all like to feel needed once in a while. I have ~1.5 hours of adult life work shit to do and then I'll be with you.
2017-06-22 21:38:22 #announcements @DawnGODDAMNMYPICTURESDON'TWORK#5970: cool
2017-06-22 21:38:22 #announcements @Grapes#5121: copy...
2017-06-22 21:38:58 #announcements @DawnGODDAMNMYPICTURESDON'TWORK#5970: @CaptainJim Does Jim drop the money?
2017-06-22 21:43:37 #announcements @CaptainJim#5590: @​everyone We are working on a contingency plan and will let you know right here in #announcements when we get it figured out. We appreciate your patience and apologize for any inconvienience. We will have your free money some way or another. \n\nHashtag: Spell check it yourself.
2017-06-23 01:08:46 #announcements @CaptainJim#5590: @​everyone Join Wojak's session for cash
2017-06-23 01:10:30 #announcements @CaptainJim#5590: @​everyone If you didn't hear me or you can't read. Join Wojak's session for cash. We're getting ready to go right now. \n\nhint: If you couldn't read then this still wouldn't make sense.... L... O.....L
2017-06-23 01:42:28 #announcements @DawnGODDAMNMYPICTURESDON'TWORK#5970: @​everyone i'm joining
