2017-06-03 03:59:04 #bot @VyrenGames#3859: $cogs
2017-06-03 03:59:04 #bot @Red Magician#9411: ```diff\n+ Loaded\nalias, audio, customcom, datadog, dota, downloader, drawing, economy, fetch, games, general, getfortune, image, lib_calebj, massdm, mod, owner, reactpoll, redportal, rndstatus, roller, serverquotes, steam, streams, survey, trivia, whoplays\n\n- Unloaded\nquotes\n```
2017-06-03 04:05:39 #bot @VyrenGames#3859: $games
2017-06-03 04:06:55 #bot @VyrenGames#3859: $cgames
2017-06-03 04:06:55 #bot @Red Magician#9411: 
2017-06-03 04:07:13 #bot @VyrenGames#3859: $whoplays
2017-06-03 04:07:13 #bot @Red Magician#9411: ```\n$whoplays <game>\n\nShows a list of all the people playing a game.\n\n```
2017-06-03 04:07:28 #bot @VyrenGames#3859: $whoplays Grand Theft Auto V
2017-06-03 04:07:28 #bot @Red Magician#9411: 
2017-06-03 04:08:06 #bot @VyrenGames#3859: $help
2017-06-03 04:08:10 #bot @VyrenGames#3859: $games
2017-06-03 04:08:14 #bot @VyrenGames#3859: $game
2017-06-03 04:10:48 #bot @VyrenGames#3859: $restart
2017-06-03 04:10:48 #bot @Red Magician#9411: Restarting...
2017-06-03 04:11:00 #bot @VyrenGames#3859: $restart
2017-06-03 04:11:00 #bot @Red Magician#9411: Restarting...
2017-06-03 04:12:01 #bot @VyrenGames#3859: $bank
2017-06-03 04:12:01 #bot @Red Magician#9411: ```\n$bank\n\nBank operations\n\nCommands:\n  balance  Shows balance of user.\n  register Registers an account at the Twentysix bank\n  reset    Deletes all server's bank accounts\n  set      Sets credits of user's bank account. See help for more operations\n  transfer Transfer credits to other users\n\nType $bank command for more info on a command.\nYou can also type $bank category for more info on a category.\n```
2017-06-03 04:12:23 #bot @VyrenGames#3859: $balance
2017-06-03 22:35:09 #bot @VyrenGames#3859: $cogs
2017-06-03 22:35:09 #bot @Red Magician#9411: ```diff\n+ Loaded\nalias, audio, customcom, datadog, dota, downloader, drawing, economy, fetch, games, general, getfortune, image, lib_calebj, massdm, mod, owner, reactpoll, redportal, rndstatus, roller, serverquotes, steam, streams, survey, trivia, whoplays\n\n- Unloaded\nquotes\n```
2017-06-03 22:35:15 #bot @VyrenGames#3859: $commands
2017-06-04 00:17:23 #bot @VyrenGames#3859: games
2017-06-04 00:17:26 #bot @VyrenGames#3859: $games
2017-06-04 00:17:26 #bot @Red Magician#9411: ```Most popular games played on S N C E\n\n1    Grand Theft Auto V\n```
2017-06-04 00:18:43 #bot @VyrenGames#3859: Grand Theft Auto V
2017-06-04 00:19:24 #bot @VyrenGames#3859: $whoplays Grand Theft Auto V
2017-06-04 00:19:24 #bot @Red Magician#9411: 
2017-06-04 22:34:29 #bot @VyrenGames#3859: $games
2017-06-04 22:34:29 #bot @Red Magician#9411: ```Most popular games played on The Disciples of SCIENCE\n\n1    Grand Theft Auto V\n2    Dirty Bomb\n3    Guild Wars 2\n4    Overwatch \n5    Rust      \n6    DOOM      \n7    PlanetSide 2\n```
2017-06-08 14:20:43 #bot @VyrenGames#3859: $cgames
2017-06-08 14:20:43 #bot @Red Magician#9411: 
2017-06-08 17:53:58 #bot @VyrenGames#3859: $games
2017-06-08 17:53:58 #bot @Red Magician#9411: ```Most popular games played on The Disciples of SCIENCE\n\n1    Google Chrome\n2    Eclipse   \n3    Grand Theft Auto V\n4    Rust      \n5    Guild Wars 2\n6    Dirty Bomb\n7    Geometry Dash\n8    Borderlands: the Pre-Sequel\n9    Overwatch \n10   rustdedicated\n```
2017-06-15 01:16:06 #bot @VyrenGames#3859: $modset modlog #mod-log
2017-06-15 01:16:06 #bot @Red Magician#9411: Mod events will be sent to #mod-log
2017-06-15 01:16:24 #bot @VyrenGames#3859: $modset cases cmute on
2017-06-15 01:16:24 #bot @Red Magician#9411: Case creation for channel mute actions is now enabled.
2017-06-15 01:19:30 #bot @VyrenGames#3859: $modset hierarchy
2017-06-15 01:19:30 #bot @Red Magician#9411: Role hierarchy will be checked when moderation commands are issued.
2017-06-15 15:46:46 #bot @VyrenGames#3859: $addquote
2017-06-15 15:46:46 #bot @Red Magician#9411: ```\n$addquote <message> [author]\n\nAdds a quote to the server quote list. The quote must be enclosed\nin "double quotes". If a member mention or name is the last argument,\nthe quote will be stored as theirs. If not, the last argument will\nbe stored as the quote's author. If left empty, "Unknown" is used.\n\n```
2017-06-23 15:41:10 #bot @VyrenGames#3859: $logfetch server 256597937533091842
2017-06-23 15:41:10 #bot @Red Magician#9411: #announcements: fetched 74 messages.\n#mod-log: fetched 2 messages.\n#member: fetched 14194 messages.\n#music: initializing...\n#all-chat: pending\n#bot: pending
